#
# There is insufficient memory for the Java Runtime Environment to continue.
# Native memory allocation (malloc) failed to allocate 1708496 bytes. Error detail: Chunk::new
# Possible reasons:
#   The system is out of physical RAM or swap space
#   This process is running with CompressedOops enabled, and the Java Heap may be blocking the growth of the native heap
# Possible solutions:
#   Reduce memory load on the system
#   Increase physical memory or swap space
#   Check if swap backing store is full
#   Decrease Java heap size (-Xmx/-Xms)
#   Decrease number of Java threads
#   Decrease Java thread stack sizes (-Xss)
#   Set larger code cache with -XX:ReservedCodeCacheSize=
#   JVM is running with Unscaled Compressed Oops mode in which the Java heap is
#     placed in the first 4GB address space. The Java Heap base address is the
#     maximum limit for the native heap growth. Please use -XX:HeapBaseMinAddress
#     to set the Java Heap base and to place the Java Heap above 4GB virtual address.
# This output file may be truncated or incomplete.
#
#  Out of Memory Error (arena.cpp:168), pid=15804, tid=1836
#
# JRE version: OpenJDK Runtime Environment Temurin-21.0.7+6 (21.0.7+6) (build 21.0.7+6-LTS)
# Java VM: OpenJDK 64-Bit Server VM Temurin-21.0.7+6 (21.0.7+6-LTS, mixed mode, sharing, tiered, compressed oops, compressed class ptrs, parallel gc, windows-amd64)
# No core dump will be written. Minidumps are not enabled by default on client versions of Windows
#

---------------  S U M M A R Y ------------

Command Line: --add-modules=ALL-SYSTEM --add-opens=java.base/java.util=ALL-UNNAMED --add-opens=java.base/java.lang=ALL-UNNAMED --add-opens=java.base/sun.nio.fs=ALL-UNNAMED -Declipse.application=org.eclipse.jdt.ls.core.id1 -Dosgi.bundles.defaultStartLevel=4 -Declipse.product=org.eclipse.jdt.ls.core.product -Djava.import.generatesMetadataFilesAtProjectRoot=false -DDetectVMInstallationsJob.disabled=true -Dfile.encoding=utf8 -XX:+UseParallelGC -XX:GCTimeRatio=4 -XX:AdaptiveSizePolicyWeight=90 -Dsun.zip.disableMemoryMapping=true -Xmx2G -Xms100m -Xlog:disable -javaagent:c:\Users\PC\.vscode\extensions\redhat.java-1.43.1-win32-x64\lombok\lombok-1.18.39-4050.jar -XX:+HeapDumpOnOutOfMemoryError -XX:HeapDumpPath=c:\Users\PC\AppData\Roaming\Code\User\workspaceStorage\73074d77ffb52986d968374123969e44\redhat.java -Daether.dependencyCollector.impl=bf c:\Users\PC\.vscode\extensions\redhat.java-1.43.1-win32-x64\server\plugins\org.eclipse.equinox.launcher_1.7.0.v20250519-0528.jar -configuration c:\Users\PC\AppData\Roaming\Code\User\globalStorage\redhat.java\1.43.1\config_win -data c:\Users\PC\AppData\Roaming\Code\User\workspaceStorage\73074d77ffb52986d968374123969e44\redhat.java\jdt_ws --pipe=\\.\pipe\lsp-7b0cf9f0b4a890904b4a7c817349756d-sock

Host: Intel(R) Core(TM) i7-5600U CPU @ 2.60GHz, 4 cores, 7G,  Windows 10 , 64 bit Build 19041 (10.0.19041.5915)
Time: Thu Jul  3 11:31:18 2025 Maroc (heure d64 bit Build 19041 (10.0.19041.5915) elapsed time: 528.779464 seconds (0d 0h 8m 48s)

---------------  T H R E A D  ---------------

Current thread (0x000001da76ef5000):  JavaThread "C2 CompilerThread0" daemon [_thread_in_native, id=1836, stack(0x000000c9bc900000,0x000000c9bca00000) (1024K)]


Current CompileTask:
C2:528779 14535       4       org.eclipse.jdt.internal.compiler.lookup.LookupEnvironment::getAnalysisAnnotationBit (323 bytes)

Stack: [0x000000c9bc900000,0x000000c9bca00000]
Native frames: (J=compiled Java code, j=interpreted, Vv=VM code, C=native code)
V  [jvm.dll+0x6ce119]
V  [jvm.dll+0x8a84a1]
V  [jvm.dll+0x8aa9ce]
V  [jvm.dll+0x8ab0b3]
V  [jvm.dll+0x27f8a6]
V  [jvm.dll+0xc507d]
V  [jvm.dll+0xc55b3]
V  [jvm.dll+0x3b68f2]
V  [jvm.dll+0x382aa5]
V  [jvm.dll+0x381f0a]
V  [jvm.dll+0x247af0]
V  [jvm.dll+0x2470cf]
V  [jvm.dll+0x1c760e]
V  [jvm.dll+0x25695a]
V  [jvm.dll+0x254efa]
V  [jvm.dll+0x3f03f6]
V  [jvm.dll+0x851f6b]
V  [jvm.dll+0x6cc7dd]
C  [ucrtbase.dll+0x21bb2]
C  [KERNEL32.DLL+0x17374]
C  [ntdll.dll+0x4cc91]


---------------  P R O C E S S  ---------------

Threads class SMR info:
_java_thread_list=0x000001da41dd1da0, length=34, elements={
0x000001da60511930, 0x000001da76ee96b0, 0x000001da76eecf20, 0x000001da76eee820,
0x000001da76eef9b0, 0x000001da76ef1770, 0x000001da76ef41d0, 0x000001da76ef5000,
0x000001da76f6a3d0, 0x000001da76fbde20, 0x000001da77d25020, 0x000001da7c3d2500,
0x000001da7c057b00, 0x000001da7c03ab70, 0x000001da7c03b1d0, 0x000001da7c0548e0,
0x000001da7c0b36b0, 0x000001da7c553cd0, 0x000001da7c552290, 0x000001da7c554360,
0x000001da7c551570, 0x000001da7c552920, 0x000001da7c552fb0, 0x000001da419a2fc0,
0x000001da419a0ef0, 0x000001da419a1580, 0x000001da419a1c10, 0x000001da419a22a0,
0x000001da419a3650, 0x000001da419a2930, 0x000001da7c553640, 0x000001da7c550ee0,
0x000001da7c551c00, 0x000001da419a3ce0
}

Java Threads: ( => current thread )
  0x000001da60511930 JavaThread "main"                              [_thread_blocked, id=9156, stack(0x000000c9bbf00000,0x000000c9bc000000) (1024K)]
  0x000001da76ee96b0 JavaThread "Reference Handler"          daemon [_thread_blocked, id=8556, stack(0x000000c9bc300000,0x000000c9bc400000) (1024K)]
  0x000001da76eecf20 JavaThread "Finalizer"                  daemon [_thread_blocked, id=2200, stack(0x000000c9bc400000,0x000000c9bc500000) (1024K)]
  0x000001da76eee820 JavaThread "Signal Dispatcher"          daemon [_thread_blocked, id=14348, stack(0x000000c9bc500000,0x000000c9bc600000) (1024K)]
  0x000001da76eef9b0 JavaThread "Attach Listener"            daemon [_thread_blocked, id=5804, stack(0x000000c9bc600000,0x000000c9bc700000) (1024K)]
  0x000001da76ef1770 JavaThread "Service Thread"             daemon [_thread_blocked, id=1920, stack(0x000000c9bc700000,0x000000c9bc800000) (1024K)]
  0x000001da76ef41d0 JavaThread "Monitor Deflation Thread"   daemon [_thread_blocked, id=2528, stack(0x000000c9bc800000,0x000000c9bc900000) (1024K)]
=>0x000001da76ef5000 JavaThread "C2 CompilerThread0"         daemon [_thread_in_native, id=1836, stack(0x000000c9bc900000,0x000000c9bca00000) (1024K)]
  0x000001da76f6a3d0 JavaThread "C1 CompilerThread0"         daemon [_thread_blocked, id=2004, stack(0x000000c9bca00000,0x000000c9bcb00000) (1024K)]
  0x000001da76fbde20 JavaThread "Common-Cleaner"             daemon [_thread_blocked, id=17672, stack(0x000000c9bcb00000,0x000000c9bcc00000) (1024K)]
  0x000001da77d25020 JavaThread "Notification Thread"        daemon [_thread_blocked, id=15528, stack(0x000000c9bcc00000,0x000000c9bcd00000) (1024K)]
  0x000001da7c3d2500 JavaThread "Active Thread: Equinox Container: 2741d9d9-01c3-401a-bc1b-b0a53eafc929"        [_thread_blocked, id=8448, stack(0x000000c9bcd00000,0x000000c9bce00000) (1024K)]
  0x000001da7c057b00 JavaThread "Refresh Thread: Equinox Container: 2741d9d9-01c3-401a-bc1b-b0a53eafc929" daemon [_thread_blocked, id=9900, stack(0x000000c9bd100000,0x000000c9bd200000) (1024K)]
  0x000001da7c03ab70 JavaThread "Framework Event Dispatcher: Equinox Container: 2741d9d9-01c3-401a-bc1b-b0a53eafc929" daemon [_thread_blocked, id=3192, stack(0x000000c9bd200000,0x000000c9bd300000) (1024K)]
  0x000001da7c03b1d0 JavaThread "Start Level: Equinox Container: 2741d9d9-01c3-401a-bc1b-b0a53eafc929" daemon [_thread_blocked, id=18352, stack(0x000000c9bd300000,0x000000c9bd400000) (1024K)]
  0x000001da7c0548e0 JavaThread "Bundle File Closer"         daemon [_thread_blocked, id=8768, stack(0x000000c9bd500000,0x000000c9bd600000) (1024K)]
  0x000001da7c0b36b0 JavaThread "SCR Component Actor"        daemon [_thread_blocked, id=16832, stack(0x000000c9bd600000,0x000000c9bd700000) (1024K)]
  0x000001da7c553cd0 JavaThread "Worker-JM"                         [_thread_blocked, id=9968, stack(0x000000c9bd700000,0x000000c9bd800000) (1024K)]
  0x000001da7c552290 JavaThread "JNA Cleaner"                daemon [_thread_blocked, id=15728, stack(0x000000c9bd800000,0x000000c9bd900000) (1024K)]
  0x000001da7c554360 JavaThread "Worker-0"                          [_thread_blocked, id=3952, stack(0x000000c9bd900000,0x000000c9bda00000) (1024K)]
  0x000001da7c551570 JavaThread "Worker-2"                          [_thread_blocked, id=9184, stack(0x000000c9bdb00000,0x000000c9bdc00000) (1024K)]
  0x000001da7c552920 JavaThread "Java indexing"              daemon [_thread_blocked, id=15516, stack(0x000000c9bdd00000,0x000000c9bde00000) (1024K)]
  0x000001da7c552fb0 JavaThread "Thread-2"                   daemon [_thread_in_native, id=12780, stack(0x000000c9be100000,0x000000c9be200000) (1024K)]
  0x000001da419a2fc0 JavaThread "Thread-3"                   daemon [_thread_in_native, id=1168, stack(0x000000c9be200000,0x000000c9be300000) (1024K)]
  0x000001da419a0ef0 JavaThread "Thread-4"                   daemon [_thread_in_native, id=9332, stack(0x000000c9be300000,0x000000c9be400000) (1024K)]
  0x000001da419a1580 JavaThread "Thread-5"                   daemon [_thread_in_native, id=12328, stack(0x000000c9be400000,0x000000c9be500000) (1024K)]
  0x000001da419a1c10 JavaThread "Thread-6"                   daemon [_thread_in_native, id=17136, stack(0x000000c9be500000,0x000000c9be600000) (1024K)]
  0x000001da419a22a0 JavaThread "pool-2-thread-1"                   [_thread_blocked, id=13704, stack(0x000000c9be600000,0x000000c9be700000) (1024K)]
  0x000001da419a3650 JavaThread "WorkspaceEventsHandler"            [_thread_blocked, id=15928, stack(0x000000c9bdf00000,0x000000c9be000000) (1024K)]
  0x000001da419a2930 JavaThread "pool-1-thread-1"                   [_thread_blocked, id=17340, stack(0x000000c9be700000,0x000000c9be800000) (1024K)]
  0x000001da7c553640 JavaThread "ForkJoinPool.commonPool-worker-4" daemon [_thread_blocked, id=12020, stack(0x000000c9bbd00000,0x000000c9bbe00000) (1024K)]
  0x000001da7c550ee0 JavaThread "ForkJoinPool.commonPool-worker-5" daemon [_thread_blocked, id=19140, stack(0x000000c9bbe00000,0x000000c9bbf00000) (1024K)]
  0x000001da7c551c00 JavaThread "ForkJoinPool.commonPool-worker-6" daemon [_thread_blocked, id=1080, stack(0x000000c9bd400000,0x000000c9bd500000) (1024K)]
  0x000001da419a3ce0 JavaThread "Cleaner-0"                  daemon [_thread_blocked, id=17904, stack(0x000000c9bdc00000,0x000000c9bdd00000) (1024K)]
Total: 34

Other Threads:
  0x000001da76ede950 VMThread "VM Thread"                           [id=7272, stack(0x000000c9bc200000,0x000000c9bc300000) (1024K)]
  0x000001da6057db60 WatcherThread "VM Periodic Task Thread"        [id=4940, stack(0x000000c9bc100000,0x000000c9bc200000) (1024K)]
  0x000001da60531030 WorkerThread "GC Thread#0"                     [id=13632, stack(0x000000c9bc000000,0x000000c9bc100000) (1024K)]
  0x000001da77edb910 WorkerThread "GC Thread#1"                     [id=17336, stack(0x000000c9bce00000,0x000000c9bcf00000) (1024K)]
  0x000001da7c3a98f0 WorkerThread "GC Thread#2"                     [id=17208, stack(0x000000c9bcf00000,0x000000c9bd000000) (1024K)]
  0x000001da7c3a9c90 WorkerThread "GC Thread#3"                     [id=10832, stack(0x000000c9bd000000,0x000000c9bd100000) (1024K)]
Total: 6

Threads with active compile tasks:
C2 CompilerThread0  528926 14535       4       org.eclipse.jdt.internal.compiler.lookup.LookupEnvironment::getAnalysisAnnotationBit (323 bytes)
Total: 1

VM state: not at safepoint (normal execution)

VM Mutex/Monitor currently owned by a thread: None

Heap address: 0x0000000080000000, size: 2048 MB, Compressed Oops mode: 32-bit

CDS archive(s) mapped at: [0x000001da00000000-0x000001da00ba0000-0x000001da00ba0000), size 12189696, SharedBaseAddress: 0x000001da00000000, ArchiveRelocationMode: 1.
Compressed class space mapped at: 0x000001da01000000-0x000001da41000000, reserved size: 1073741824
Narrow klass base: 0x000001da00000000, Narrow klass shift: 0, Narrow klass range: 0x100000000

GC Precious Log:
 CardTable entry size: 512
 CPUs: 4 total, 4 available
 Memory: 8071M
 Large Page Support: Disabled
 NUMA Support: Disabled
 Compressed Oops: Enabled (32-bit)
 Alignments: Space 512K, Generation 512K, Heap 2M
 Heap Min Capacity: 100M
 Heap Initial Capacity: 100M
 Heap Max Capacity: 2G
 Pre-touch: Disabled
 Parallel Workers: 4

Heap:
 PSYoungGen      total 3584K, used 687K [0x00000000d5580000, 0x00000000d5a00000, 0x0000000100000000)
  eden space 3072K, 17% used [0x00000000d5580000,0x00000000d5603fc0,0x00000000d5880000)
  from space 512K, 31% used [0x00000000d5980000,0x00000000d59a8000,0x00000000d5a00000)
  to   space 512K, 0% used [0x00000000d5900000,0x00000000d5900000,0x00000000d5980000)
 ParOldGen       total 850944K, used 850714K [0x0000000080000000, 0x00000000b3f00000, 0x00000000d5580000)
  object space 850944K, 99% used [0x0000000080000000,0x00000000b3ec69f8,0x00000000b3f00000)
 Metaspace       used 73831K, committed 75520K, reserved 1179648K
  class space    used 7481K, committed 8256K, reserved 1048576K

Card table byte_map: [0x000001da5fee0000,0x000001da602f0000] _byte_map_base: 0x000001da5fae0000

Marking Bits: (ParMarkBitMap*) 0x00007ffc779d31f0
 Begin Bits: [0x000001da729c0000, 0x000001da749c0000)
 End Bits:   [0x000001da749c0000, 0x000001da769c0000)

Polling page: 0x000001da5e580000

Metaspace:

Usage:
  Non-class:     64.79 MB used.
      Class:      7.31 MB used.
       Both:     72.10 MB used.

Virtual space:
  Non-class space:      128.00 MB reserved,      65.69 MB ( 51%) committed,  2 nodes.
      Class space:        1.00 GB reserved,       8.06 MB ( <1%) committed,  1 nodes.
             Both:        1.12 GB reserved,      73.75 MB (  6%) committed. 

Chunk freelists:
   Non-Class:  14.32 MB
       Class:  7.79 MB
        Both:  22.12 MB

MaxMetaspaceSize: unlimited
CompressedClassSpaceSize: 1.00 GB
Initial GC threshold: 21.00 MB
Current GC threshold: 97.31 MB
CDS: on
 - commit_granule_bytes: 65536.
 - commit_granule_words: 8192.
 - virtual_space_node_default_size: 8388608.
 - enlarge_chunks_in_place: 1.
 - use_allocation_guard: 0.


Internal statistics:

num_allocs_failed_limit: 9.
num_arena_births: 1366.
num_arena_deaths: 14.
num_vsnodes_births: 3.
num_vsnodes_deaths: 0.
num_space_committed: 1180.
num_space_uncommitted: 0.
num_chunks_returned_to_freelist: 23.
num_chunks_taken_from_freelist: 4890.
num_chunk_merges: 13.
num_chunk_splits: 3000.
num_chunks_enlarged: 1740.
num_inconsistent_stats: 0.

CodeHeap 'non-profiled nmethods': size=120000Kb used=13680Kb max_used=13680Kb free=106319Kb
 bounds [0x000001da6b1e0000, 0x000001da6bf40000, 0x000001da72710000]
CodeHeap 'profiled nmethods': size=120000Kb used=34213Kb max_used=34213Kb free=85786Kb
 bounds [0x000001da63710000, 0x000001da65880000, 0x000001da6ac40000]
CodeHeap 'non-nmethods': size=5760Kb used=1475Kb max_used=1558Kb free=4284Kb
 bounds [0x000001da6ac40000, 0x000001da6aeb0000, 0x000001da6b1e0000]
 total_blobs=14476 nmethods=13680 adapters=701
 compilation: enabled
              stopped_count=0, restarted_count=0
 full_count=0

Compilation events (20 events):
Event: 528.023 Thread 0x000001da76f6a3d0 14543   !   3       jdk.internal.reflect.MethodHandleBooleanFieldAccessorImpl::getBoolean (44 bytes)
Event: 528.023 Thread 0x000001da76f6a3d0 nmethod 14543 0x000001da6586ed90 code [0x000001da6586f000, 0x000001da6586f9f8]
Event: 528.024 Thread 0x000001da76f6a3d0 14544   !   3       org.eclipse.jdt.core.dom.Annotation::getTypeName (61 bytes)
Event: 528.025 Thread 0x000001da76f6a3d0 nmethod 14544 0x000001da6586ff10 code [0x000001da658701a0, 0x000001da65870d88]
Event: 528.025 Thread 0x000001da76f6a3d0 14545       1       org.eclipse.lsp4j.CodeAction::getKind (5 bytes)
Event: 528.025 Thread 0x000001da76f6a3d0 nmethod 14545 0x000001da6bf3bb90 code [0x000001da6bf3bd20, 0x000001da6bf3bde8]
Event: 528.025 Thread 0x000001da76f6a3d0 14546       1       org.eclipse.jdt.ls.core.internal.handlers.CodeActionHandler$CodeActionData::getPriority (5 bytes)
Event: 528.025 Thread 0x000001da76f6a3d0 nmethod 14546 0x000001da6bf3be90 code [0x000001da6bf3c020, 0x000001da6bf3c0e8]
Event: 528.125 Thread 0x000001da76f6a3d0 14547       3       org.eclipse.jdt.ls.core.internal.CancellableProgressMonitor::done (10 bytes)
Event: 528.125 Thread 0x000001da76f6a3d0 nmethod 14547 0x000001da65871490 code [0x000001da65871640, 0x000001da658717a8]
Event: 528.130 Thread 0x000001da76f6a3d0 14548   !   3       org.eclipse.jdt.core.dom.MethodDeclaration::getReturnType2 (82 bytes)
Event: 528.132 Thread 0x000001da76f6a3d0 nmethod 14548 0x000001da65871890 code [0x000001da65871b40, 0x000001da65872810]
Event: 528.132 Thread 0x000001da76f6a3d0 14549   !   3       org.eclipse.jdt.core.dom.MethodDeclaration::getName (60 bytes)
Event: 528.133 Thread 0x000001da76f6a3d0 nmethod 14549 0x000001da65873010 code [0x000001da65873280, 0x000001da65873d58]
Event: 528.134 Thread 0x000001da76f6a3d0 14550       3       org.eclipse.jdt.internal.compiler.lookup.ReferenceBinding::computeGenericTypeSignature (221 bytes)
Event: 528.136 Thread 0x000001da76f6a3d0 nmethod 14550 0x000001da65874410 code [0x000001da65874760, 0x000001da658758e8]
Event: 528.139 Thread 0x000001da76f6a3d0 14551       3       org.eclipse.jdt.internal.core.BinaryType::getMethod (7 bytes)
Event: 528.139 Thread 0x000001da76f6a3d0 nmethod 14551 0x000001da65875f10 code [0x000001da658760c0, 0x000001da65876280]
Event: 528.139 Thread 0x000001da76f6a3d0 14552       3       org.eclipse.jdt.internal.core.BinaryMethod::<init> (9 bytes)
Event: 528.139 Thread 0x000001da76f6a3d0 nmethod 14552 0x000001da65876390 code [0x000001da65876560, 0x000001da658768f0]

GC Heap History (20 events):
Event: 487.440 GC heap before
{Heap before GC invocations=1354 (full 3):
 PSYoungGen      total 3072K, used 2874K [0x00000000d5580000, 0x00000000d5900000, 0x0000000100000000)
  eden space 2560K, 100% used [0x00000000d5580000,0x00000000d5800000,0x00000000d5800000)
  from space 512K, 61% used [0x00000000d5880000,0x00000000d58ce900,0x00000000d5900000)
  to   space 512K, 0% used [0x00000000d5800000,0x00000000d5800000,0x00000000d5880000)
 ParOldGen       total 848896K, used 848835K [0x0000000080000000, 0x00000000b3d00000, 0x00000000d5580000)
  object space 848896K, 99% used [0x0000000080000000,0x00000000b3cf0fd8,0x00000000b3d00000)
 Metaspace       used 73544K, committed 75136K, reserved 1179648K
  class space    used 7468K, committed 8192K, reserved 1048576K
}
Event: 487.443 GC heap after
{Heap after GC invocations=1354 (full 3):
 PSYoungGen      total 3072K, used 448K [0x00000000d5580000, 0x00000000d5900000, 0x0000000100000000)
  eden space 2560K, 0% used [0x00000000d5580000,0x00000000d5580000,0x00000000d5800000)
  from space 512K, 87% used [0x00000000d5800000,0x00000000d5870000,0x00000000d5880000)
  to   space 512K, 0% used [0x00000000d5880000,0x00000000d5880000,0x00000000d5900000)
 ParOldGen       total 849408K, used 849016K [0x0000000080000000, 0x00000000b3d80000, 0x00000000d5580000)
  object space 849408K, 99% used [0x0000000080000000,0x00000000b3d1e1d8,0x00000000b3d80000)
 Metaspace       used 73544K, committed 75136K, reserved 1179648K
  class space    used 7468K, committed 8192K, reserved 1048576K
}
Event: 487.467 GC heap before
{Heap before GC invocations=1355 (full 3):
 PSYoungGen      total 3072K, used 3008K [0x00000000d5580000, 0x00000000d5900000, 0x0000000100000000)
  eden space 2560K, 100% used [0x00000000d5580000,0x00000000d5800000,0x00000000d5800000)
  from space 512K, 87% used [0x00000000d5800000,0x00000000d5870000,0x00000000d5880000)
  to   space 512K, 0% used [0x00000000d5880000,0x00000000d5880000,0x00000000d5900000)
 ParOldGen       total 849408K, used 849016K [0x0000000080000000, 0x00000000b3d80000, 0x00000000d5580000)
  object space 849408K, 99% used [0x0000000080000000,0x00000000b3d1e1d8,0x00000000b3d80000)
 Metaspace       used 73621K, committed 75264K, reserved 1179648K
  class space    used 7474K, committed 8256K, reserved 1048576K
}
Event: 487.473 GC heap after
{Heap after GC invocations=1355 (full 3):
 PSYoungGen      total 3072K, used 244K [0x00000000d5580000, 0x00000000d5900000, 0x0000000100000000)
  eden space 2560K, 0% used [0x00000000d5580000,0x00000000d5580000,0x00000000d5800000)
  from space 512K, 47% used [0x00000000d5880000,0x00000000d58bd200,0x00000000d5900000)
  to   space 512K, 0% used [0x00000000d5800000,0x00000000d5800000,0x00000000d5880000)
 ParOldGen       total 849408K, used 849056K [0x0000000080000000, 0x00000000b3d80000, 0x00000000d5580000)
  object space 849408K, 99% used [0x0000000080000000,0x00000000b3d281d8,0x00000000b3d80000)
 Metaspace       used 73621K, committed 75264K, reserved 1179648K
  class space    used 7474K, committed 8256K, reserved 1048576K
}
Event: 487.477 GC heap before
{Heap before GC invocations=1356 (full 3):
 PSYoungGen      total 3072K, used 2804K [0x00000000d5580000, 0x00000000d5900000, 0x0000000100000000)
  eden space 2560K, 100% used [0x00000000d5580000,0x00000000d5800000,0x00000000d5800000)
  from space 512K, 47% used [0x00000000d5880000,0x00000000d58bd200,0x00000000d5900000)
  to   space 512K, 0% used [0x00000000d5800000,0x00000000d5800000,0x00000000d5880000)
 ParOldGen       total 849408K, used 849056K [0x0000000080000000, 0x00000000b3d80000, 0x00000000d5580000)
  object space 849408K, 99% used [0x0000000080000000,0x00000000b3d281d8,0x00000000b3d80000)
 Metaspace       used 73621K, committed 75264K, reserved 1179648K
  class space    used 7474K, committed 8256K, reserved 1048576K
}
Event: 487.481 GC heap after
{Heap after GC invocations=1356 (full 3):
 PSYoungGen      total 3072K, used 384K [0x00000000d5580000, 0x00000000d5980000, 0x0000000100000000)
  eden space 2560K, 0% used [0x00000000d5580000,0x00000000d5580000,0x00000000d5800000)
  from space 512K, 75% used [0x00000000d5800000,0x00000000d5860000,0x00000000d5880000)
  to   space 512K, 0% used [0x00000000d5900000,0x00000000d5900000,0x00000000d5980000)
 ParOldGen       total 849408K, used 849209K [0x0000000080000000, 0x00000000b3d80000, 0x00000000d5580000)
  object space 849408K, 99% used [0x0000000080000000,0x00000000b3d4e5d8,0x00000000b3d80000)
 Metaspace       used 73621K, committed 75264K, reserved 1179648K
  class space    used 7474K, committed 8256K, reserved 1048576K
}
Event: 487.558 GC heap before
{Heap before GC invocations=1357 (full 3):
 PSYoungGen      total 3072K, used 2944K [0x00000000d5580000, 0x00000000d5980000, 0x0000000100000000)
  eden space 2560K, 100% used [0x00000000d5580000,0x00000000d5800000,0x00000000d5800000)
  from space 512K, 75% used [0x00000000d5800000,0x00000000d5860000,0x00000000d5880000)
  to   space 512K, 0% used [0x00000000d5900000,0x00000000d5900000,0x00000000d5980000)
 ParOldGen       total 849408K, used 849209K [0x0000000080000000, 0x00000000b3d80000, 0x00000000d5580000)
  object space 849408K, 99% used [0x0000000080000000,0x00000000b3d4e5d8,0x00000000b3d80000)
 Metaspace       used 73665K, committed 75328K, reserved 1179648K
  class space    used 7480K, committed 8256K, reserved 1048576K
}
Event: 487.561 GC heap after
{Heap after GC invocations=1357 (full 3):
 PSYoungGen      total 3584K, used 436K [0x00000000d5580000, 0x00000000d5980000, 0x0000000100000000)
  eden space 3072K, 0% used [0x00000000d5580000,0x00000000d5580000,0x00000000d5880000)
  from space 512K, 85% used [0x00000000d5900000,0x00000000d596d200,0x00000000d5980000)
  to   space 512K, 0% used [0x00000000d5880000,0x00000000d5880000,0x00000000d5900000)
 ParOldGen       total 849920K, used 849537K [0x0000000080000000, 0x00000000b3e00000, 0x00000000d5580000)
  object space 849920K, 99% used [0x0000000080000000,0x00000000b3da05d8,0x00000000b3e00000)
 Metaspace       used 73665K, committed 75328K, reserved 1179648K
  class space    used 7480K, committed 8256K, reserved 1048576K
}
Event: 487.637 GC heap before
{Heap before GC invocations=1358 (full 3):
 PSYoungGen      total 3584K, used 3508K [0x00000000d5580000, 0x00000000d5980000, 0x0000000100000000)
  eden space 3072K, 100% used [0x00000000d5580000,0x00000000d5880000,0x00000000d5880000)
  from space 512K, 85% used [0x00000000d5900000,0x00000000d596d200,0x00000000d5980000)
  to   space 512K, 0% used [0x00000000d5880000,0x00000000d5880000,0x00000000d5900000)
 ParOldGen       total 849920K, used 849537K [0x0000000080000000, 0x00000000b3e00000, 0x00000000d5580000)
  object space 849920K, 99% used [0x0000000080000000,0x00000000b3da05d8,0x00000000b3e00000)
 Metaspace       used 73669K, committed 75328K, reserved 1179648K
  class space    used 7480K, committed 8256K, reserved 1048576K
}
Event: 487.641 GC heap after
{Heap after GC invocations=1358 (full 3):
 PSYoungGen      total 3584K, used 500K [0x00000000d5580000, 0x00000000d5a80000, 0x0000000100000000)
  eden space 3072K, 0% used [0x00000000d5580000,0x00000000d5580000,0x00000000d5880000)
  from space 512K, 97% used [0x00000000d5880000,0x00000000d58fd200,0x00000000d5900000)
  to   space 1024K, 0% used [0x00000000d5980000,0x00000000d5980000,0x00000000d5a80000)
 ParOldGen       total 850432K, used 849933K [0x0000000080000000, 0x00000000b3e80000, 0x00000000d5580000)
  object space 850432K, 99% used [0x0000000080000000,0x00000000b3e037e8,0x00000000b3e80000)
 Metaspace       used 73669K, committed 75328K, reserved 1179648K
  class space    used 7480K, committed 8256K, reserved 1048576K
}
Event: 527.357 GC heap before
{Heap before GC invocations=1359 (full 3):
 PSYoungGen      total 3584K, used 3572K [0x00000000d5580000, 0x00000000d5a80000, 0x0000000100000000)
  eden space 3072K, 100% used [0x00000000d5580000,0x00000000d5880000,0x00000000d5880000)
  from space 512K, 97% used [0x00000000d5880000,0x00000000d58fd200,0x00000000d5900000)
  to   space 1024K, 0% used [0x00000000d5980000,0x00000000d5980000,0x00000000d5a80000)
 ParOldGen       total 850432K, used 849933K [0x0000000080000000, 0x00000000b3e80000, 0x00000000d5580000)
  object space 850432K, 99% used [0x0000000080000000,0x00000000b3e037e8,0x00000000b3e80000)
 Metaspace       used 73719K, committed 75392K, reserved 1179648K
  class space    used 7480K, committed 8256K, reserved 1048576K
}
Event: 527.361 GC heap after
{Heap after GC invocations=1359 (full 3):
 PSYoungGen      total 4096K, used 340K [0x00000000d5580000, 0x00000000d5a80000, 0x0000000100000000)
  eden space 3072K, 0% used [0x00000000d5580000,0x00000000d5580000,0x00000000d5880000)
  from space 1024K, 33% used [0x00000000d5980000,0x00000000d59d5200,0x00000000d5a80000)
  to   space 1024K, 0% used [0x00000000d5880000,0x00000000d5880000,0x00000000d5980000)
 ParOldGen       total 850432K, used 849981K [0x0000000080000000, 0x00000000b3e80000, 0x00000000d5580000)
  object space 850432K, 99% used [0x0000000080000000,0x00000000b3e0f7e8,0x00000000b3e80000)
 Metaspace       used 73719K, committed 75392K, reserved 1179648K
  class space    used 7480K, committed 8256K, reserved 1048576K
}
Event: 527.386 GC heap before
{Heap before GC invocations=1360 (full 3):
 PSYoungGen      total 4096K, used 3412K [0x00000000d5580000, 0x00000000d5a80000, 0x0000000100000000)
  eden space 3072K, 100% used [0x00000000d5580000,0x00000000d5880000,0x00000000d5880000)
  from space 1024K, 33% used [0x00000000d5980000,0x00000000d59d5200,0x00000000d5a80000)
  to   space 1024K, 0% used [0x00000000d5880000,0x00000000d5880000,0x00000000d5980000)
 ParOldGen       total 850432K, used 849981K [0x0000000080000000, 0x00000000b3e80000, 0x00000000d5580000)
  object space 850432K, 99% used [0x0000000080000000,0x00000000b3e0f7e8,0x00000000b3e80000)
 Metaspace       used 73720K, committed 75456K, reserved 1179648K
  class space    used 7480K, committed 8256K, reserved 1048576K
}
Event: 527.388 GC heap after
{Heap after GC invocations=1360 (full 3):
 PSYoungGen      total 4096K, used 592K [0x00000000d5580000, 0x00000000d5a80000, 0x0000000100000000)
  eden space 3072K, 0% used [0x00000000d5580000,0x00000000d5580000,0x00000000d5880000)
  from space 1024K, 57% used [0x00000000d5880000,0x00000000d5914010,0x00000000d5980000)
  to   space 1024K, 0% used [0x00000000d5980000,0x00000000d5980000,0x00000000d5a80000)
 ParOldGen       total 850432K, used 850162K [0x0000000080000000, 0x00000000b3e80000, 0x00000000d5580000)
  object space 850432K, 99% used [0x0000000080000000,0x00000000b3e3c9e8,0x00000000b3e80000)
 Metaspace       used 73720K, committed 75456K, reserved 1179648K
  class space    used 7480K, committed 8256K, reserved 1048576K
}
Event: 527.412 GC heap before
{Heap before GC invocations=1361 (full 3):
 PSYoungGen      total 4096K, used 3664K [0x00000000d5580000, 0x00000000d5a80000, 0x0000000100000000)
  eden space 3072K, 100% used [0x00000000d5580000,0x00000000d5880000,0x00000000d5880000)
  from space 1024K, 57% used [0x00000000d5880000,0x00000000d5914010,0x00000000d5980000)
  to   space 1024K, 0% used [0x00000000d5980000,0x00000000d5980000,0x00000000d5a80000)
 ParOldGen       total 850432K, used 850162K [0x0000000080000000, 0x00000000b3e80000, 0x00000000d5580000)
  object space 850432K, 99% used [0x0000000080000000,0x00000000b3e3c9e8,0x00000000b3e80000)
 Metaspace       used 73720K, committed 75456K, reserved 1179648K
  class space    used 7480K, committed 8256K, reserved 1048576K
}
Event: 527.414 GC heap after
{Heap after GC invocations=1361 (full 3):
 PSYoungGen      total 4096K, used 500K [0x00000000d5580000, 0x00000000d5a80000, 0x0000000100000000)
  eden space 3072K, 0% used [0x00000000d5580000,0x00000000d5580000,0x00000000d5880000)
  from space 1024K, 48% used [0x00000000d5980000,0x00000000d59fd200,0x00000000d5a80000)
  to   space 1024K, 0% used [0x00000000d5880000,0x00000000d5880000,0x00000000d5980000)
 ParOldGen       total 850944K, used 850674K [0x0000000080000000, 0x00000000b3f00000, 0x00000000d5580000)
  object space 850944K, 99% used [0x0000000080000000,0x00000000b3ebc9f8,0x00000000b3f00000)
 Metaspace       used 73720K, committed 75456K, reserved 1179648K
  class space    used 7480K, committed 8256K, reserved 1048576K
}
Event: 527.972 GC heap before
{Heap before GC invocations=1362 (full 3):
 PSYoungGen      total 4096K, used 3572K [0x00000000d5580000, 0x00000000d5a80000, 0x0000000100000000)
  eden space 3072K, 100% used [0x00000000d5580000,0x00000000d5880000,0x00000000d5880000)
  from space 1024K, 48% used [0x00000000d5980000,0x00000000d59fd200,0x00000000d5a80000)
  to   space 1024K, 0% used [0x00000000d5880000,0x00000000d5880000,0x00000000d5980000)
 ParOldGen       total 850944K, used 850674K [0x0000000080000000, 0x00000000b3f00000, 0x00000000d5580000)
  object space 850944K, 99% used [0x0000000080000000,0x00000000b3ebc9f8,0x00000000b3f00000)
 Metaspace       used 73764K, committed 75456K, reserved 1179648K
  class space    used 7480K, committed 8256K, reserved 1048576K
}
Event: 527.974 GC heap after
{Heap after GC invocations=1362 (full 3):
 PSYoungGen      total 4096K, used 154K [0x00000000d5580000, 0x00000000d5a00000, 0x0000000100000000)
  eden space 3072K, 0% used [0x00000000d5580000,0x00000000d5580000,0x00000000d5880000)
  from space 1024K, 15% used [0x00000000d5880000,0x00000000d58a6900,0x00000000d5980000)
  to   space 512K, 0% used [0x00000000d5980000,0x00000000d5980000,0x00000000d5a00000)
 ParOldGen       total 850944K, used 850682K [0x0000000080000000, 0x00000000b3f00000, 0x00000000d5580000)
  object space 850944K, 99% used [0x0000000080000000,0x00000000b3ebe9f8,0x00000000b3f00000)
 Metaspace       used 73764K, committed 75456K, reserved 1179648K
  class space    used 7480K, committed 8256K, reserved 1048576K
}
Event: 528.015 GC heap before
{Heap before GC invocations=1363 (full 3):
 PSYoungGen      total 4096K, used 3226K [0x00000000d5580000, 0x00000000d5a00000, 0x0000000100000000)
  eden space 3072K, 100% used [0x00000000d5580000,0x00000000d5880000,0x00000000d5880000)
  from space 1024K, 15% used [0x00000000d5880000,0x00000000d58a6900,0x00000000d5980000)
  to   space 512K, 0% used [0x00000000d5980000,0x00000000d5980000,0x00000000d5a00000)
 ParOldGen       total 850944K, used 850682K [0x0000000080000000, 0x00000000b3f00000, 0x00000000d5580000)
  object space 850944K, 99% used [0x0000000080000000,0x00000000b3ebe9f8,0x00000000b3f00000)
 Metaspace       used 73818K, committed 75520K, reserved 1179648K
  class space    used 7480K, committed 8256K, reserved 1048576K
}
Event: 528.017 GC heap after
{Heap after GC invocations=1363 (full 3):
 PSYoungGen      total 3584K, used 160K [0x00000000d5580000, 0x00000000d5a00000, 0x0000000100000000)
  eden space 3072K, 0% used [0x00000000d5580000,0x00000000d5580000,0x00000000d5880000)
  from space 512K, 31% used [0x00000000d5980000,0x00000000d59a8000,0x00000000d5a00000)
  to   space 512K, 0% used [0x00000000d5900000,0x00000000d5900000,0x00000000d5980000)
 ParOldGen       total 850944K, used 850714K [0x0000000080000000, 0x00000000b3f00000, 0x00000000d5580000)
  object space 850944K, 99% used [0x0000000080000000,0x00000000b3ec69f8,0x00000000b3f00000)
 Metaspace       used 73818K, committed 75520K, reserved 1179648K
  class space    used 7480K, committed 8256K, reserved 1048576K
}

Dll operation events (10 events):
Event: 0.027 Loaded shared library c:\Users\PC\.vscode\extensions\redhat.java-1.43.1-win32-x64\jre\21.0.7-win32-x86_64\bin\java.dll
Event: 0.601 Loaded shared library c:\Users\PC\.vscode\extensions\redhat.java-1.43.1-win32-x64\jre\21.0.7-win32-x86_64\bin\zip.dll
Event: 0.692 Loaded shared library C:\Users\PC\.vscode\extensions\redhat.java-1.43.1-win32-x64\jre\21.0.7-win32-x86_64\bin\instrument.dll
Event: 0.705 Loaded shared library C:\Users\PC\.vscode\extensions\redhat.java-1.43.1-win32-x64\jre\21.0.7-win32-x86_64\bin\net.dll
Event: 0.715 Loaded shared library C:\Users\PC\.vscode\extensions\redhat.java-1.43.1-win32-x64\jre\21.0.7-win32-x86_64\bin\nio.dll
Event: 0.727 Loaded shared library C:\Users\PC\.vscode\extensions\redhat.java-1.43.1-win32-x64\jre\21.0.7-win32-x86_64\bin\zip.dll
Event: 0.826 Loaded shared library C:\Users\PC\.vscode\extensions\redhat.java-1.43.1-win32-x64\jre\21.0.7-win32-x86_64\bin\jimage.dll
Event: 1.114 Loaded shared library c:\Users\PC\.vscode\extensions\redhat.java-1.43.1-win32-x64\jre\21.0.7-win32-x86_64\bin\verify.dll
Event: 5.573 Loaded shared library C:\Users\PC\AppData\Roaming\Code\User\globalStorage\redhat.java\1.43.1\config_win\org.eclipse.equinox.launcher\org.eclipse.equinox.launcher.win32.win32.x86_64_1.2.1300.v20250331-1702\eclipse_11911.dll
Event: 9.405 Loaded shared library C:\Users\PC\AppData\Local\Temp\jna-1612920241\jna16190618753770903125.dll

Deoptimization events (20 events):
Event: 487.491 Thread 0x000001da7c551c00 Uncommon trap: reason=unstable_if action=reinterpret pc=0x000001da6bee1574 method=org.jsoup.parser.CharacterReader.bufferUp()V @ 4 c2
Event: 487.491 Thread 0x000001da7c550ee0 Uncommon trap: reason=unstable_if action=reinterpret pc=0x000001da6bee1574 method=org.jsoup.parser.CharacterReader.bufferUp()V @ 4 c2
Event: 487.491 Thread 0x000001da7c551c00 DEOPT PACKING pc=0x000001da6bee1574 sp=0x000000c9bd4fe3e0
Event: 487.491 Thread 0x000001da7c550ee0 DEOPT PACKING pc=0x000001da6bee1574 sp=0x000000c9bbefe7e0
Event: 487.491 Thread 0x000001da7c550ee0 DEOPT UNPACKING pc=0x000001da6ac93aa2 sp=0x000000c9bbefe768 mode 2
Event: 487.491 Thread 0x000001da7c551c00 DEOPT UNPACKING pc=0x000001da6ac93aa2 sp=0x000000c9bd4fe368 mode 2
Event: 487.493 Thread 0x000001da7c550ee0 Uncommon trap: trap_request=0xffffffe4 fr.pc=0x000001da6bbe36bc relative=0x000000000000009c
Event: 487.493 Thread 0x000001da7c551c00 Uncommon trap: trap_request=0xffffffe4 fr.pc=0x000001da6bbe36bc relative=0x000000000000009c
Event: 487.493 Thread 0x000001da7c550ee0 Uncommon trap: reason=range_check action=make_not_entrant pc=0x000001da6bbe36bc method=org.eclipse.jdt.internal.compiler.parser.Scanner.getNextChar()I @ 16 c2
Event: 487.493 Thread 0x000001da7c551c00 Uncommon trap: reason=range_check action=make_not_entrant pc=0x000001da6bbe36bc method=org.eclipse.jdt.internal.compiler.parser.Scanner.getNextChar()I @ 16 c2
Event: 487.493 Thread 0x000001da7c550ee0 DEOPT PACKING pc=0x000001da6bbe36bc sp=0x000000c9bbefe8f0
Event: 487.493 Thread 0x000001da7c551c00 DEOPT PACKING pc=0x000001da6bbe36bc sp=0x000000c9bd4fe4f0
Event: 487.493 Thread 0x000001da7c550ee0 DEOPT UNPACKING pc=0x000001da6ac93aa2 sp=0x000000c9bbefe870 mode 2
Event: 487.493 Thread 0x000001da7c551c00 DEOPT UNPACKING pc=0x000001da6ac93aa2 sp=0x000000c9bd4fe470 mode 2
Event: 502.535 Thread 0x000001da7c550ee0 DEOPT PACKING pc=0x000001da65737858 sp=0x000000c9bbefe5c0
Event: 502.535 Thread 0x000001da7c550ee0 DEOPT UNPACKING pc=0x000001da6ac94242 sp=0x000000c9bbefda80 mode 0
Event: 527.958 Thread 0x000001da7c551c00 Uncommon trap: trap_request=0xffffffc6 fr.pc=0x000001da6baca028 relative=0x00000000000001c8
Event: 527.958 Thread 0x000001da7c551c00 Uncommon trap: reason=bimorphic_or_optimized_type_check action=maybe_recompile pc=0x000001da6baca028 method=java.util.stream.ReduceOps$ReduceOp.evaluateSequential(Ljava/util/stream/PipelineHelper;Ljava/util/Spliterator;)Ljava/lang/Object; @ 2 c2
Event: 527.958 Thread 0x000001da7c551c00 DEOPT PACKING pc=0x000001da6baca028 sp=0x000000c9bd4fe7c0
Event: 527.958 Thread 0x000001da7c551c00 DEOPT UNPACKING pc=0x000001da6ac93aa2 sp=0x000000c9bd4fe740 mode 2

Classes loaded (20 events):
Event: 324.960 Loading class java/util/stream/Nodes$CollectorTask done
Event: 324.960 Loading class java/util/stream/Nodes$CollectorTask$OfRef done
Event: 324.961 Loading class java/util/function/LongFunction
Event: 324.961 Loading class java/util/function/LongFunction done
Event: 324.961 Loading class java/util/stream/Nodes$ConcNode
Event: 324.961 Loading class java/util/stream/Nodes$AbstractConcNode
Event: 324.962 Loading class java/util/stream/Nodes$AbstractConcNode done
Event: 324.962 Loading class java/util/stream/Nodes$ConcNode done
Event: 324.970 Loading class java/io/ObjectOutputStream$BlockDataOutputStream
Event: 324.971 Loading class java/io/ObjectOutputStream$BlockDataOutputStream done
Event: 324.971 Loading class java/io/ObjectOutputStream$HandleTable
Event: 324.971 Loading class java/io/ObjectOutputStream$HandleTable done
Event: 324.971 Loading class java/io/ObjectOutputStream$ReplaceTable
Event: 324.971 Loading class java/io/ObjectOutputStream$ReplaceTable done
Event: 459.991 Loading class jdk/internal/ref/CleanerImpl$InnocuousThreadFactory
Event: 459.992 Loading class jdk/internal/ref/CleanerImpl$InnocuousThreadFactory done
Event: 486.758 Loading class java/io/CharArrayReader
Event: 486.758 Loading class java/io/CharArrayReader done
Event: 486.759 Loading class java/util/regex/Pattern$Bound
Event: 486.759 Loading class java/util/regex/Pattern$Bound done

Classes unloaded (7 events):
Event: 11.305 Thread 0x000001da76ede950 Unloading class 0x000001da011a5000 'java/lang/invoke/LambdaForm$MH+0x000001da011a5000'
Event: 11.305 Thread 0x000001da76ede950 Unloading class 0x000001da011a4c00 'java/lang/invoke/LambdaForm$MH+0x000001da011a4c00'
Event: 11.305 Thread 0x000001da76ede950 Unloading class 0x000001da011a4800 'java/lang/invoke/LambdaForm$MH+0x000001da011a4800'
Event: 11.305 Thread 0x000001da76ede950 Unloading class 0x000001da011a4400 'java/lang/invoke/LambdaForm$MH+0x000001da011a4400'
Event: 11.305 Thread 0x000001da76ede950 Unloading class 0x000001da011a4000 'java/lang/invoke/LambdaForm$BMH+0x000001da011a4000'
Event: 11.305 Thread 0x000001da76ede950 Unloading class 0x000001da011a3c00 'java/lang/invoke/LambdaForm$DMH+0x000001da011a3c00'
Event: 11.305 Thread 0x000001da76ede950 Unloading class 0x000001da011a2800 'java/lang/invoke/LambdaForm$DMH+0x000001da011a2800'

Classes redefined (0 events):
No events

Internal exceptions (20 events):
Event: 87.214 Thread 0x000001da7e89c150 Exception <a 'sun/nio/fs/WindowsException'{0x00000000d56da0e0}> (0x00000000d56da0e0) 
thrown [s\src\hotspot\share\prims\jni.cpp, line 520]
Event: 87.233 Thread 0x000001da7e89c150 Exception <a 'sun/nio/fs/WindowsException'{0x00000000d57af710}> (0x00000000d57af710) 
thrown [s\src\hotspot\share\prims\jni.cpp, line 520]
Event: 87.233 Thread 0x000001da7e89c150 Exception <a 'sun/nio/fs/WindowsException'{0x00000000d57b0260}> (0x00000000d57b0260) 
thrown [s\src\hotspot\share\prims\jni.cpp, line 520]
Event: 325.014 Thread 0x000001da7c551570 Exception <a 'java/lang/NoSuchMethodError'{0x00000000d55d6070}: static [J.<clinit>()V> (0x00000000d55d6070) 
thrown [s\src\hotspot\share\prims\jni.cpp, line 1111]
Event: 325.022 Thread 0x000001da7c551570 Exception <a 'java/lang/NoSuchMethodError'{0x00000000d560e790}: 'java.lang.Object java.lang.invoke.DirectMethodHandle$Holder.newInvokeSpecial(java.lang.Object, java.lang.Object, java.lang.Object, java.lang.Object, java.lang.Object, java.lang.Object, java.lang.Object, java.lang.Object)'> (0x00000000d560e790) 
thrown [s\src\hotspot\share\interpreter\linkResolver.cpp, line 773]
Event: 458.642 Thread 0x000001da419a2930 Exception <a 'java/lang/IncompatibleClassChangeError'{0x00000000d56f8028}: Found class java.lang.Object, but interface was expected> (0x00000000d56f8028) 
thrown [s\src\hotspot\share\interpreter\linkResolver.cpp, line 840]
Event: 459.199 Thread 0x000001da419a2930 Exception <a 'java/lang/IncompatibleClassChangeError'{0x00000000d56e6a98}: Found class java.lang.Object, but interface was expected> (0x00000000d56e6a98) 
thrown [s\src\hotspot\share\interpreter\linkResolver.cpp, line 840]
Event: 459.742 Thread 0x000001da419a2930 Exception <a 'java/lang/IncompatibleClassChangeError'{0x00000000d56ba410}: Found class java.lang.Object, but interface was expected> (0x00000000d56ba410) 
thrown [s\src\hotspot\share\interpreter\linkResolver.cpp, line 840]
Event: 460.887 Thread 0x000001da7c553640 Exception <a 'java/lang/NoSuchMethodError'{0x00000000d566c598}: 'java.lang.Object java.lang.invoke.DirectMethodHandle$Holder.newInvokeSpecial(java.lang.Object, java.lang.Object, int, java.lang.Object, java.lang.Object, java.lang.Object, java.lang.Object)'> (0x00000000d566c598) 
thrown [s\src\hotspot\share\interpreter\linkResolver.cpp, line 773]
Event: 460.893 Thread 0x000001da7c553640 Exception <a 'java/lang/NoSuchMethodError'{0x00000000d567e7a0}: 'java.lang.Object java.lang.invoke.DirectMethodHandle$Holder.invokeStatic(java.lang.Object, int, java.lang.Object, java.lang.Object, java.lang.Object, java.lang.Object)'> (0x00000000d567e7a0) 
thrown [s\src\hotspot\share\interpreter\linkResolver.cpp, line 773]
Event: 462.118 Thread 0x000001da419a2930 Exception <a 'java/lang/IncompatibleClassChangeError'{0x00000000d56438d0}: Found class java.lang.Object, but interface was expected> (0x00000000d56438d0) 
thrown [s\src\hotspot\share\interpreter\linkResolver.cpp, line 840]
Event: 462.126 Thread 0x000001da7c553640 Exception <a 'java/lang/NoSuchMethodError'{0x00000000d566ade0}: 'java.lang.Object java.lang.invoke.DirectMethodHandle$Holder.invokeStatic(java.lang.Object, int, int, java.lang.Object)'> (0x00000000d566ade0) 
thrown [s\src\hotspot\share\interpreter\linkResolver.cpp, line 773]
Event: 462.182 Thread 0x000001da7c553640 Exception <a 'java/lang/NoSuchMethodError'{0x00000000d55ea2b8}: 'java.lang.Object java.lang.invoke.DirectMethodHandle$Holder.invokeStatic(java.lang.Object, int, java.lang.Object)'> (0x00000000d55ea2b8) 
thrown [s\src\hotspot\share\interpreter\linkResolver.cpp, line 773]
Event: 478.735 Thread 0x000001da419a2930 Exception <a 'java/lang/IncompatibleClassChangeError'{0x00000000d5689e80}: Found class java.lang.Object, but interface was expected> (0x00000000d5689e80) 
thrown [s\src\hotspot\share\interpreter\linkResolver.cpp, line 840]
Event: 479.271 Thread 0x000001da7c553640 Exception <a 'java/lang/NoSuchMethodError'{0x00000000d55d6190}: 'java.lang.Object java.lang.invoke.DirectMethodHandle$Holder.invokeSpecial(java.lang.Object, java.lang.Object, java.lang.Object, java.lang.Object, int, java.lang.Object, java.lang.Object)'> (0x00000000d55d6190) 
thrown [s\src\hotspot\share\interpreter\linkResolver.cpp, line 773]
Event: 486.050 Thread 0x000001da7c551c00 Implicit null exception at 0x000001da6be74420 to 0x000001da6be74858
Event: 487.008 Thread 0x000001da7c551c00 Exception <a 'java/lang/ClassNotFoundException'{0x00000000d569aaf8}: sun/net/www/protocol/jdt/Handler> (0x00000000d569aaf8) 
thrown [s\src\hotspot\share\classfile\systemDictionary.cpp, line 312]
Event: 487.008 Thread 0x000001da7c551c00 Exception <a 'java/lang/ClassNotFoundException'{0x00000000d569d8b8}: sun/net/www/protocol/jdt/Handler> (0x00000000d569d8b8) 
thrown [s\src\hotspot\share\classfile\systemDictionary.cpp, line 312]
Event: 487.493 Thread 0x000001da7c551c00 Exception <a 'java/lang/ArrayIndexOutOfBoundsException'{0x00000000d5679340}: Index 2 out of bounds for length 2> (0x00000000d5679340) 
thrown [s\src\hotspot\share\interpreter\interpreterRuntime.cpp, line 439]
Event: 487.493 Thread 0x000001da7c550ee0 Exception <a 'java/lang/ArrayIndexOutOfBoundsException'{0x00000000d567df18}: Index 2 out of bounds for length 2> (0x00000000d567df18) 
thrown [s\src\hotspot\share\interpreter\interpreterRuntime.cpp, line 439]

ZGC Phase Switch (0 events):
No events

VM Operations (20 events):
Event: 487.477 Executing VM operation: ParallelGCFailedAllocation (Allocation Failure)
Event: 487.481 Executing VM operation: ParallelGCFailedAllocation (Allocation Failure) done
Event: 487.551 Executing VM operation: ParallelGCFailedAllocation (Allocation Failure)
Event: 487.561 Executing VM operation: ParallelGCFailedAllocation (Allocation Failure) done
Event: 487.629 Executing VM operation: ParallelGCFailedAllocation (Allocation Failure)
Event: 487.641 Executing VM operation: ParallelGCFailedAllocation (Allocation Failure) done
Event: 488.646 Executing VM operation: Cleanup
Event: 488.646 Executing VM operation: Cleanup done
Event: 515.859 Executing VM operation: Cleanup
Event: 515.859 Executing VM operation: Cleanup done
Event: 527.357 Executing VM operation: ParallelGCFailedAllocation (Allocation Failure)
Event: 527.361 Executing VM operation: ParallelGCFailedAllocation (Allocation Failure) done
Event: 527.386 Executing VM operation: ParallelGCFailedAllocation (Allocation Failure)
Event: 527.388 Executing VM operation: ParallelGCFailedAllocation (Allocation Failure) done
Event: 527.411 Executing VM operation: ParallelGCFailedAllocation (Allocation Failure)
Event: 527.414 Executing VM operation: ParallelGCFailedAllocation (Allocation Failure) done
Event: 527.971 Executing VM operation: ParallelGCFailedAllocation (Allocation Failure)
Event: 527.974 Executing VM operation: ParallelGCFailedAllocation (Allocation Failure) done
Event: 528.014 Executing VM operation: ParallelGCFailedAllocation (Allocation Failure)
Event: 528.017 Executing VM operation: ParallelGCFailedAllocation (Allocation Failure) done

Memory protections (0 events):
No events

Nmethod flushes (20 events):
Event: 36.171 Thread 0x000001da76ede950 flushing  nmethod 0x000001da64077290
Event: 36.171 Thread 0x000001da76ede950 flushing  nmethod 0x000001da6407e190
Event: 36.171 Thread 0x000001da76ede950 flushing  nmethod 0x000001da6407e590
Event: 36.171 Thread 0x000001da76ede950 flushing  nmethod 0x000001da6407fc90
Event: 36.171 Thread 0x000001da76ede950 flushing  nmethod 0x000001da6408c910
Event: 36.171 Thread 0x000001da76ede950 flushing  nmethod 0x000001da640c4610
Event: 36.171 Thread 0x000001da76ede950 flushing  nmethod 0x000001da640c5290
Event: 36.171 Thread 0x000001da76ede950 flushing  nmethod 0x000001da640c6c90
Event: 36.171 Thread 0x000001da76ede950 flushing  nmethod 0x000001da640cdb90
Event: 36.171 Thread 0x000001da76ede950 flushing  nmethod 0x000001da640dd690
Event: 36.171 Thread 0x000001da76ede950 flushing  nmethod 0x000001da640fb010
Event: 36.171 Thread 0x000001da76ede950 flushing  nmethod 0x000001da640fe810
Event: 36.171 Thread 0x000001da76ede950 flushing  nmethod 0x000001da6411e990
Event: 36.171 Thread 0x000001da76ede950 flushing  nmethod 0x000001da6412a290
Event: 36.171 Thread 0x000001da76ede950 flushing  nmethod 0x000001da64160790
Event: 36.171 Thread 0x000001da76ede950 flushing  nmethod 0x000001da64161710
Event: 36.171 Thread 0x000001da76ede950 flushing  nmethod 0x000001da64162790
Event: 36.171 Thread 0x000001da76ede950 flushing  nmethod 0x000001da64162d90
Event: 36.171 Thread 0x000001da76ede950 flushing  nmethod 0x000001da64163610
Event: 36.171 Thread 0x000001da76ede950 flushing  nmethod 0x000001da64168c90

Events (20 events):
Event: 324.952 Thread 0x000001da7c551570 Thread added: 0x000001da7e89c150
Event: 324.963 Thread 0x000001da7e89c150 Thread exited: 0x000001da7e89c150
Event: 325.025 Thread 0x000001da76f6a3d0 Thread added: 0x000001da7eb3d020
Event: 329.947 Thread 0x000001da7e89bac0 Thread exited: 0x000001da7e89bac0
Event: 330.140 Thread 0x000001da7eb3d020 Thread exited: 0x000001da7eb3d020
Event: 333.330 Thread 0x000001da7e89c7e0 Thread exited: 0x000001da7e89c7e0
Event: 333.341 Thread 0x000001da7e89ce70 Thread exited: 0x000001da7e89ce70
Event: 333.363 Thread 0x000001da7e8a0980 Thread exited: 0x000001da7e8a0980
Event: 447.530 Thread 0x000001da419a2930 Thread added: 0x000001da7c553640
Event: 458.796 Thread 0x000001da419a2930 Thread added: 0x000001da7c550ee0
Event: 458.820 Thread 0x000001da7c553640 Thread added: 0x000001da7c551c00
Event: 459.010 Thread 0x000001da76f6a3d0 Thread added: 0x000001da4181c7e0
Event: 459.993 Thread 0x000001da7c553640 Thread added: 0x000001da419a3ce0
Event: 460.609 Thread 0x000001da4181c7e0 Thread exited: 0x000001da4181c7e0
Event: 484.973 Thread 0x000001da76f6a3d0 Thread added: 0x000001da4181c7e0
Event: 485.688 Thread 0x000001da4181c7e0 Thread exited: 0x000001da4181c7e0
Event: 486.013 Thread 0x000001da76f6a3d0 Thread added: 0x000001da41dfd430
Event: 492.680 Thread 0x000001da41dfd430 Thread exited: 0x000001da41dfd430
Event: 527.494 Thread 0x000001da76f6a3d0 Thread added: 0x000001da41dff640
Event: 527.701 Thread 0x000001da41dff640 Thread exited: 0x000001da41dff640


Dynamic libraries:
0x00007ff7be4c0000 - 0x00007ff7be4ce000 	c:\Users\PC\.vscode\extensions\redhat.java-1.43.1-win32-x64\jre\21.0.7-win32-x86_64\bin\java.exe
0x00007ffcfe990000 - 0x00007ffcfeb88000 	C:\Windows\SYSTEM32\ntdll.dll
0x00007ffcfd9d0000 - 0x00007ffcfda92000 	C:\Windows\System32\KERNEL32.DLL
0x00007ffcfc680000 - 0x00007ffcfc976000 	C:\Windows\System32\KERNELBASE.dll
0x00007ffcfc420000 - 0x00007ffcfc520000 	C:\Windows\System32\ucrtbase.dll
0x00007ffce9050000 - 0x00007ffce9068000 	c:\Users\PC\.vscode\extensions\redhat.java-1.43.1-win32-x64\jre\21.0.7-win32-x86_64\bin\jli.dll
0x00007ffcfd820000 - 0x00007ffcfd9bd000 	C:\Windows\System32\USER32.dll
0x00007ffcfc240000 - 0x00007ffcfc262000 	C:\Windows\System32\win32u.dll
0x00007ffcfdfe0000 - 0x00007ffcfe00b000 	C:\Windows\System32\GDI32.dll
0x00007ffcfc120000 - 0x00007ffcfc239000 	C:\Windows\System32\gdi32full.dll
0x00007ffcfc2f0000 - 0x00007ffcfc38d000 	C:\Windows\System32\msvcp_win.dll
0x00007ffce9030000 - 0x00007ffce904e000 	c:\Users\PC\.vscode\extensions\redhat.java-1.43.1-win32-x64\jre\21.0.7-win32-x86_64\bin\VCRUNTIME140.dll
0x00007ffced0b0000 - 0x00007ffced34a000 	C:\Windows\WinSxS\amd64_microsoft.windows.common-controls_6595b64144ccf1df_6.0.19041.5915_none_60b4b9d171f9c7c7\COMCTL32.dll
0x00007ffcfc9e0000 - 0x00007ffcfca7e000 	C:\Windows\System32\msvcrt.dll
0x00007ffcfc9b0000 - 0x00007ffcfc9df000 	C:\Windows\System32\IMM32.DLL
0x00007ffce9af0000 - 0x00007ffce9afc000 	c:\Users\PC\.vscode\extensions\redhat.java-1.43.1-win32-x64\jre\21.0.7-win32-x86_64\bin\vcruntime140_1.dll
0x00007ffce71b0000 - 0x00007ffce723d000 	c:\Users\PC\.vscode\extensions\redhat.java-1.43.1-win32-x64\jre\21.0.7-win32-x86_64\bin\msvcp140.dll
0x00007ffc76d20000 - 0x00007ffc77ab0000 	c:\Users\PC\.vscode\extensions\redhat.java-1.43.1-win32-x64\jre\21.0.7-win32-x86_64\bin\server\jvm.dll
0x00007ffcfe190000 - 0x00007ffcfe241000 	C:\Windows\System32\ADVAPI32.dll
0x00007ffcfe010000 - 0x00007ffcfe0af000 	C:\Windows\System32\sechost.dll
0x00007ffcfd1f0000 - 0x00007ffcfd313000 	C:\Windows\System32\RPCRT4.dll
0x00007ffcfc980000 - 0x00007ffcfc9a7000 	C:\Windows\System32\bcrypt.dll
0x00007ffcfe8e0000 - 0x00007ffcfe94b000 	C:\Windows\System32\WS2_32.dll
0x00007ffcfbe80000 - 0x00007ffcfbecb000 	C:\Windows\SYSTEM32\POWRPROF.dll
0x00007ffcf3de0000 - 0x00007ffcf3e07000 	C:\Windows\SYSTEM32\WINMM.dll
0x00007ffcf1be0000 - 0x00007ffcf1bea000 	C:\Windows\SYSTEM32\VERSION.dll
0x00007ffcfbe60000 - 0x00007ffcfbe72000 	C:\Windows\SYSTEM32\UMPDC.dll
0x00007ffcfa840000 - 0x00007ffcfa852000 	C:\Windows\SYSTEM32\kernel.appcore.dll
0x00007ffce9020000 - 0x00007ffce902a000 	c:\Users\PC\.vscode\extensions\redhat.java-1.43.1-win32-x64\jre\21.0.7-win32-x86_64\bin\jimage.dll
0x00007ffcec7d0000 - 0x00007ffcec9d1000 	C:\Windows\SYSTEM32\DBGHELP.DLL
0x00007ffce8df0000 - 0x00007ffce8e24000 	C:\Windows\SYSTEM32\dbgcore.DLL
0x00007ffcfc390000 - 0x00007ffcfc412000 	C:\Windows\System32\bcryptPrimitives.dll
0x00007ffce8e40000 - 0x00007ffce8e4f000 	c:\Users\PC\.vscode\extensions\redhat.java-1.43.1-win32-x64\jre\21.0.7-win32-x86_64\bin\instrument.dll
0x00007ffce8f00000 - 0x00007ffce8f1f000 	c:\Users\PC\.vscode\extensions\redhat.java-1.43.1-win32-x64\jre\21.0.7-win32-x86_64\bin\java.dll
0x00007ffcfca80000 - 0x00007ffcfd1ee000 	C:\Windows\System32\SHELL32.dll
0x00007ffcf9660000 - 0x00007ffcf9e04000 	C:\Windows\SYSTEM32\windows.storage.dll
0x00007ffcfe380000 - 0x00007ffcfe6d3000 	C:\Windows\System32\combase.dll
0x00007ffcfb980000 - 0x00007ffcfb9ab000 	C:\Windows\SYSTEM32\Wldp.dll
0x00007ffcfe250000 - 0x00007ffcfe31d000 	C:\Windows\System32\OLEAUT32.dll
0x00007ffcfe6e0000 - 0x00007ffcfe78d000 	C:\Windows\System32\SHCORE.dll
0x00007ffcfe130000 - 0x00007ffcfe18b000 	C:\Windows\System32\shlwapi.dll
0x00007ffcfbf50000 - 0x00007ffcfbf75000 	C:\Windows\SYSTEM32\profapi.dll
0x00007ffce8ee0000 - 0x00007ffce8ef8000 	c:\Users\PC\.vscode\extensions\redhat.java-1.43.1-win32-x64\jre\21.0.7-win32-x86_64\bin\zip.dll
0x00007ffce9c30000 - 0x00007ffce9c40000 	C:\Users\PC\.vscode\extensions\redhat.java-1.43.1-win32-x64\jre\21.0.7-win32-x86_64\bin\net.dll
0x00007ffcf3870000 - 0x00007ffcf397a000 	C:\Windows\SYSTEM32\WINHTTP.dll
0x00007ffcfb6e0000 - 0x00007ffcfb74a000 	C:\Windows\system32\mswsock.dll
0x00007ffce7ef0000 - 0x00007ffce7f06000 	C:\Users\PC\.vscode\extensions\redhat.java-1.43.1-win32-x64\jre\21.0.7-win32-x86_64\bin\nio.dll
0x00007ffce8e30000 - 0x00007ffce8e40000 	c:\Users\PC\.vscode\extensions\redhat.java-1.43.1-win32-x64\jre\21.0.7-win32-x86_64\bin\verify.dll
0x00007ffce7af0000 - 0x00007ffce7b35000 	C:\Users\PC\AppData\Roaming\Code\User\globalStorage\redhat.java\1.43.1\config_win\org.eclipse.equinox.launcher\org.eclipse.equinox.launcher.win32.win32.x86_64_1.2.1300.v20250331-1702\eclipse_11911.dll
0x00007ffcfdaa0000 - 0x00007ffcfdbcb000 	C:\Windows\System32\ole32.dll
0x00007ffcfb8e0000 - 0x00007ffcfb8f8000 	C:\Windows\SYSTEM32\CRYPTSP.dll
0x00007ffcfb000000 - 0x00007ffcfb038000 	C:\Windows\system32\rsaenh.dll
0x00007ffcfbed0000 - 0x00007ffcfbefe000 	C:\Windows\SYSTEM32\USERENV.dll
0x00007ffcfb8d0000 - 0x00007ffcfb8dc000 	C:\Windows\SYSTEM32\CRYPTBASE.dll
0x00007ffcfb3c0000 - 0x00007ffcfb3fb000 	C:\Windows\SYSTEM32\IPHLPAPI.DLL
0x00007ffcfe8d0000 - 0x00007ffcfe8d8000 	C:\Windows\System32\NSI.dll
0x00007ffce7390000 - 0x00007ffce73d9000 	C:\Users\PC\AppData\Local\Temp\jna-1612920241\jna16190618753770903125.dll
0x00007ffcfdec0000 - 0x00007ffcfdec8000 	C:\Windows\System32\PSAPI.DLL
0x00007ffcf4690000 - 0x00007ffcf46a7000 	C:\Windows\SYSTEM32\dhcpcsvc6.DLL
0x00007ffcf4ee0000 - 0x00007ffcf4efd000 	C:\Windows\SYSTEM32\dhcpcsvc.DLL

dbghelp: loaded successfully - version: 4.0.5 - missing functions: none
symbol engine: initialized successfully - sym options: 0x614 - pdb path: .;c:\Users\PC\.vscode\extensions\redhat.java-1.43.1-win32-x64\jre\21.0.7-win32-x86_64\bin;C:\Windows\SYSTEM32;C:\Windows\WinSxS\amd64_microsoft.windows.common-controls_6595b64144ccf1df_6.0.19041.5915_none_60b4b9d171f9c7c7;c:\Users\PC\.vscode\extensions\redhat.java-1.43.1-win32-x64\jre\21.0.7-win32-x86_64\bin\server;C:\Users\PC\AppData\Roaming\Code\User\globalStorage\redhat.java\1.43.1\config_win\org.eclipse.equinox.launcher\org.eclipse.equinox.launcher.win32.win32.x86_64_1.2.1300.v20250331-1702;C:\Users\PC\AppData\Local\Temp\jna-1612920241

VM Arguments:
jvm_args: --add-modules=ALL-SYSTEM --add-opens=java.base/java.util=ALL-UNNAMED --add-opens=java.base/java.lang=ALL-UNNAMED --add-opens=java.base/sun.nio.fs=ALL-UNNAMED -Declipse.application=org.eclipse.jdt.ls.core.id1 -Dosgi.bundles.defaultStartLevel=4 -Declipse.product=org.eclipse.jdt.ls.core.product -Djava.import.generatesMetadataFilesAtProjectRoot=false -DDetectVMInstallationsJob.disabled=true -Dfile.encoding=utf8 -XX:+UseParallelGC -XX:GCTimeRatio=4 -XX:AdaptiveSizePolicyWeight=90 -Dsun.zip.disableMemoryMapping=true -Xmx2G -Xms100m -Xlog:disable -javaagent:c:\Users\PC\.vscode\extensions\redhat.java-1.43.1-win32-x64\lombok\lombok-1.18.39-4050.jar -XX:+HeapDumpOnOutOfMemoryError -XX:HeapDumpPath=c:\Users\PC\AppData\Roaming\Code\User\workspaceStorage\73074d77ffb52986d968374123969e44\redhat.java -Daether.dependencyCollector.impl=bf 
java_command: c:\Users\PC\.vscode\extensions\redhat.java-1.43.1-win32-x64\server\plugins\org.eclipse.equinox.launcher_1.7.0.v20250519-0528.jar -configuration c:\Users\PC\AppData\Roaming\Code\User\globalStorage\redhat.java\1.43.1\config_win -data c:\Users\PC\AppData\Roaming\Code\User\workspaceStorage\73074d77ffb52986d968374123969e44\redhat.java\jdt_ws --pipe=\\.\pipe\lsp-7b0cf9f0b4a890904b4a7c817349756d-sock
java_class_path (initial): c:\Users\PC\.vscode\extensions\redhat.java-1.43.1-win32-x64\server\plugins\org.eclipse.equinox.launcher_1.7.0.v20250519-0528.jar
Launcher Type: SUN_STANDARD

[Global flags]
    uintx AdaptiveSizePolicyWeight                 = 90                                        {product} {command line}
     intx CICompilerCount                          = 3                                         {product} {ergonomic}
    uintx GCTimeRatio                              = 4                                         {product} {command line}
     bool HeapDumpOnOutOfMemoryError               = true                                   {manageable} {command line}
    ccstr HeapDumpPath                             = c:\Users\PC\AppData\Roaming\Code\User\workspaceStorage\73074d77ffb52986d968374123969e44\redhat.java         {manageable} {command line}
   size_t InitialHeapSize                          = 104857600                                 {product} {command line}
   size_t MaxHeapSize                              = 2147483648                                {product} {command line}
   size_t MaxNewSize                               = 715653120                                 {product} {ergonomic}
   size_t MinHeapDeltaBytes                        = 524288                                    {product} {ergonomic}
   size_t MinHeapSize                              = 104857600                                 {product} {command line}
   size_t NewSize                                  = 34603008                                  {product} {ergonomic}
    uintx NonNMethodCodeHeapSize                   = 5832780                                {pd product} {ergonomic}
    uintx NonProfiledCodeHeapSize                  = 122912730                              {pd product} {ergonomic}
   size_t OldSize                                  = 70254592                                  {product} {ergonomic}
    uintx ProfiledCodeHeapSize                     = 122912730                              {pd product} {ergonomic}
    uintx ReservedCodeCacheSize                    = 251658240                              {pd product} {ergonomic}
     bool SegmentedCodeCache                       = true                                      {product} {ergonomic}
   size_t SoftMaxHeapSize                          = 2147483648                             {manageable} {ergonomic}
     bool UseCompressedOops                        = true                           {product lp64_product} {ergonomic}
     bool UseLargePagesIndividualAllocation        = false                                  {pd product} {ergonomic}
     bool UseParallelGC                            = true                                      {product} {command line}

Logging:
Log output configuration:
 #0: stdout all=off uptime,level,tags foldmultilines=false
 #1: stderr all=off uptime,level,tags foldmultilines=false

Environment Variables:
PATH=C:\Program Files\Java\jdk17\bin\java.exe;G:\Eclipse\apache-maven-3.9.9-src\bin;F:\bin\;C:\app\nouhaila\product\21c\dbhomeXE\bin;C:\Program Files\Python39\Scripts\;C:\Program Files\Java\jdk17\bin;C:\Program Files\Python39\;C:\Windows\system32;C:\Windows;C:\Windows\System32\Wbem;C:\Windows\System32\WindowsPowerShell\v1.0\;C:\Windows\System32\OpenSSH\;C:\Program Files\Git\cmd;C:\Python27\Scripts;C:\Program Files\Microchip\xc8\v2.31\bin;C:\Program Files\MySQL\MySQL Server 8.0\bin;C:\Program Files\Graphviz\bin;C:\php-8.4.4;G:\Eclipse\apache-maven-3.9.9-src;G:\RTI\rti_connext_dds-7.3.0\lib\x64Win64VS2017;G:\flutter_windows_3.29.2-stable\flutter\bin;G:\AndroidStudio\Sdk;G:\AndroidStudio\Sdk\build-tools;G:\FlutterCache\PUB_CACHE;C:\Program Files\Docker\Docker\resources\bin;G:\Nodered\;C:\ProgramData\chocolatey\bin;G:\apache-maven-3.9.10-bin\apache-maven-3.9.10\bin;C:\Program Files\Java\jdk17\bin\java.exe;C:\Users\PC\AppData\Local\Programs\Python\Python312\Scripts\;C:\Users\PC\AppData\Local\Programs\Python\Python312\;C:\Users\PC\AppData\Local\Microsoft\WindowsApps;C:\Users\PC\AppData\Roaming\Microsoft\Windows\Start Menu\Programs\Python 3.12;C:\Users\PC\AppData\Roaming\Microsoft\Windows\Start Menu\Programs\Python 3.12;C:\Users\PC\AppData\Roaming\Microsoft\Windows\Start Menu\Programs\Python 3.12;C:\Users\PC\AppData\Roaming\Microsoft\Windows\Start Menu\Programs\Python 3.12;C:\Users\PC\AppData\Roaming\Microsoft\Windows\Start Menu\Programs\Python 3.12;C:\Users\PC\AppData\Roaming\Microsoft\Windows\Start Menu\Programs\Python 3.12;C:\Users\PC\Downloads\windows_10_cmake_Release_graphviz-install-12.0.0-win64.exe;C:\Program Files (x86)\Graphviz2.38\bin;C:\Program Files\Graphviz\bin;C:\app\Microsoft VS Code\bin;C:\Users\PC\AppData\Roaming\npm
USERNAME=nouhaila
OS=Windows_NT
PROCESSOR_IDENTIFIER=Intel64 Family 6 Model 61 Stepping 4, GenuineIntel
TMP=C:\Users\PC\AppData\Local\Temp
TEMP=C:\Users\PC\AppData\Local\Temp




Periodic native trim disabled

---------------  S Y S T E M  ---------------

OS:
 Windows 10 , 64 bit Build 19041 (10.0.19041.5915)
OS uptime: 1 days 0:22 hours

CPU: total 4 (initial active 4) (2 cores per cpu, 2 threads per core) family 6 model 61 stepping 4 microcode 0x2d, cx8, cmov, fxsr, ht, mmx, 3dnowpref, sse, sse2, sse3, ssse3, sse4.1, sse4.2, popcnt, lzcnt, tsc, tscinvbit, avx, avx2, aes, erms, clmul, bmi1, bmi2, rtm, adx, fma, vzeroupper, clflush, rdtscp, f16c
Processor Information for the first 4 processors :
  Max Mhz: 2594, Current Mhz: 2594, Mhz Limit: 2594

Memory: 4k page, system-wide physical 8071M (1070M free)
TotalPageFile size 19521M (AvailPageFile size 10M)
current process WorkingSet (physical memory assigned to process): 641M, peak: 1032M
current process commit charge ("private bytes"): 1156M, peak: 1158M

vm_info: OpenJDK 64-Bit Server VM (21.0.7+6-LTS) for windows-amd64 JRE (21.0.7+6-LTS), built on 2025-04-15T00:00:00Z by "admin" with MS VC++ 17.7 (VS2022)

END.
