#
# There is insufficient memory for the Java Runtime Environment to continue.
# Native memory allocation (malloc) failed to allocate 1131536 bytes. Error detail: Chunk::new
# Possible reasons:
#   The system is out of physical RAM or swap space
#   This process is running with CompressedOops enabled, and the Java Heap may be blocking the growth of the native heap
# Possible solutions:
#   Reduce memory load on the system
#   Increase physical memory or swap space
#   Check if swap backing store is full
#   Decrease Java heap size (-Xmx/-Xms)
#   Decrease number of Java threads
#   Decrease Java thread stack sizes (-Xss)
#   Set larger code cache with -XX:ReservedCodeCacheSize=
#   JVM is running with Unscaled Compressed Oops mode in which the Java heap is
#     placed in the first 4GB address space. The Java Heap base address is the
#     maximum limit for the native heap growth. Please use -XX:HeapBaseMinAddress
#     to set the Java Heap base and to place the Java Heap above 4GB virtual address.
# This output file may be truncated or incomplete.
#
#  Out of Memory Error (arena.cpp:191), pid=15512, tid=192
#
# JRE version: OpenJDK Runtime Environment Temurin-17.0.15+6 (17.0.15+6) (build 17.0.15+6)
# Java VM: OpenJDK 64-Bit Server VM Temurin-17.0.15+6 (17.0.15+6, mixed mode, sharing, tiered, compressed oops, compressed class ptrs, g1 gc, windows-amd64)
# No core dump will be written. Minidumps are not enabled by default on client versions of Windows
#

---------------  S U M M A R Y ------------

Command Line: --enable-native-access=ALL-UNNAMED -Dclassworlds.conf=C:\Users\PC\AppData\Roaming\Code\User\globalStorage\pleiades.java-extension-pack-jdk\maven\latest\bin\m2.conf -Dmaven.home=C:\Users\PC\AppData\Roaming\Code\User\globalStorage\pleiades.java-extension-pack-jdk\maven\latest -Dlibrary.jansi.path=C:\Users\PC\AppData\Roaming\Code\User\globalStorage\pleiades.java-extension-pack-jdk\maven\latest\lib\jansi-native -Dmaven.multiModuleProjectDirectory=G:\temperatureserver\temperatureserver org.codehaus.plexus.classworlds.launcher.Launcher spring-boot:run

Host: Intel(R) Core(TM) i7-5600U CPU @ 2.60GHz, 4 cores, 7G,  Windows 10 , 64 bit Build 19041 (10.0.19041.5915)
Time: Mon Jul  7 13:26:23 2025 Maroc (heure d64 bit Build 19041 (10.0.19041.5915) elapsed time: 21.642587 seconds (0d 0h 0m 21s)

---------------  T H R E A D  ---------------

Current thread (0x000001737dc24f10):  JavaThread "C2 CompilerThread1" daemon [_thread_in_native, id=192, stack(0x0000002a98500000,0x0000002a98600000)]


Current CompileTask:
C2:  21642 7582       4       com.sun.tools.javac.jvm.PoolReader::resolve (344 bytes)

Stack: [0x0000002a98500000,0x0000002a98600000]
Native frames: (J=compiled Java code, j=interpreted, Vv=VM code, C=native code)
V  [jvm.dll+0x682fc9]
V  [jvm.dll+0x839878]
V  [jvm.dll+0x83b323]
V  [jvm.dll+0x83b993]
V  [jvm.dll+0x24725f]
V  [jvm.dll+0xacea4]
V  [jvm.dll+0xad53c]
V  [jvm.dll+0x2aca8f]
V  [jvm.dll+0x589079]
V  [jvm.dll+0x2210b2]
V  [jvm.dll+0x2214af]
V  [jvm.dll+0x21a4b0]
V  [jvm.dll+0x21758b]
V  [jvm.dll+0x1a31b0]
V  [jvm.dll+0x227a9c]
V  [jvm.dll+0x225bfb]
V  [jvm.dll+0x7ef018]
V  [jvm.dll+0x7e94dc]
V  [jvm.dll+0x681ea7]
C  [ucrtbase.dll+0x21bb2]
C  [KERNEL32.DLL+0x17374]
C  [ntdll.dll+0x4cc91]


---------------  P R O C E S S  ---------------

Threads class SMR info:
_java_thread_list=0x0000017354332bb0, length=14, elements={
0x000001736dba2680, 0x000001737c6c6160, 0x000001737c6c6ef0, 0x000001737c6e0900,
0x000001737c6e13d0, 0x000001737c6e4dc0, 0x000001737c6e5690, 0x000001737c6e6340,
0x000001737c6e74a0, 0x000001737c74c030, 0x000001737c995b10, 0x000001737c9a1700,
0x000001737dbacb40, 0x000001737dc24f10
}

Java Threads: ( => current thread )
  0x000001736dba2680 JavaThread "main" [_thread_in_native, id=8400, stack(0x0000002a96d00000,0x0000002a96e00000)]
  0x000001737c6c6160 JavaThread "Reference Handler" daemon [_thread_blocked, id=1060, stack(0x0000002a97400000,0x0000002a97500000)]
  0x000001737c6c6ef0 JavaThread "Finalizer" daemon [_thread_blocked, id=17368, stack(0x0000002a97500000,0x0000002a97600000)]
  0x000001737c6e0900 JavaThread "Signal Dispatcher" daemon [_thread_blocked, id=16908, stack(0x0000002a97600000,0x0000002a97700000)]
  0x000001737c6e13d0 JavaThread "Attach Listener" daemon [_thread_blocked, id=9832, stack(0x0000002a97700000,0x0000002a97800000)]
  0x000001737c6e4dc0 JavaThread "Service Thread" daemon [_thread_blocked, id=2348, stack(0x0000002a97800000,0x0000002a97900000)]
  0x000001737c6e5690 JavaThread "Monitor Deflation Thread" daemon [_thread_blocked, id=9280, stack(0x0000002a97900000,0x0000002a97a00000)]
  0x000001737c6e6340 JavaThread "C2 CompilerThread0" daemon [_thread_in_native, id=15584, stack(0x0000002a97a00000,0x0000002a97b00000)]
  0x000001737c6e74a0 JavaThread "C1 CompilerThread0" daemon [_thread_blocked, id=17356, stack(0x0000002a97b00000,0x0000002a97c00000)]
  0x000001737c74c030 JavaThread "Sweeper thread" daemon [_thread_blocked, id=3932, stack(0x0000002a97c00000,0x0000002a97d00000)]
  0x000001737c995b10 JavaThread "Notification Thread" daemon [_thread_blocked, id=17392, stack(0x0000002a97d00000,0x0000002a97e00000)]
  0x000001737c9a1700 JavaThread "Common-Cleaner" daemon [_thread_blocked, id=15164, stack(0x0000002a97f00000,0x0000002a98000000)]
  0x000001737dbacb40 JavaThread "Thread-1" daemon [_thread_blocked, id=15560, stack(0x0000002a98400000,0x0000002a98500000)]
=>0x000001737dc24f10 JavaThread "C2 CompilerThread1" daemon [_thread_in_native, id=192, stack(0x0000002a98500000,0x0000002a98600000)]

Other Threads:
  0x000001737c6bf400 VMThread "VM Thread" [stack: 0x0000002a97300000,0x0000002a97400000] [id=7636]
  0x000001737c998c20 WatcherThread [stack: 0x0000002a97e00000,0x0000002a97f00000] [id=712]
  0x000001736dbfbc80 GCTaskThread "GC Thread#0" [stack: 0x0000002a96e00000,0x0000002a96f00000] [id=11056]
  0x000001737cd19fb0 GCTaskThread "GC Thread#1" [stack: 0x0000002a98000000,0x0000002a98100000] [id=5128]
  0x000001737d1ca4d0 GCTaskThread "GC Thread#2" [stack: 0x0000002a98100000,0x0000002a98200000] [id=4628]
  0x000001737d0967e0 GCTaskThread "GC Thread#3" [stack: 0x0000002a98200000,0x0000002a98300000] [id=5032]
  0x000001736dc0c810 ConcurrentGCThread "G1 Main Marker" [stack: 0x0000002a96f00000,0x0000002a97000000] [id=6356]
  0x000001736dc0d9d0 ConcurrentGCThread "G1 Conc#0" [stack: 0x0000002a97000000,0x0000002a97100000] [id=2004]
  0x000001737c5824c0 ConcurrentGCThread "G1 Refine#0" [stack: 0x0000002a97100000,0x0000002a97200000] [id=15212]
  0x000001737d096aa0 ConcurrentGCThread "G1 Refine#1" [stack: 0x0000002a98300000,0x0000002a98400000] [id=13200]
  0x000001737c582ef0 ConcurrentGCThread "G1 Service" [stack: 0x0000002a97200000,0x0000002a97300000] [id=14672]

Threads with active compile tasks:
C2 CompilerThread0    21721 7560   !   4       com.sun.tools.javac.code.Types$12::visitClassType (229 bytes)
C2 CompilerThread1    21722 7582       4       com.sun.tools.javac.jvm.PoolReader::resolve (344 bytes)

VM state: not at safepoint (normal execution)

VM Mutex/Monitor currently owned by a thread: None

Heap address: 0x0000000081e00000, size: 2018 MB, Compressed Oops mode: 32-bit

CDS archive(s) mapped at: [0x000001730f000000-0x000001730fbb0000-0x000001730fbb0000), size 12255232, SharedBaseAddress: 0x000001730f000000, ArchiveRelocationMode: 1.
Compressed class space mapped at: 0x0000017310000000-0x0000017350000000, reserved size: 1073741824
Narrow klass base: 0x000001730f000000, Narrow klass shift: 0, Narrow klass range: 0x100000000

GC Precious Log:
 CPUs: 4 total, 4 available
 Memory: 8071M
 Large Page Support: Disabled
 NUMA Support: Disabled
 Compressed Oops: Enabled (32-bit)
 Heap Region Size: 1M
 Heap Min Capacity: 8M
 Heap Initial Capacity: 128M
 Heap Max Capacity: 2018M
 Pre-touch: Disabled
 Parallel Workers: 4
 Concurrent Workers: 1
 Concurrent Refinement Workers: 4
 Periodic GC: Disabled

Heap:
 garbage-first heap   total 162816K, used 87908K [0x0000000081e00000, 0x0000000100000000)
  region size 1024K, 45 young (46080K), 4 survivors (4096K)
 Metaspace       used 30468K, committed 30784K, reserved 1114112K
  class space    used 3481K, committed 3584K, reserved 1048576K

Heap Regions: E=young(eden), S=young(survivor), O=old, HS=humongous(starts), HC=humongous(continues), CS=collection set, F=free, OA=open archive, CA=closed archive, TAMS=top-at-mark-start (previous, next)
|   0|0x0000000081e00000, 0x0000000081f00000, 0x0000000081f00000|100%| O|  |TAMS 0x0000000081f00000, 0x0000000081e00000| Untracked 
|   1|0x0000000081f00000, 0x0000000082000000, 0x0000000082000000|100%| O|  |TAMS 0x0000000082000000, 0x0000000081f00000| Untracked 
|   2|0x0000000082000000, 0x0000000082100000, 0x0000000082100000|100%| O|  |TAMS 0x0000000082100000, 0x0000000082000000| Untracked 
|   3|0x0000000082100000, 0x0000000082200000, 0x0000000082200000|100%| O|  |TAMS 0x0000000082200000, 0x0000000082100000| Untracked 
|   4|0x0000000082200000, 0x0000000082300000, 0x0000000082300000|100%|HS|  |TAMS 0x0000000082300000, 0x0000000082200000| Complete 
|   5|0x0000000082300000, 0x0000000082400000, 0x0000000082400000|100%|HC|  |TAMS 0x0000000082400000, 0x0000000082300000| Complete 
|   6|0x0000000082400000, 0x0000000082500000, 0x0000000082500000|100%|HS|  |TAMS 0x0000000082500000, 0x0000000082400000| Complete 
|   7|0x0000000082500000, 0x0000000082600000, 0x0000000082600000|100%|HS|  |TAMS 0x0000000082600000, 0x0000000082500000| Complete 
|   8|0x0000000082600000, 0x0000000082700000, 0x0000000082700000|100%| O|  |TAMS 0x0000000082700000, 0x0000000082600000| Untracked 
|   9|0x0000000082700000, 0x0000000082800000, 0x0000000082800000|100%| O|  |TAMS 0x0000000082800000, 0x0000000082700000| Untracked 
|  10|0x0000000082800000, 0x0000000082900000, 0x0000000082900000|100%| O|  |TAMS 0x0000000082900000, 0x0000000082800000| Untracked 
|  11|0x0000000082900000, 0x0000000082a00000, 0x0000000082a00000|100%| O|  |TAMS 0x0000000082a00000, 0x0000000082900000| Untracked 
|  12|0x0000000082a00000, 0x0000000082b00000, 0x0000000082b00000|100%| O|  |TAMS 0x0000000082b00000, 0x0000000082a00000| Untracked 
|  13|0x0000000082b00000, 0x0000000082c00000, 0x0000000082c00000|100%| O|  |TAMS 0x0000000082c00000, 0x0000000082b00000| Untracked 
|  14|0x0000000082c00000, 0x0000000082d00000, 0x0000000082d00000|100%| O|  |TAMS 0x0000000082d00000, 0x0000000082c00000| Untracked 
|  15|0x0000000082d00000, 0x0000000082e00000, 0x0000000082e00000|100%| O|  |TAMS 0x0000000082e00000, 0x0000000082d00000| Untracked 
|  16|0x0000000082e00000, 0x0000000082f00000, 0x0000000082f00000|100%| O|  |TAMS 0x0000000082f00000, 0x0000000082e00000| Untracked 
|  17|0x0000000082f00000, 0x0000000083000000, 0x0000000083000000|100%| O|  |TAMS 0x0000000083000000, 0x0000000082f00000| Untracked 
|  18|0x0000000083000000, 0x0000000083100000, 0x0000000083100000|100%| O|  |TAMS 0x0000000083100000, 0x0000000083000000| Untracked 
|  19|0x0000000083100000, 0x0000000083200000, 0x0000000083200000|100%| O|  |TAMS 0x0000000083200000, 0x0000000083100000| Untracked 
|  20|0x0000000083200000, 0x0000000083300000, 0x0000000083300000|100%| O|  |TAMS 0x0000000083300000, 0x0000000083200000| Untracked 
|  21|0x0000000083300000, 0x0000000083400000, 0x0000000083400000|100%| O|  |TAMS 0x0000000083400000, 0x0000000083300000| Untracked 
|  22|0x0000000083400000, 0x0000000083500000, 0x0000000083500000|100%| O|  |TAMS 0x0000000083500000, 0x0000000083400000| Untracked 
|  23|0x0000000083500000, 0x0000000083600000, 0x0000000083600000|100%| O|  |TAMS 0x0000000083600000, 0x0000000083500000| Untracked 
|  24|0x0000000083600000, 0x0000000083700000, 0x0000000083700000|100%| O|  |TAMS 0x0000000083700000, 0x0000000083600000| Untracked 
|  25|0x0000000083700000, 0x0000000083800000, 0x0000000083800000|100%| O|  |TAMS 0x0000000083800000, 0x0000000083700000| Untracked 
|  26|0x0000000083800000, 0x0000000083900000, 0x0000000083900000|100%| O|  |TAMS 0x0000000083900000, 0x0000000083800000| Untracked 
|  27|0x0000000083900000, 0x0000000083a00000, 0x0000000083a00000|100%| O|  |TAMS 0x0000000083a00000, 0x0000000083900000| Untracked 
|  28|0x0000000083a00000, 0x0000000083b00000, 0x0000000083b00000|100%| O|  |TAMS 0x0000000083b00000, 0x0000000083a00000| Untracked 
|  29|0x0000000083b00000, 0x0000000083c00000, 0x0000000083c00000|100%| O|  |TAMS 0x0000000083bf0600, 0x0000000083b00000| Untracked 
|  30|0x0000000083c00000, 0x0000000083d00000, 0x0000000083d00000|100%| O|  |TAMS 0x0000000083d00000, 0x0000000083c00000| Untracked 
|  31|0x0000000083d00000, 0x0000000083e00000, 0x0000000083e00000|100%| O|  |TAMS 0x0000000083e00000, 0x0000000083d00000| Untracked 
|  32|0x0000000083e00000, 0x0000000083f00000, 0x0000000083f00000|100%| O|  |TAMS 0x0000000083e00000, 0x0000000083e00000| Untracked 
|  33|0x0000000083f00000, 0x0000000084000000, 0x0000000084000000|100%| O|  |TAMS 0x0000000083f00000, 0x0000000083f00000| Untracked 
|  34|0x0000000084000000, 0x00000000840d9000, 0x0000000084100000| 84%| O|  |TAMS 0x0000000084000000, 0x0000000084000000| Untracked 
|  35|0x0000000084100000, 0x0000000084100000, 0x0000000084200000|  0%| F|  |TAMS 0x0000000084100000, 0x0000000084100000| Untracked 
|  36|0x0000000084200000, 0x0000000084200000, 0x0000000084300000|  0%| F|  |TAMS 0x0000000084200000, 0x0000000084200000| Untracked 
|  37|0x0000000084300000, 0x0000000084300000, 0x0000000084400000|  0%| F|  |TAMS 0x0000000084300000, 0x0000000084300000| Untracked 
|  38|0x0000000084400000, 0x0000000084400000, 0x0000000084500000|  0%| F|  |TAMS 0x0000000084400000, 0x0000000084400000| Untracked 
|  39|0x0000000084500000, 0x0000000084600000, 0x0000000084600000|100%| O|  |TAMS 0x0000000084600000, 0x0000000084500000| Untracked 
|  40|0x0000000084600000, 0x0000000084700000, 0x0000000084700000|100%| O|  |TAMS 0x0000000084700000, 0x0000000084600000| Untracked 
|  41|0x0000000084700000, 0x0000000084800000, 0x0000000084800000|100%| O|  |TAMS 0x0000000084800000, 0x0000000084700000| Untracked 
|  42|0x0000000084800000, 0x0000000084800000, 0x0000000084900000|  0%| F|  |TAMS 0x0000000084800000, 0x0000000084800000| Untracked 
|  43|0x0000000084900000, 0x0000000084900000, 0x0000000084a00000|  0%| F|  |TAMS 0x0000000084900000, 0x0000000084900000| Untracked 
|  44|0x0000000084a00000, 0x0000000084a00000, 0x0000000084b00000|  0%| F|  |TAMS 0x0000000084a00000, 0x0000000084a00000| Untracked 
|  45|0x0000000084b00000, 0x0000000084b00000, 0x0000000084c00000|  0%| F|  |TAMS 0x0000000084b00000, 0x0000000084b00000| Untracked 
|  46|0x0000000084c00000, 0x0000000084c00000, 0x0000000084d00000|  0%| F|  |TAMS 0x0000000084c00000, 0x0000000084c00000| Untracked 
|  47|0x0000000084d00000, 0x0000000084d00000, 0x0000000084e00000|  0%| F|  |TAMS 0x0000000084d00000, 0x0000000084d00000| Untracked 
|  48|0x0000000084e00000, 0x0000000084e00000, 0x0000000084f00000|  0%| F|  |TAMS 0x0000000084e00000, 0x0000000084e00000| Untracked 
|  49|0x0000000084f00000, 0x0000000084f00000, 0x0000000085000000|  0%| F|  |TAMS 0x0000000084f00000, 0x0000000084f00000| Untracked 
|  50|0x0000000085000000, 0x0000000085000000, 0x0000000085100000|  0%| F|  |TAMS 0x0000000085000000, 0x0000000085000000| Untracked 
|  51|0x0000000085100000, 0x0000000085100000, 0x0000000085200000|  0%| F|  |TAMS 0x0000000085100000, 0x0000000085100000| Untracked 
|  52|0x0000000085200000, 0x0000000085300000, 0x0000000085300000|100%| O|  |TAMS 0x0000000085300000, 0x0000000085200000| Untracked 
|  53|0x0000000085300000, 0x0000000085400000, 0x0000000085400000|100%| O|  |TAMS 0x0000000085400000, 0x0000000085300000| Untracked 
|  54|0x0000000085400000, 0x0000000085500000, 0x0000000085500000|100%| O|  |TAMS 0x0000000085500000, 0x0000000085400000| Untracked 
|  55|0x0000000085500000, 0x0000000085600000, 0x0000000085600000|100%| O|  |TAMS 0x0000000085600000, 0x0000000085500000| Untracked 
|  56|0x0000000085600000, 0x0000000085600000, 0x0000000085700000|  0%| F|  |TAMS 0x0000000085600000, 0x0000000085600000| Untracked 
|  57|0x0000000085700000, 0x0000000085700000, 0x0000000085800000|  0%| F|  |TAMS 0x0000000085700000, 0x0000000085700000| Untracked 
|  58|0x0000000085800000, 0x0000000085800000, 0x0000000085900000|  0%| F|  |TAMS 0x0000000085800000, 0x0000000085800000| Untracked 
|  59|0x0000000085900000, 0x0000000085900000, 0x0000000085a00000|  0%| F|  |TAMS 0x0000000085900000, 0x0000000085900000| Untracked 
|  60|0x0000000085a00000, 0x0000000085a00000, 0x0000000085b00000|  0%| F|  |TAMS 0x0000000085a00000, 0x0000000085a00000| Untracked 
|  61|0x0000000085b00000, 0x0000000085b00000, 0x0000000085c00000|  0%| F|  |TAMS 0x0000000085b00000, 0x0000000085b00000| Untracked 
|  62|0x0000000085c00000, 0x0000000085c00000, 0x0000000085d00000|  0%| F|  |TAMS 0x0000000085c00000, 0x0000000085c00000| Untracked 
|  63|0x0000000085d00000, 0x0000000085d00000, 0x0000000085e00000|  0%| F|  |TAMS 0x0000000085d00000, 0x0000000085d00000| Untracked 
|  64|0x0000000085e00000, 0x0000000085e00000, 0x0000000085f00000|  0%| F|  |TAMS 0x0000000085e00000, 0x0000000085e00000| Untracked 
|  65|0x0000000085f00000, 0x0000000085f00000, 0x0000000086000000|  0%| F|  |TAMS 0x0000000085f00000, 0x0000000085f00000| Untracked 
|  66|0x0000000086000000, 0x0000000086000000, 0x0000000086100000|  0%| F|  |TAMS 0x0000000086000000, 0x0000000086000000| Untracked 
|  67|0x0000000086100000, 0x0000000086100000, 0x0000000086200000|  0%| F|  |TAMS 0x0000000086100000, 0x0000000086100000| Untracked 
|  68|0x0000000086200000, 0x0000000086200000, 0x0000000086300000|  0%| F|  |TAMS 0x0000000086200000, 0x0000000086200000| Untracked 
|  69|0x0000000086300000, 0x0000000086300000, 0x0000000086400000|  0%| F|  |TAMS 0x0000000086300000, 0x0000000086300000| Untracked 
|  70|0x0000000086400000, 0x0000000086400000, 0x0000000086500000|  0%| F|  |TAMS 0x0000000086400000, 0x0000000086400000| Untracked 
|  71|0x0000000086500000, 0x0000000086500000, 0x0000000086600000|  0%| F|  |TAMS 0x0000000086500000, 0x0000000086500000| Untracked 
|  72|0x0000000086600000, 0x0000000086600000, 0x0000000086700000|  0%| F|  |TAMS 0x0000000086600000, 0x0000000086600000| Untracked 
|  73|0x0000000086700000, 0x0000000086700000, 0x0000000086800000|  0%| F|  |TAMS 0x0000000086700000, 0x0000000086700000| Untracked 
|  74|0x0000000086800000, 0x0000000086800000, 0x0000000086900000|  0%| F|  |TAMS 0x0000000086800000, 0x0000000086800000| Untracked 
|  75|0x0000000086900000, 0x0000000086900000, 0x0000000086a00000|  0%| F|  |TAMS 0x0000000086900000, 0x0000000086900000| Untracked 
|  76|0x0000000086a00000, 0x0000000086a00000, 0x0000000086b00000|  0%| F|  |TAMS 0x0000000086a00000, 0x0000000086a00000| Untracked 
|  77|0x0000000086b00000, 0x0000000086b00000, 0x0000000086c00000|  0%| F|  |TAMS 0x0000000086b00000, 0x0000000086b00000| Untracked 
|  78|0x0000000086c00000, 0x0000000086c00000, 0x0000000086d00000|  0%| F|  |TAMS 0x0000000086c00000, 0x0000000086c00000| Untracked 
|  79|0x0000000086d00000, 0x0000000086d00000, 0x0000000086e00000|  0%| F|  |TAMS 0x0000000086d00000, 0x0000000086d00000| Untracked 
|  80|0x0000000086e00000, 0x0000000086e00000, 0x0000000086f00000|  0%| F|  |TAMS 0x0000000086e00000, 0x0000000086e00000| Untracked 
|  81|0x0000000086f00000, 0x0000000086f00000, 0x0000000087000000|  0%| F|  |TAMS 0x0000000086f00000, 0x0000000086f00000| Untracked 
|  82|0x0000000087000000, 0x0000000087000000, 0x0000000087100000|  0%| F|  |TAMS 0x0000000087000000, 0x0000000087000000| Untracked 
|  83|0x0000000087100000, 0x0000000087100000, 0x0000000087200000|  0%| F|  |TAMS 0x0000000087100000, 0x0000000087100000| Untracked 
|  84|0x0000000087200000, 0x0000000087200000, 0x0000000087300000|  0%| F|  |TAMS 0x0000000087200000, 0x0000000087200000| Untracked 
|  85|0x0000000087300000, 0x0000000087300000, 0x0000000087400000|  0%| F|  |TAMS 0x0000000087300000, 0x0000000087300000| Untracked 
|  86|0x0000000087400000, 0x0000000087400000, 0x0000000087500000|  0%| F|  |TAMS 0x0000000087400000, 0x0000000087400000| Untracked 
|  87|0x0000000087500000, 0x0000000087500000, 0x0000000087600000|  0%| F|  |TAMS 0x0000000087500000, 0x0000000087500000| Untracked 
|  88|0x0000000087600000, 0x0000000087600000, 0x0000000087700000|  0%| F|  |TAMS 0x0000000087600000, 0x0000000087600000| Untracked 
|  89|0x0000000087700000, 0x0000000087700000, 0x0000000087800000|  0%| F|  |TAMS 0x0000000087700000, 0x0000000087700000| Untracked 
|  90|0x0000000087800000, 0x0000000087800000, 0x0000000087900000|  0%| F|  |TAMS 0x0000000087800000, 0x0000000087800000| Untracked 
|  91|0x0000000087900000, 0x0000000087900000, 0x0000000087a00000|  0%| F|  |TAMS 0x0000000087900000, 0x0000000087900000| Untracked 
|  92|0x0000000087a00000, 0x0000000087a00000, 0x0000000087b00000|  0%| F|  |TAMS 0x0000000087a00000, 0x0000000087a00000| Untracked 
|  93|0x0000000087b00000, 0x0000000087b00000, 0x0000000087c00000|  0%| F|  |TAMS 0x0000000087b00000, 0x0000000087b00000| Untracked 
|  94|0x0000000087c00000, 0x0000000087c00000, 0x0000000087d00000|  0%| F|  |TAMS 0x0000000087c00000, 0x0000000087c00000| Untracked 
|  95|0x0000000087d00000, 0x0000000087d00000, 0x0000000087e00000|  0%| F|  |TAMS 0x0000000087d00000, 0x0000000087d00000| Untracked 
|  96|0x0000000087e00000, 0x0000000087e00000, 0x0000000087f00000|  0%| F|  |TAMS 0x0000000087e00000, 0x0000000087e00000| Untracked 
|  97|0x0000000087f00000, 0x0000000087f00000, 0x0000000088000000|  0%| F|  |TAMS 0x0000000087f00000, 0x0000000087f00000| Untracked 
|  98|0x0000000088000000, 0x0000000088000000, 0x0000000088100000|  0%| F|  |TAMS 0x0000000088000000, 0x0000000088000000| Untracked 
|  99|0x0000000088100000, 0x0000000088100000, 0x0000000088200000|  0%| F|  |TAMS 0x0000000088100000, 0x0000000088100000| Untracked 
| 100|0x0000000088200000, 0x0000000088200000, 0x0000000088300000|  0%| F|  |TAMS 0x0000000088200000, 0x0000000088200000| Untracked 
| 101|0x0000000088300000, 0x0000000088300000, 0x0000000088400000|  0%| F|  |TAMS 0x0000000088300000, 0x0000000088300000| Untracked 
| 102|0x0000000088400000, 0x0000000088500000, 0x0000000088500000|100%| S|CS|TAMS 0x0000000088400000, 0x0000000088400000| Complete 
| 103|0x0000000088500000, 0x0000000088600000, 0x0000000088600000|100%| S|CS|TAMS 0x0000000088500000, 0x0000000088500000| Complete 
| 104|0x0000000088600000, 0x0000000088700000, 0x0000000088700000|100%| S|CS|TAMS 0x0000000088600000, 0x0000000088600000| Complete 
| 105|0x0000000088700000, 0x0000000088800000, 0x0000000088800000|100%| S|CS|TAMS 0x0000000088700000, 0x0000000088700000| Complete 
| 106|0x0000000088800000, 0x0000000088800000, 0x0000000088900000|  0%| F|  |TAMS 0x0000000088800000, 0x0000000088800000| Untracked 
| 107|0x0000000088900000, 0x0000000088900000, 0x0000000088a00000|  0%| F|  |TAMS 0x0000000088900000, 0x0000000088900000| Untracked 
| 108|0x0000000088a00000, 0x0000000088a00000, 0x0000000088b00000|  0%| F|  |TAMS 0x0000000088a00000, 0x0000000088a00000| Untracked 
| 109|0x0000000088b00000, 0x0000000088b00000, 0x0000000088c00000|  0%| F|  |TAMS 0x0000000088b00000, 0x0000000088b00000| Untracked 
| 110|0x0000000088c00000, 0x0000000088c00000, 0x0000000088d00000|  0%| F|  |TAMS 0x0000000088c00000, 0x0000000088c00000| Untracked 
| 111|0x0000000088d00000, 0x0000000088d00000, 0x0000000088e00000|  0%| F|  |TAMS 0x0000000088d00000, 0x0000000088d00000| Untracked 
| 112|0x0000000088e00000, 0x0000000088e00000, 0x0000000088f00000|  0%| F|  |TAMS 0x0000000088e00000, 0x0000000088e00000| Untracked 
| 113|0x0000000088f00000, 0x0000000088f00000, 0x0000000089000000|  0%| F|  |TAMS 0x0000000088f00000, 0x0000000088f00000| Untracked 
| 114|0x0000000089000000, 0x0000000089000000, 0x0000000089100000|  0%| F|  |TAMS 0x0000000089000000, 0x0000000089000000| Untracked 
| 115|0x0000000089100000, 0x0000000089100000, 0x0000000089200000|  0%| F|  |TAMS 0x0000000089100000, 0x0000000089100000| Untracked 
| 116|0x0000000089200000, 0x0000000089200000, 0x0000000089300000|  0%| F|  |TAMS 0x0000000089200000, 0x0000000089200000| Untracked 
| 117|0x0000000089300000, 0x0000000089300000, 0x0000000089400000|  0%| F|  |TAMS 0x0000000089300000, 0x0000000089300000| Untracked 
| 118|0x0000000089400000, 0x0000000089500000, 0x0000000089500000|100%| E|  |TAMS 0x0000000089400000, 0x0000000089400000| Complete 
| 119|0x0000000089500000, 0x0000000089600000, 0x0000000089600000|100%| E|CS|TAMS 0x0000000089500000, 0x0000000089500000| Complete 
| 120|0x0000000089600000, 0x0000000089700000, 0x0000000089700000|100%| E|CS|TAMS 0x0000000089600000, 0x0000000089600000| Complete 
| 121|0x0000000089700000, 0x0000000089800000, 0x0000000089800000|100%| E|CS|TAMS 0x0000000089700000, 0x0000000089700000| Complete 
| 122|0x0000000089800000, 0x0000000089900000, 0x0000000089900000|100%| E|CS|TAMS 0x0000000089800000, 0x0000000089800000| Complete 
| 123|0x0000000089900000, 0x0000000089a00000, 0x0000000089a00000|100%| E|CS|TAMS 0x0000000089900000, 0x0000000089900000| Complete 
| 124|0x0000000089a00000, 0x0000000089b00000, 0x0000000089b00000|100%| E|CS|TAMS 0x0000000089a00000, 0x0000000089a00000| Complete 
| 125|0x0000000089b00000, 0x0000000089c00000, 0x0000000089c00000|100%| E|CS|TAMS 0x0000000089b00000, 0x0000000089b00000| Complete 
| 126|0x0000000089c00000, 0x0000000089d00000, 0x0000000089d00000|100%| E|CS|TAMS 0x0000000089c00000, 0x0000000089c00000| Complete 
| 127|0x0000000089d00000, 0x0000000089e00000, 0x0000000089e00000|100%| E|CS|TAMS 0x0000000089d00000, 0x0000000089d00000| Complete 
| 128|0x0000000089e00000, 0x0000000089f00000, 0x0000000089f00000|100%| E|CS|TAMS 0x0000000089e00000, 0x0000000089e00000| Complete 
| 129|0x0000000089f00000, 0x000000008a000000, 0x000000008a000000|100%| E|CS|TAMS 0x0000000089f00000, 0x0000000089f00000| Complete 
| 130|0x000000008a000000, 0x000000008a100000, 0x000000008a100000|100%| E|CS|TAMS 0x000000008a000000, 0x000000008a000000| Complete 
| 131|0x000000008a100000, 0x000000008a200000, 0x000000008a200000|100%| E|CS|TAMS 0x000000008a100000, 0x000000008a100000| Complete 
| 132|0x000000008a200000, 0x000000008a300000, 0x000000008a300000|100%| E|CS|TAMS 0x000000008a200000, 0x000000008a200000| Complete 
| 133|0x000000008a300000, 0x000000008a400000, 0x000000008a400000|100%| E|CS|TAMS 0x000000008a300000, 0x000000008a300000| Complete 
| 134|0x000000008a400000, 0x000000008a500000, 0x000000008a500000|100%| E|CS|TAMS 0x000000008a400000, 0x000000008a400000| Complete 
| 135|0x000000008a500000, 0x000000008a600000, 0x000000008a600000|100%| E|CS|TAMS 0x000000008a500000, 0x000000008a500000| Complete 
| 136|0x000000008a600000, 0x000000008a700000, 0x000000008a700000|100%| E|CS|TAMS 0x000000008a600000, 0x000000008a600000| Complete 
| 137|0x000000008a700000, 0x000000008a800000, 0x000000008a800000|100%| E|CS|TAMS 0x000000008a700000, 0x000000008a700000| Complete 
| 138|0x000000008a800000, 0x000000008a900000, 0x000000008a900000|100%| E|CS|TAMS 0x000000008a800000, 0x000000008a800000| Complete 
| 139|0x000000008a900000, 0x000000008aa00000, 0x000000008aa00000|100%| E|CS|TAMS 0x000000008a900000, 0x000000008a900000| Complete 
| 140|0x000000008aa00000, 0x000000008ab00000, 0x000000008ab00000|100%| E|CS|TAMS 0x000000008aa00000, 0x000000008aa00000| Complete 
| 141|0x000000008ab00000, 0x000000008ac00000, 0x000000008ac00000|100%| E|CS|TAMS 0x000000008ab00000, 0x000000008ab00000| Complete 
| 142|0x000000008ac00000, 0x000000008ad00000, 0x000000008ad00000|100%| E|CS|TAMS 0x000000008ac00000, 0x000000008ac00000| Complete 
| 143|0x000000008ad00000, 0x000000008ae00000, 0x000000008ae00000|100%| E|CS|TAMS 0x000000008ad00000, 0x000000008ad00000| Complete 
| 144|0x000000008ae00000, 0x000000008af00000, 0x000000008af00000|100%| E|CS|TAMS 0x000000008ae00000, 0x000000008ae00000| Complete 
| 145|0x000000008af00000, 0x000000008b000000, 0x000000008b000000|100%| E|CS|TAMS 0x000000008af00000, 0x000000008af00000| Complete 
| 146|0x000000008b000000, 0x000000008b100000, 0x000000008b100000|100%| E|CS|TAMS 0x000000008b000000, 0x000000008b000000| Complete 
| 147|0x000000008b100000, 0x000000008b200000, 0x000000008b200000|100%| E|CS|TAMS 0x000000008b100000, 0x000000008b100000| Complete 
| 148|0x000000008b200000, 0x000000008b300000, 0x000000008b300000|100%| E|CS|TAMS 0x000000008b200000, 0x000000008b200000| Complete 
| 149|0x000000008b300000, 0x000000008b400000, 0x000000008b400000|100%| E|CS|TAMS 0x000000008b300000, 0x000000008b300000| Complete 
| 150|0x000000008b400000, 0x000000008b500000, 0x000000008b500000|100%| E|CS|TAMS 0x000000008b400000, 0x000000008b400000| Complete 
| 151|0x000000008b500000, 0x000000008b600000, 0x000000008b600000|100%| E|CS|TAMS 0x000000008b500000, 0x000000008b500000| Complete 
| 152|0x000000008b600000, 0x000000008b700000, 0x000000008b700000|100%| E|CS|TAMS 0x000000008b600000, 0x000000008b600000| Complete 
| 153|0x000000008b700000, 0x000000008b800000, 0x000000008b800000|100%| E|CS|TAMS 0x000000008b700000, 0x000000008b700000| Complete 
| 154|0x000000008b800000, 0x000000008b900000, 0x000000008b900000|100%| E|CS|TAMS 0x000000008b800000, 0x000000008b800000| Complete 
| 155|0x000000008b900000, 0x000000008ba00000, 0x000000008ba00000|100%| E|CS|TAMS 0x000000008b900000, 0x000000008b900000| Complete 
| 156|0x000000008ba00000, 0x000000008bb00000, 0x000000008bb00000|100%| E|CS|TAMS 0x000000008ba00000, 0x000000008ba00000| Complete 
| 157|0x000000008bb00000, 0x000000008bc00000, 0x000000008bc00000|100%| E|CS|TAMS 0x000000008bb00000, 0x000000008bb00000| Complete 
| 158|0x000000008bc00000, 0x000000008bd00000, 0x000000008bd00000|100%| E|CS|TAMS 0x000000008bc00000, 0x000000008bc00000| Complete 

Card table byte_map: [0x0000017375b00000,0x0000017375f00000] _byte_map_base: 0x00000173756f1000

Marking Bits (Prev, Next): (CMBitMap*) 0x000001736dbfc2e0, (CMBitMap*) 0x000001736dbfc2a0
 Prev Bits: [0x0000017378290000, 0x000001737a218000)
 Next Bits: [0x0000017376300000, 0x0000017378288000)

Polling page: 0x000001736ba80000

Metaspace:

Usage:
  Non-class:     26.37 MB used.
      Class:      3.40 MB used.
       Both:     29.77 MB used.

Virtual space:
  Non-class space:       64.00 MB reserved,      26.56 MB ( 42%) committed,  1 nodes.
      Class space:        1.00 GB reserved,       3.50 MB ( <1%) committed,  1 nodes.
             Both:        1.06 GB reserved,      30.06 MB (  3%) committed. 

Chunk freelists:
   Non-Class:  4.92 MB
       Class:  12.45 MB
        Both:  17.37 MB

MaxMetaspaceSize: unlimited
CompressedClassSpaceSize: 1.00 GB
Initial GC threshold: 21.00 MB
Current GC threshold: 43.69 MB
CDS: on
MetaspaceReclaimPolicy: balanced
 - commit_granule_bytes: 65536.
 - commit_granule_words: 8192.
 - virtual_space_node_default_size: 8388608.
 - enlarge_chunks_in_place: 1.
 - new_chunks_are_fully_committed: 0.
 - uncommit_free_chunks: 1.
 - use_allocation_guard: 0.
 - handle_deallocations: 1.


Internal statistics:

num_allocs_failed_limit: 6.
num_arena_births: 212.
num_arena_deaths: 0.
num_vsnodes_births: 2.
num_vsnodes_deaths: 0.
num_space_committed: 481.
num_space_uncommitted: 0.
num_chunks_returned_to_freelist: 6.
num_chunks_taken_from_freelist: 1324.
num_chunk_merges: 6.
num_chunk_splits: 926.
num_chunks_enlarged: 723.
num_inconsistent_stats: 0.

CodeHeap 'non-profiled nmethods': size=120000Kb used=3613Kb max_used=3613Kb free=116386Kb
 bounds [0x0000017307ad0000, 0x0000017307e60000, 0x000001730f000000]
CodeHeap 'profiled nmethods': size=120000Kb used=14515Kb max_used=14515Kb free=105484Kb
 bounds [0x0000017300000000, 0x0000017300e30000, 0x0000017307530000]
CodeHeap 'non-nmethods': size=5760Kb used=1221Kb max_used=1322Kb free=4538Kb
 bounds [0x0000017307530000, 0x00000173077a0000, 0x0000017307ad0000]
 total_blobs=7348 nmethods=6824 adapters=436
 compilation: enabled
              stopped_count=0, restarted_count=0
 full_count=0

Compilation events (20 events):
Event: 21.476 Thread 0x000001737c6e74a0 7661       2       com.sun.tools.javac.comp.Infer$IncorporationAction::isSubtype (14 bytes)
Event: 21.476 Thread 0x000001737c6e74a0 nmethod 7661 0x0000017300e27c10 code [0x0000017300e27da0, 0x0000017300e27ee8]
Event: 21.484 Thread 0x000001737c6e74a0 7662       2       com.sun.tools.javac.code.Lint$AugmentVisitor::visitCompound (81 bytes)
Event: 21.485 Thread 0x000001737c6e74a0 nmethod 7662 0x0000017300e28010 code [0x0000017300e281e0, 0x0000017300e28528]
Event: 21.486 Thread 0x000001737c6e74a0 7663       3       com.sun.tools.javac.tree.TreeInfo::args (54 bytes)
Event: 21.486 Thread 0x000001737c6e74a0 nmethod 7663 0x0000017300e28890 code [0x0000017300e28a60, 0x0000017300e28f28]
Event: 21.488 Thread 0x000001737c6e74a0 7664       2       java.util.JumboEnumSet::contains (64 bytes)
Event: 21.488 Thread 0x000001737c6e74a0 nmethod 7664 0x0000017300e29110 code [0x0000017300e292c0, 0x0000017300e29548]
Event: 21.489 Thread 0x000001737c6e74a0 7665       2       com.sun.tools.javac.comp.DeferredAttr$FilterScanner::scan (31 bytes)
Event: 21.489 Thread 0x000001737c6e74a0 nmethod 7665 0x0000017300e29710 code [0x0000017300e298c0, 0x0000017300e29a58]
Event: 21.490 Thread 0x000001737c6e74a0 7666       2       com.sun.tools.javac.comp.DeferredAttr$FilterScanner$$Lambda$425/0x000001731036a4d0::test (12 bytes)
Event: 21.490 Thread 0x000001737c6e74a0 nmethod 7666 0x0000017300e29b90 code [0x0000017300e29d40, 0x0000017300e29ed8]
Event: 21.495 Thread 0x000001737c6e74a0 7667       2       com.sun.tools.javac.comp.Attr$8::scan (28 bytes)
Event: 21.496 Thread 0x000001737c6e74a0 nmethod 7667 0x0000017300e2a010 code [0x0000017300e2a1c0, 0x0000017300e2a3f8]
Event: 21.560 Thread 0x000001737c6e74a0 7669       2       sun.nio.fs.WindowsPathParser::parseNormalizedPath (6 bytes)
Event: 21.560 Thread 0x000001737c6e74a0 nmethod 7669 0x0000017300e2a510 code [0x0000017300e2a6a0, 0x0000017300e2a7a8]
Event: 21.592 Thread 0x000001737c6e74a0 7672   !   2       java.util.zip.Inflater::end (37 bytes)
Event: 21.593 Thread 0x000001737c6e74a0 nmethod 7672 0x0000017300e2a890 code [0x0000017300e2aa60, 0x0000017300e2ada8]
Event: 21.593 Thread 0x000001737c6e74a0 7673  s    2       java.util.zip.Inflater$InflaterZStreamRef::run (21 bytes)
Event: 21.593 Thread 0x000001737c6e74a0 nmethod 7673 0x0000017300e2b010 code [0x0000017300e2b1c0, 0x0000017300e2b3a8]

GC Heap History (20 events):
Event: 8.228 GC heap before
{Heap before GC invocations=2 (full 0):
 garbage-first heap   total 131072K, used 34571K [0x0000000081e00000, 0x0000000100000000)
  region size 1024K, 31 young (31744K), 1 survivors (1024K)
 Metaspace       used 9669K, committed 9856K, reserved 1114112K
  class space    used 1175K, committed 1280K, reserved 1048576K
}
Event: 8.234 GC heap after
{Heap after GC invocations=3 (full 0):
 garbage-first heap   total 131072K, used 5238K [0x0000000081e00000, 0x0000000100000000)
  region size 1024K, 2 young (2048K), 2 survivors (2048K)
 Metaspace       used 9669K, committed 9856K, reserved 1114112K
  class space    used 1175K, committed 1280K, reserved 1048576K
}
Event: 11.468 GC heap before
{Heap before GC invocations=3 (full 0):
 garbage-first heap   total 131072K, used 81014K [0x0000000081e00000, 0x0000000100000000)
  region size 1024K, 76 young (77824K), 2 survivors (2048K)
 Metaspace       used 15557K, committed 15744K, reserved 1114112K
  class space    used 1853K, committed 1920K, reserved 1048576K
}
Event: 11.493 GC heap after
{Heap after GC invocations=4 (full 0):
 garbage-first heap   total 131072K, used 12744K [0x0000000081e00000, 0x0000000100000000)
  region size 1024K, 10 young (10240K), 10 survivors (10240K)
 Metaspace       used 15557K, committed 15744K, reserved 1114112K
  class space    used 1853K, committed 1920K, reserved 1048576K
}
Event: 14.682 GC heap before
{Heap before GC invocations=4 (full 0):
 garbage-first heap   total 131072K, used 112072K [0x0000000081e00000, 0x0000000100000000)
  region size 1024K, 73 young (74752K), 10 survivors (10240K)
 Metaspace       used 19834K, committed 20160K, reserved 1114112K
  class space    used 2309K, committed 2432K, reserved 1048576K
}
Event: 14.706 GC heap after
{Heap after GC invocations=5 (full 0):
 garbage-first heap   total 131072K, used 17947K [0x0000000081e00000, 0x0000000100000000)
  region size 1024K, 4 young (4096K), 4 survivors (4096K)
 Metaspace       used 19834K, committed 20160K, reserved 1114112K
  class space    used 2309K, committed 2432K, reserved 1048576K
}
Event: 14.890 GC heap before
{Heap before GC invocations=5 (full 0):
 garbage-first heap   total 131072K, used 24091K [0x0000000081e00000, 0x0000000100000000)
  region size 1024K, 9 young (9216K), 4 survivors (4096K)
 Metaspace       used 21268K, committed 21504K, reserved 1114112K
  class space    used 2497K, committed 2624K, reserved 1048576K
}
Event: 14.898 GC heap after
{Heap after GC invocations=6 (full 0):
 garbage-first heap   total 131072K, used 20736K [0x0000000081e00000, 0x0000000100000000)
  region size 1024K, 7 young (7168K), 7 survivors (7168K)
 Metaspace       used 21268K, committed 21504K, reserved 1114112K
  class space    used 2497K, committed 2624K, reserved 1048576K
}
Event: 16.280 GC heap before
{Heap before GC invocations=7 (full 0):
 garbage-first heap   total 75776K, used 51456K [0x0000000081e00000, 0x0000000100000000)
  region size 1024K, 36 young (36864K), 7 survivors (7168K)
 Metaspace       used 25507K, committed 25792K, reserved 1114112K
  class space    used 2960K, committed 3072K, reserved 1048576K
}
Event: 16.304 GC heap after
{Heap after GC invocations=8 (full 0):
 garbage-first heap   total 75776K, used 33346K [0x0000000081e00000, 0x0000000100000000)
  region size 1024K, 6 young (6144K), 6 survivors (6144K)
 Metaspace       used 25507K, committed 25792K, reserved 1114112K
  class space    used 2960K, committed 3072K, reserved 1048576K
}
Event: 16.316 GC heap before
{Heap before GC invocations=8 (full 0):
 garbage-first heap   total 75776K, used 34370K [0x0000000081e00000, 0x0000000100000000)
  region size 1024K, 7 young (7168K), 6 survivors (6144K)
 Metaspace       used 25510K, committed 25792K, reserved 1114112K
  class space    used 2960K, committed 3072K, reserved 1048576K
}
Event: 16.328 GC heap after
{Heap after GC invocations=9 (full 0):
 garbage-first heap   total 75776K, used 34816K [0x0000000081e00000, 0x0000000100000000)
  region size 1024K, 1 young (1024K), 1 survivors (1024K)
 Metaspace       used 25510K, committed 25792K, reserved 1114112K
  class space    used 2960K, committed 3072K, reserved 1048576K
}
Event: 17.034 GC heap before
{Heap before GC invocations=9 (full 0):
 garbage-first heap   total 75776K, used 49152K [0x0000000081e00000, 0x0000000100000000)
  region size 1024K, 16 young (16384K), 1 survivors (1024K)
 Metaspace       used 25917K, committed 26176K, reserved 1114112K
  class space    used 3008K, committed 3136K, reserved 1048576K
}
Event: 17.048 GC heap after
{Heap after GC invocations=10 (full 0):
 garbage-first heap   total 75776K, used 38912K [0x0000000081e00000, 0x0000000100000000)
  region size 1024K, 2 young (2048K), 2 survivors (2048K)
 Metaspace       used 25917K, committed 26176K, reserved 1114112K
  class space    used 3008K, committed 3136K, reserved 1048576K
}
Event: 17.394 GC heap before
{Heap before GC invocations=11 (full 0):
 garbage-first heap   total 75776K, used 53248K [0x0000000081e00000, 0x0000000100000000)
  region size 1024K, 16 young (16384K), 2 survivors (2048K)
 Metaspace       used 26190K, committed 26432K, reserved 1114112K
  class space    used 3026K, committed 3136K, reserved 1048576K
}
Event: 17.408 GC heap after
{Heap after GC invocations=12 (full 0):
 garbage-first heap   total 75776K, used 41921K [0x0000000081e00000, 0x0000000100000000)
  region size 1024K, 2 young (2048K), 2 survivors (2048K)
 Metaspace       used 26190K, committed 26432K, reserved 1114112K
  class space    used 3026K, committed 3136K, reserved 1048576K
}
Event: 17.791 GC heap before
{Heap before GC invocations=12 (full 0):
 garbage-first heap   total 75776K, used 55233K [0x0000000081e00000, 0x0000000100000000)
  region size 1024K, 15 young (15360K), 2 survivors (2048K)
 Metaspace       used 26404K, committed 26752K, reserved 1114112K
  class space    used 3033K, committed 3200K, reserved 1048576K
}
Event: 17.805 GC heap after
{Heap after GC invocations=13 (full 0):
 garbage-first heap   total 162816K, used 44900K [0x0000000081e00000, 0x0000000100000000)
  region size 1024K, 2 young (2048K), 2 survivors (2048K)
 Metaspace       used 26404K, committed 26752K, reserved 1114112K
  class space    used 3033K, committed 3200K, reserved 1048576K
}
Event: 19.583 GC heap before
{Heap before GC invocations=14 (full 0):
 garbage-first heap   total 162816K, used 98148K [0x0000000081e00000, 0x0000000100000000)
  region size 1024K, 55 young (56320K), 2 survivors (2048K)
 Metaspace       used 28591K, committed 28928K, reserved 1114112K
  class space    used 3246K, committed 3392K, reserved 1048576K
}
Event: 19.594 GC heap after
{Heap after GC invocations=15 (full 0):
 garbage-first heap   total 162816K, used 46948K [0x0000000081e00000, 0x0000000100000000)
  region size 1024K, 4 young (4096K), 4 survivors (4096K)
 Metaspace       used 28591K, committed 28928K, reserved 1114112K
  class space    used 3246K, committed 3392K, reserved 1048576K
}

Dll operation events (8 events):
Event: 0.010 Loaded shared library C:\Users\PC\AppData\Roaming\Code\User\globalStorage\pleiades.java-extension-pack-jdk\java\17\bin\java.dll
Event: 0.030 Loaded shared library C:\Users\PC\AppData\Roaming\Code\User\globalStorage\pleiades.java-extension-pack-jdk\java\17\bin\jsvml.dll
Event: 0.099 Loaded shared library C:\Users\PC\AppData\Roaming\Code\User\globalStorage\pleiades.java-extension-pack-jdk\java\17\bin\net.dll
Event: 0.103 Loaded shared library C:\Users\PC\AppData\Roaming\Code\User\globalStorage\pleiades.java-extension-pack-jdk\java\17\bin\nio.dll
Event: 0.128 Loaded shared library C:\Users\PC\AppData\Roaming\Code\User\globalStorage\pleiades.java-extension-pack-jdk\java\17\bin\zip.dll
Event: 5.725 Loaded shared library C:\Users\PC\AppData\Roaming\Code\User\globalStorage\pleiades.java-extension-pack-jdk\maven\latest\lib\jansi-native\Windows\x86_64\jansi.dll
Event: 5.743 Loaded shared library C:\Users\PC\AppData\Roaming\Code\User\globalStorage\pleiades.java-extension-pack-jdk\java\17\bin\jimage.dll
Event: 5.758 Loaded shared library C:\Users\PC\AppData\Roaming\Code\User\globalStorage\pleiades.java-extension-pack-jdk\java\17\bin\verify.dll

Deoptimization events (20 events):
Event: 21.451 Thread 0x000001736dba2680 Uncommon trap: trap_request=0xffffffde fr.pc=0x0000017307e52470 relative=0x0000000000000e70
Event: 21.451 Thread 0x000001736dba2680 Uncommon trap: reason=class_check action=maybe_recompile pc=0x0000017307e52470 method=com.sun.tools.javac.code.Type$StructuralTypeMapping.visitClassType(Lcom/sun/tools/javac/code/Type$ClassType;Ljava/lang/Object;)Lcom/sun/tools/javac/code/Type; @ 11 c2
Event: 21.451 Thread 0x000001736dba2680 DEOPT PACKING pc=0x0000017307e52470 sp=0x0000002a96df8f50
Event: 21.451 Thread 0x000001736dba2680 DEOPT UNPACKING pc=0x00000173075869a3 sp=0x0000002a96df8e58 mode 2
Event: 21.451 Thread 0x000001736dba2680 Uncommon trap: trap_request=0xffffffde fr.pc=0x0000017307e52470 relative=0x0000000000000e70
Event: 21.451 Thread 0x000001736dba2680 Uncommon trap: reason=class_check action=maybe_recompile pc=0x0000017307e52470 method=com.sun.tools.javac.code.Type$StructuralTypeMapping.visitClassType(Lcom/sun/tools/javac/code/Type$ClassType;Ljava/lang/Object;)Lcom/sun/tools/javac/code/Type; @ 11 c2
Event: 21.451 Thread 0x000001736dba2680 DEOPT PACKING pc=0x0000017307e52470 sp=0x0000002a96df9090
Event: 21.451 Thread 0x000001736dba2680 DEOPT UNPACKING pc=0x00000173075869a3 sp=0x0000002a96df8f98 mode 2
Event: 21.452 Thread 0x000001736dba2680 Uncommon trap: trap_request=0xffffffde fr.pc=0x0000017307e52470 relative=0x0000000000000e70
Event: 21.452 Thread 0x000001736dba2680 Uncommon trap: reason=class_check action=maybe_recompile pc=0x0000017307e52470 method=com.sun.tools.javac.code.Type$StructuralTypeMapping.visitClassType(Lcom/sun/tools/javac/code/Type$ClassType;Ljava/lang/Object;)Lcom/sun/tools/javac/code/Type; @ 11 c2
Event: 21.452 Thread 0x000001736dba2680 DEOPT PACKING pc=0x0000017307e52470 sp=0x0000002a96df9360
Event: 21.452 Thread 0x000001736dba2680 DEOPT UNPACKING pc=0x00000173075869a3 sp=0x0000002a96df9268 mode 2
Event: 21.452 Thread 0x000001736dba2680 Uncommon trap: trap_request=0xffffffde fr.pc=0x0000017307e509ac relative=0x0000000000000e2c
Event: 21.452 Thread 0x000001736dba2680 Uncommon trap: reason=class_check action=maybe_recompile pc=0x0000017307e509ac method=com.sun.tools.javac.code.Type$StructuralTypeMapping.visitClassType(Lcom/sun/tools/javac/code/Type$ClassType;Ljava/lang/Object;)Lcom/sun/tools/javac/code/Type; @ 11 c2
Event: 21.452 Thread 0x000001736dba2680 DEOPT PACKING pc=0x0000017307e509ac sp=0x0000002a96df99a0
Event: 21.452 Thread 0x000001736dba2680 DEOPT UNPACKING pc=0x00000173075869a3 sp=0x0000002a96df9930 mode 2
Event: 21.497 Thread 0x000001736dba2680 Uncommon trap: trap_request=0xffffff45 fr.pc=0x0000017307b91eb8 relative=0x0000000000000198
Event: 21.497 Thread 0x000001736dba2680 Uncommon trap: reason=unstable_if action=reinterpret pc=0x0000017307b91eb8 method=java.util.WeakHashMap.expungeStaleEntries()V @ 9 c2
Event: 21.497 Thread 0x000001736dba2680 DEOPT PACKING pc=0x0000017307b91eb8 sp=0x0000002a96dfcf10
Event: 21.497 Thread 0x000001736dba2680 DEOPT UNPACKING pc=0x00000173075869a3 sp=0x0000002a96dfcea8 mode 2

Classes loaded (20 events):
Event: 20.276 Loading class java/util/EnumMap$EntrySet
Event: 20.277 Loading class java/util/EnumMap$EntrySet done
Event: 20.277 Loading class java/util/EnumMap$EntryIterator
Event: 20.277 Loading class java/util/EnumMap$EnumMapIterator
Event: 20.277 Loading class java/util/EnumMap$EnumMapIterator done
Event: 20.277 Loading class java/util/EnumMap$EntryIterator done
Event: 20.278 Loading class java/util/EnumMap$EntryIterator$Entry
Event: 20.278 Loading class java/util/EnumMap$EntryIterator$Entry done
Event: 20.780 Loading class java/util/stream/ReduceOps$2
Event: 20.780 Loading class java/util/stream/ReduceOps$2 done
Event: 20.781 Loading class java/util/stream/ReduceOps$2ReducingSink
Event: 20.781 Loading class java/util/stream/ReduceOps$2ReducingSink done
Event: 21.496 Loading class java/util/EnumMap$Values
Event: 21.497 Loading class java/util/EnumMap$Values done
Event: 21.497 Loading class java/util/EnumMap$ValueIterator
Event: 21.497 Loading class java/util/EnumMap$ValueIterator done
Event: 21.501 Loading class java/util/WeakHashMap$KeyIterator
Event: 21.502 Loading class java/util/WeakHashMap$KeyIterator done
Event: 21.550 Loading class java/text/MessageFormat$Field
Event: 21.550 Loading class java/text/MessageFormat$Field done

Classes unloaded (0 events):
No events

Classes redefined (0 events):
No events

Internal exceptions (20 events):
Event: 20.436 Thread 0x000001736dba2680 Exception <a 'java/lang/NoSuchMethodError'{0x000000008a3fc5d0}: 'java.lang.Object java.lang.invoke.Invokers$Holder.linkToTargetMethod(java.lang.Object, java.lang.Object, java.lang.Object, java.lang.Object, java.lang.Object, java.lang.Object, java.lang.Object, java.lang.Object)'> (0x000000008a3fc5d0) 
thrown [s\src\hotspot\share\interpreter\linkResolver.cpp, line 759]
Event: 20.491 Thread 0x000001736dba2680 Exception <a 'sun/nio/fs/WindowsException'{0x000000008a2a38f0}> (0x000000008a2a38f0) 
thrown [s\src\hotspot\share\prims\jni.cpp, line 516]
Event: 20.491 Thread 0x000001736dba2680 Exception <a 'sun/nio/fs/WindowsException'{0x000000008a2b1eb0}> (0x000000008a2b1eb0) 
thrown [s\src\hotspot\share\prims\jni.cpp, line 516]
Event: 20.493 Thread 0x000001736dba2680 Exception <a 'sun/nio/fs/WindowsException'{0x000000008a2d5e20}> (0x000000008a2d5e20) 
thrown [s\src\hotspot\share\prims\jni.cpp, line 516]
Event: 20.493 Thread 0x000001736dba2680 Exception <a 'sun/nio/fs/WindowsException'{0x000000008a2d6aa8}> (0x000000008a2d6aa8) 
thrown [s\src\hotspot\share\prims\jni.cpp, line 516]
Event: 20.792 Thread 0x000001736dba2680 Exception <a 'java/lang/NoSuchMethodError'{0x0000000089efb488}: 'java.lang.Object java.lang.invoke.DirectMethodHandle$Holder.newInvokeSpecial(java.lang.Object, java.lang.Object, java.lang.Object, java.lang.Object, java.lang.Object, java.lang.Object, java.lang.Object, int)'> (0x0000000089efb488) 
thrown [s\src\hotspot\share\interpreter\linkResolver.cpp, line 759]
Event: 20.793 Thread 0x000001736dba2680 Exception <a 'java/lang/NoSuchMethodError'{0x0000000089d011f0}: 'java.lang.Object java.lang.invoke.DirectMethodHandle$Holder.invokeSpecial(java.lang.Object, java.lang.Object, java.lang.Object, java.lang.Object, java.lang.Object, java.lang.Object, java.lang.Object, java.lang.Object, int)'> (0x0000000089d011f0) 
thrown [s\src\hotspot\share\interpreter\linkResolver.cpp, line 759]
Event: 20.794 Thread 0x000001736dba2680 Exception <a 'java/lang/NoSuchMethodError'{0x0000000089d0a1f0}: 'void java.lang.invoke.DirectMethodHandle$Holder.invokeStatic(java.lang.Object, java.lang.Object, java.lang.Object, java.lang.Object)'> (0x0000000089d0a1f0) 
thrown [s\src\hotspot\share\interpreter\linkResolver.cpp, line 759]
Event: 21.391 Thread 0x000001736dba2680 Exception <a 'sun/nio/fs/WindowsException'{0x000000008979efa8}> (0x000000008979efa8) 
thrown [s\src\hotspot\share\prims\jni.cpp, line 516]
Event: 21.392 Thread 0x000001736dba2680 Exception <a 'sun/nio/fs/WindowsException'{0x00000000897a47f8}> (0x00000000897a47f8) 
thrown [s\src\hotspot\share\prims\jni.cpp, line 516]
Event: 21.392 Thread 0x000001736dba2680 Exception <a 'sun/nio/fs/WindowsException'{0x00000000897b1f30}> (0x00000000897b1f30) 
thrown [s\src\hotspot\share\prims\jni.cpp, line 516]
Event: 21.392 Thread 0x000001736dba2680 Exception <a 'sun/nio/fs/WindowsException'{0x00000000897b2e80}> (0x00000000897b2e80) 
thrown [s\src\hotspot\share\prims\jni.cpp, line 516]
Event: 21.410 Thread 0x000001736dba2680 Exception <a 'sun/nio/fs/WindowsException'{0x000000008965f2d0}> (0x000000008965f2d0) 
thrown [s\src\hotspot\share\prims\jni.cpp, line 516]
Event: 21.411 Thread 0x000001736dba2680 Exception <a 'sun/nio/fs/WindowsException'{0x00000000896635f0}> (0x00000000896635f0) 
thrown [s\src\hotspot\share\prims\jni.cpp, line 516]
Event: 21.411 Thread 0x000001736dba2680 Exception <a 'sun/nio/fs/WindowsException'{0x000000008966c520}> (0x000000008966c520) 
thrown [s\src\hotspot\share\prims\jni.cpp, line 516]
Event: 21.411 Thread 0x000001736dba2680 Exception <a 'sun/nio/fs/WindowsException'{0x000000008966d440}> (0x000000008966d440) 
thrown [s\src\hotspot\share\prims\jni.cpp, line 516]
Event: 21.447 Thread 0x000001736dba2680 Exception <a 'sun/nio/fs/WindowsException'{0x0000000089528758}> (0x0000000089528758) 
thrown [s\src\hotspot\share\prims\jni.cpp, line 516]
Event: 21.448 Thread 0x000001736dba2680 Exception <a 'sun/nio/fs/WindowsException'{0x000000008952f860}> (0x000000008952f860) 
thrown [s\src\hotspot\share\prims\jni.cpp, line 516]
Event: 21.449 Thread 0x000001736dba2680 Exception <a 'sun/nio/fs/WindowsException'{0x0000000089541620}> (0x0000000089541620) 
thrown [s\src\hotspot\share\prims\jni.cpp, line 516]
Event: 21.449 Thread 0x000001736dba2680 Exception <a 'sun/nio/fs/WindowsException'{0x0000000089542858}> (0x0000000089542858) 
thrown [s\src\hotspot\share\prims\jni.cpp, line 516]

VM Operations (20 events):
Event: 20.001 Executing VM operation: ICBufferFull
Event: 20.001 Executing VM operation: ICBufferFull done
Event: 20.151 Executing VM operation: ICBufferFull
Event: 20.151 Executing VM operation: ICBufferFull done
Event: 20.247 Executing VM operation: HandshakeAllThreads
Event: 20.247 Executing VM operation: HandshakeAllThreads done
Event: 20.248 Executing VM operation: HandshakeAllThreads
Event: 20.248 Executing VM operation: HandshakeAllThreads done
Event: 20.282 Executing VM operation: HandshakeAllThreads
Event: 20.283 Executing VM operation: HandshakeAllThreads done
Event: 20.299 Executing VM operation: ICBufferFull
Event: 20.299 Executing VM operation: ICBufferFull done
Event: 20.448 Executing VM operation: HandshakeAllThreads
Event: 20.449 Executing VM operation: HandshakeAllThreads done
Event: 20.506 Executing VM operation: ICBufferFull
Event: 20.506 Executing VM operation: ICBufferFull done
Event: 20.713 Executing VM operation: ICBufferFull
Event: 20.713 Executing VM operation: ICBufferFull done
Event: 21.322 Executing VM operation: ICBufferFull
Event: 21.322 Executing VM operation: ICBufferFull done

Memory protections (0 events):
No events

Nmethod flushes (20 events):
Event: 16.956 Thread 0x000001737c74c030 flushing  nmethod 0x0000017300b44210
Event: 16.956 Thread 0x000001737c74c030 flushing  nmethod 0x0000017300b45d90
Event: 16.956 Thread 0x000001737c74c030 flushing  nmethod 0x0000017300b47190
Event: 16.956 Thread 0x000001737c74c030 flushing  nmethod 0x0000017300b47890
Event: 16.956 Thread 0x000001737c74c030 flushing  nmethod 0x0000017300b48210
Event: 16.956 Thread 0x000001737c74c030 flushing  nmethod 0x0000017300b4de10
Event: 16.956 Thread 0x000001737c74c030 flushing  nmethod 0x0000017300b56010
Event: 16.956 Thread 0x000001737c74c030 flushing  nmethod 0x0000017300b56610
Event: 16.956 Thread 0x000001737c74c030 flushing  nmethod 0x0000017300b5ce10
Event: 16.956 Thread 0x000001737c74c030 flushing  nmethod 0x0000017300b5e610
Event: 16.956 Thread 0x000001737c74c030 flushing  nmethod 0x0000017300b5f810
Event: 16.956 Thread 0x000001737c74c030 flushing  nmethod 0x0000017300b5fc10
Event: 16.956 Thread 0x000001737c74c030 flushing  nmethod 0x0000017300b60e90
Event: 16.956 Thread 0x000001737c74c030 flushing  nmethod 0x0000017300b65510
Event: 16.956 Thread 0x000001737c74c030 flushing  nmethod 0x0000017300b6fc10
Event: 16.956 Thread 0x000001737c74c030 flushing  nmethod 0x0000017300b70010
Event: 16.956 Thread 0x000001737c74c030 flushing  nmethod 0x0000017300b70a10
Event: 16.956 Thread 0x000001737c74c030 flushing  nmethod 0x0000017300b72b90
Event: 16.956 Thread 0x000001737c74c030 flushing  nmethod 0x0000017300b7f610
Event: 16.956 Thread 0x000001737c74c030 flushing  nmethod 0x0000017300ba6e10

Events (20 events):
Event: 0.050 Thread 0x000001736dba2680 Thread added: 0x000001737c6e5690
Event: 0.051 Thread 0x000001736dba2680 Thread added: 0x000001737c6e6340
Event: 0.051 Thread 0x000001736dba2680 Thread added: 0x000001737c6e74a0
Event: 0.052 Thread 0x000001736dba2680 Thread added: 0x000001737c74c030
Event: 0.092 Thread 0x000001736dba2680 Thread added: 0x000001737c995b10
Event: 0.095 Thread 0x000001736dba2680 Thread added: 0x000001737c9a1700
Event: 5.627 Thread 0x000001736dba2680 Thread added: 0x000001737c8b3100
Event: 5.752 Thread 0x000001737c8b3100 Thread exited: 0x000001737c8b3100
Event: 6.957 Thread 0x000001737c6e74a0 Thread added: 0x000001737cda44a0
Event: 7.930 Thread 0x000001737cda44a0 Thread exited: 0x000001737cda44a0
Event: 8.590 Thread 0x000001737c6e74a0 Thread added: 0x000001737d4cf860
Event: 9.261 Thread 0x000001737d4cf860 Thread exited: 0x000001737d4cf860
Event: 9.373 Thread 0x000001736dba2680 Thread added: 0x000001737dbacb40
Event: 9.525 Thread 0x000001737c6e74a0 Thread added: 0x000001737dbad020
Event: 13.348 Thread 0x000001737dbad020 Thread exited: 0x000001737dbad020
Event: 13.887 Thread 0x000001737c6e74a0 Thread added: 0x000001737cc6edc0
Event: 15.020 Thread 0x000001737cc6edc0 Thread exited: 0x000001737cc6edc0
Event: 15.326 Thread 0x000001737c6e74a0 Thread added: 0x000001737d5c6970
Event: 18.972 Thread 0x000001737d5c6970 Thread exited: 0x000001737d5c6970
Event: 19.081 Thread 0x000001737c6e74a0 Thread added: 0x000001737dc24f10


Dynamic libraries:
0x00007ff73a210000 - 0x00007ff73a21e000 	C:\Users\PC\AppData\Roaming\Code\User\globalStorage\pleiades.java-extension-pack-jdk\java\17\bin\java.exe
0x00007ffa85c50000 - 0x00007ffa85e48000 	C:\Windows\SYSTEM32\ntdll.dll
0x00007ffa84900000 - 0x00007ffa849c2000 	C:\Windows\System32\KERNEL32.DLL
0x00007ffa83970000 - 0x00007ffa83c66000 	C:\Windows\System32\KERNELBASE.dll
0x00007ffa832e0000 - 0x00007ffa833e0000 	C:\Windows\System32\ucrtbase.dll
0x00007ffa7cdc0000 - 0x00007ffa7cdd7000 	C:\Users\PC\AppData\Roaming\Code\User\globalStorage\pleiades.java-extension-pack-jdk\java\17\bin\jli.dll
0x00007ffa6e710000 - 0x00007ffa6e72e000 	C:\Users\PC\AppData\Roaming\Code\User\globalStorage\pleiades.java-extension-pack-jdk\java\17\bin\VCRUNTIME140.dll
0x00007ffa840b0000 - 0x00007ffa8424d000 	C:\Windows\System32\USER32.dll
0x00007ffa838c0000 - 0x00007ffa838e2000 	C:\Windows\System32\win32u.dll
0x00007ffa84250000 - 0x00007ffa8427b000 	C:\Windows\System32\GDI32.dll
0x00007ffa83640000 - 0x00007ffa83759000 	C:\Windows\System32\gdi32full.dll
0x00007ffa835a0000 - 0x00007ffa8363d000 	C:\Windows\System32\msvcp_win.dll
0x00007ffa74140000 - 0x00007ffa743da000 	C:\Windows\WinSxS\amd64_microsoft.windows.common-controls_6595b64144ccf1df_6.0.19041.5915_none_60b4b9d171f9c7c7\COMCTL32.dll
0x00007ffa85890000 - 0x00007ffa8592e000 	C:\Windows\System32\msvcrt.dll
0x00007ffa83d30000 - 0x00007ffa83d5f000 	C:\Windows\System32\IMM32.DLL
0x00007ffa7d6f0000 - 0x00007ffa7d6fc000 	C:\Users\PC\AppData\Roaming\Code\User\globalStorage\pleiades.java-extension-pack-jdk\java\17\bin\vcruntime140_1.dll
0x00007ffa60f20000 - 0x00007ffa60fad000 	C:\Users\PC\AppData\Roaming\Code\User\globalStorage\pleiades.java-extension-pack-jdk\java\17\bin\msvcp140.dll
0x00007ffa279e0000 - 0x00007ffa2864b000 	C:\Users\PC\AppData\Roaming\Code\User\globalStorage\pleiades.java-extension-pack-jdk\java\17\bin\server\jvm.dll
0x00007ffa83c70000 - 0x00007ffa83d21000 	C:\Windows\System32\ADVAPI32.dll
0x00007ffa84ba0000 - 0x00007ffa84c3f000 	C:\Windows\System32\sechost.dll
0x00007ffa84280000 - 0x00007ffa843a3000 	C:\Windows\System32\RPCRT4.dll
0x00007ffa838f0000 - 0x00007ffa83917000 	C:\Windows\System32\bcrypt.dll
0x00007ffa843b0000 - 0x00007ffa8441b000 	C:\Windows\System32\WS2_32.dll
0x00007ffa74710000 - 0x00007ffa74737000 	C:\Windows\SYSTEM32\WINMM.dll
0x00007ffa7aa50000 - 0x00007ffa7aa5a000 	C:\Windows\SYSTEM32\VERSION.dll
0x00007ffa83140000 - 0x00007ffa8318b000 	C:\Windows\SYSTEM32\POWRPROF.dll
0x00007ffa83120000 - 0x00007ffa83132000 	C:\Windows\SYSTEM32\UMPDC.dll
0x00007ffa81b50000 - 0x00007ffa81b62000 	C:\Windows\SYSTEM32\kernel.appcore.dll
0x00007ffa7cdb0000 - 0x00007ffa7cdba000 	C:\Users\PC\AppData\Roaming\Code\User\globalStorage\pleiades.java-extension-pack-jdk\java\17\bin\jimage.dll
0x00007ffa743e0000 - 0x00007ffa745e1000 	C:\Windows\SYSTEM32\DBGHELP.DLL
0x00007ffa729d0000 - 0x00007ffa72a04000 	C:\Windows\SYSTEM32\dbgcore.DLL
0x00007ffa83490000 - 0x00007ffa83512000 	C:\Windows\System32\bcryptPrimitives.dll
0x00007ffa6e6e0000 - 0x00007ffa6e705000 	C:\Users\PC\AppData\Roaming\Code\User\globalStorage\pleiades.java-extension-pack-jdk\java\17\bin\java.dll
0x00007ffa57c80000 - 0x00007ffa57d57000 	C:\Users\PC\AppData\Roaming\Code\User\globalStorage\pleiades.java-extension-pack-jdk\java\17\bin\jsvml.dll
0x00007ffa84c40000 - 0x00007ffa853ae000 	C:\Windows\System32\SHELL32.dll
0x00007ffa80920000 - 0x00007ffa810c4000 	C:\Windows\SYSTEM32\windows.storage.dll
0x00007ffa845a0000 - 0x00007ffa848f3000 	C:\Windows\System32\combase.dll
0x00007ffa82c40000 - 0x00007ffa82c6b000 	C:\Windows\SYSTEM32\Wldp.dll
0x00007ffa85930000 - 0x00007ffa859fd000 	C:\Windows\System32\OLEAUT32.dll
0x00007ffa85a00000 - 0x00007ffa85aad000 	C:\Windows\System32\SHCORE.dll
0x00007ffa85830000 - 0x00007ffa8588b000 	C:\Windows\System32\shlwapi.dll
0x00007ffa83210000 - 0x00007ffa83235000 	C:\Windows\SYSTEM32\profapi.dll
0x00007ffa6e6c0000 - 0x00007ffa6e6d9000 	C:\Users\PC\AppData\Roaming\Code\User\globalStorage\pleiades.java-extension-pack-jdk\java\17\bin\net.dll
0x00007ffa7aa60000 - 0x00007ffa7ab6a000 	C:\Windows\SYSTEM32\WINHTTP.dll
0x00007ffa829a0000 - 0x00007ffa82a0a000 	C:\Windows\system32\mswsock.dll
0x00007ffa6e3b0000 - 0x00007ffa6e3c6000 	C:\Users\PC\AppData\Roaming\Code\User\globalStorage\pleiades.java-extension-pack-jdk\java\17\bin\nio.dll
0x00007ffa6e340000 - 0x00007ffa6e358000 	C:\Users\PC\AppData\Roaming\Code\User\globalStorage\pleiades.java-extension-pack-jdk\java\17\bin\zip.dll
0x00007ffa60ef0000 - 0x00007ffa60f14000 	C:\Users\PC\AppData\Roaming\Code\User\globalStorage\pleiades.java-extension-pack-jdk\maven\latest\lib\jansi-native\Windows\x86_64\jansi.dll
0x00007ffa6e6b0000 - 0x00007ffa6e6c0000 	C:\Users\PC\AppData\Roaming\Code\User\globalStorage\pleiades.java-extension-pack-jdk\java\17\bin\verify.dll

dbghelp: loaded successfully - version: 4.0.5 - missing functions: none
symbol engine: initialized successfully - sym options: 0x614 - pdb path: .;C:\Users\PC\AppData\Roaming\Code\User\globalStorage\pleiades.java-extension-pack-jdk\java\17\bin;C:\Windows\SYSTEM32;C:\Windows\WinSxS\amd64_microsoft.windows.common-controls_6595b64144ccf1df_6.0.19041.5915_none_60b4b9d171f9c7c7;C:\Users\PC\AppData\Roaming\Code\User\globalStorage\pleiades.java-extension-pack-jdk\java\17\bin\server;C:\Users\PC\AppData\Roaming\Code\User\globalStorage\pleiades.java-extension-pack-jdk\maven\latest\lib\jansi-native\Windows\x86_64

VM Arguments:
jvm_args: --enable-native-access=ALL-UNNAMED -Dclassworlds.conf=C:\Users\PC\AppData\Roaming\Code\User\globalStorage\pleiades.java-extension-pack-jdk\maven\latest\bin\m2.conf -Dmaven.home=C:\Users\PC\AppData\Roaming\Code\User\globalStorage\pleiades.java-extension-pack-jdk\maven\latest -Dlibrary.jansi.path=C:\Users\PC\AppData\Roaming\Code\User\globalStorage\pleiades.java-extension-pack-jdk\maven\latest\lib\jansi-native -Dmaven.multiModuleProjectDirectory=G:\temperatureserver\temperatureserver 
java_command: org.codehaus.plexus.classworlds.launcher.Launcher spring-boot:run
java_class_path (initial): C:\Users\PC\AppData\Roaming\Code\User\globalStorage\pleiades.java-extension-pack-jdk\maven\latest\boot\plexus-classworlds-2.9.0.jar
Launcher Type: SUN_STANDARD

[Global flags]
     intx CICompilerCount                          = 3                                         {product} {ergonomic}
     uint ConcGCThreads                            = 1                                         {product} {ergonomic}
     uint G1ConcRefinementThreads                  = 4                                         {product} {ergonomic}
   size_t G1HeapRegionSize                         = 1048576                                   {product} {ergonomic}
    uintx GCDrainStackTargetSize                   = 64                                        {product} {ergonomic}
   size_t InitialHeapSize                          = 134217728                                 {product} {ergonomic}
   size_t MarkStackSize                            = 4194304                                   {product} {ergonomic}
   size_t MaxHeapSize                              = 2116026368                                {product} {ergonomic}
   size_t MaxNewSize                               = 1268776960                                {product} {ergonomic}
   size_t MinHeapDeltaBytes                        = 1048576                                   {product} {ergonomic}
   size_t MinHeapSize                              = 8388608                                   {product} {ergonomic}
    uintx NonNMethodCodeHeapSize                   = 5832780                                {pd product} {ergonomic}
    uintx NonProfiledCodeHeapSize                  = 122912730                              {pd product} {ergonomic}
    uintx ProfiledCodeHeapSize                     = 122912730                              {pd product} {ergonomic}
    uintx ReservedCodeCacheSize                    = 251658240                              {pd product} {ergonomic}
     bool SegmentedCodeCache                       = true                                      {product} {ergonomic}
   size_t SoftMaxHeapSize                          = 2116026368                             {manageable} {ergonomic}
     bool UseCompressedClassPointers               = true                           {product lp64_product} {ergonomic}
     bool UseCompressedOops                        = true                           {product lp64_product} {ergonomic}
     bool UseG1GC                                  = true                                      {product} {ergonomic}
     bool UseLargePagesIndividualAllocation        = false                                  {pd product} {ergonomic}

Logging:
Log output configuration:
 #0: stdout all=warning uptime,level,tags
 #1: stderr all=off uptime,level,tags

Environment Variables:
JAVA_HOME=C:\Users\PC\AppData\Roaming\Code\User\globalStorage\pleiades.java-extension-pack-jdk\java\17
PATH=C:\Users\PC\AppData\Roaming\Code\User\globalStorage\pleiades.java-extension-pack-jdk\gradle\latest\bin;C:\Users\PC\AppData\Roaming\Code\User\globalStorage\pleiades.java-extension-pack-jdk\maven\latest\bin;C:\Users\PC\AppData\Roaming\Code\User\globalStorage\pleiades.java-extension-pack-jdk\java\17\bin;C:\Program Files\Java\jdk17\bin\java.exe;G:\Eclipse\apache-maven-3.9.9-src\bin;F:\bin\;C:\app\nouhaila\product\21c\dbhomeXE\bin;C:\Program Files\Python39\Scripts\;C:\Program Files\Java\jdk17\bin;C:\Program Files\Python39\;C:\Windows\system32;C:\Windows;C:\Windows\System32\Wbem;C:\Windows\System32\WindowsPowerShell\v1.0\;C:\Windows\System32\OpenSSH\;C:\Program Files\Git\cmd;C:\Python27\Scripts;C:\Program Files\Microchip\xc8\v2.31\bin;C:\Program Files\MySQL\MySQL Server 8.0\bin;C:\Program Files\Graphviz\bin;C:\php-8.4.4;G:\Eclipse\apache-maven-3.9.9-src;G:\RTI\rti_connext_dds-7.3.0\lib\x64Win64VS2017;G:\flutter_windows_3.29.2-stable\flutter\bin;G:\AndroidStudio\Sdk;G:\AndroidStudio\Sdk\build-tools;G:\FlutterCache\PUB_CACHE;C:\Program Files\Docker\Docker\resources\bin;G:\Nodered\;C:\ProgramData\chocolatey\bin;G:\apache-maven-3.9.10-bin\apache-maven-3.9.10\bin;C:\Program Files\Java\jdk17\bin\java.exe;C:\Users\PC\AppData\Local\Programs\Python\Python312\Scripts\;C:\Users\PC\AppData\Local\Programs\Python\Python312\;C:\Users\PC\AppData\Local\Microsoft\WindowsApps;C:\Users\PC\AppData\Roaming\Microsoft\Windows\Start Menu\Programs\Python 3.12;C:\Users\PC\AppData\Roaming\Microsoft\Windows\Start Menu\Programs\Python 3.12;C:\Users\PC\AppData\Roaming\Microsoft\Windows\Start Menu\Programs\Python 3.12;C:\Users\PC\AppData\Roaming\Microsoft\Windows\Start Menu\Programs\Python 3.12;C:\Users\PC\AppData\Roaming\Microsoft\Windows\Start Menu\Programs\Python 3.12;C:\Users\PC\AppData\Roaming\Microsoft\Windows\Start Menu\Programs\Python 3.12;C:\Users\PC\Downloads\windows_10_cmake_Release_graphviz-install-12.0.0-win64.exe;C:\Program Files (x86)\Graphviz2.38\bin;C:\Program Files\Graphviz\bin;C:\app\Microsoft VS Code\bin;C:\Users\PC\AppData\Roaming\npm
USERNAME=nouhaila
LANG=en_US.UTF-8
OS=Windows_NT
PROCESSOR_IDENTIFIER=Intel64 Family 6 Model 61 Stepping 4, GenuineIntel
TMP=C:\Users\PC\AppData\Local\Temp
TEMP=C:\Users\PC\AppData\Local\Temp



Periodic native trim disabled


---------------  S Y S T E M  ---------------

OS:
 Windows 10 , 64 bit Build 19041 (10.0.19041.5915)
OS uptime: 2 days 16:37 hours

CPU: total 4 (initial active 4) (2 cores per cpu, 2 threads per core) family 6 model 61 stepping 4 microcode 0x2d, cx8, cmov, fxsr, ht, mmx, 3dnowpref, sse, sse2, sse3, ssse3, sse4.1, sse4.2, popcnt, lzcnt, tsc, tscinvbit, avx, avx2, aes, erms, clmul, bmi1, bmi2, rtm, adx, fma, vzeroupper, clflush
Processor Information for all 4 processors :
  Max Mhz: 2594, Current Mhz: 2594, Mhz Limit: 2594

Memory: 4k page, system-wide physical 8071M (885M free)
TotalPageFile size 19116M (AvailPageFile size 131M)
current process WorkingSet (physical memory assigned to process): 259M, peak: 280M
current process commit charge ("private bytes"): 320M, peak: 344M

vm_info: OpenJDK 64-Bit Server VM (17.0.15+6) for windows-amd64 JRE (17.0.15+6), built on Apr 15 2025 21:25:47 by "admin" with MS VC++ 17.7 (VS2022)

END.
