#
# There is insufficient memory for the Java Runtime Environment to continue.
# Native memory allocation (malloc) failed to allocate 817936 bytes. Error detail: Chunk::new
# Possible reasons:
#   The system is out of physical RAM or swap space
#   This process is running with CompressedOops enabled, and the Java Heap may be blocking the growth of the native heap
# Possible solutions:
#   Reduce memory load on the system
#   Increase physical memory or swap space
#   Check if swap backing store is full
#   Decrease Java heap size (-Xmx/-Xms)
#   Decrease number of Java threads
#   Decrease Java thread stack sizes (-Xss)
#   Set larger code cache with -XX:ReservedCodeCacheSize=
#   JVM is running with Unscaled Compressed Oops mode in which the Java heap is
#     placed in the first 4GB address space. The Java Heap base address is the
#     maximum limit for the native heap growth. Please use -XX:HeapBaseMinAddress
#     to set the Java Heap base and to place the Java Heap above 4GB virtual address.
# This output file may be truncated or incomplete.
#
#  Out of Memory Error (arena.cpp:168), pid=11384, tid=532
#
# JRE version: OpenJDK Runtime Environment Temurin-21.0.7+6 (21.0.7+6) (build 21.0.7+6-LTS)
# Java VM: OpenJDK 64-Bit Server VM Temurin-21.0.7+6 (21.0.7+6-LTS, mixed mode, sharing, tiered, compressed oops, compressed class ptrs, parallel gc, windows-amd64)
# No core dump will be written. Minidumps are not enabled by default on client versions of Windows
#

---------------  S U M M A R Y ------------

Command Line: --add-modules=ALL-SYSTEM --add-opens=java.base/java.util=ALL-UNNAMED --add-opens=java.base/java.lang=ALL-UNNAMED --add-opens=java.base/sun.nio.fs=ALL-UNNAMED -Declipse.application=org.eclipse.jdt.ls.core.id1 -Dosgi.bundles.defaultStartLevel=4 -Declipse.product=org.eclipse.jdt.ls.core.product -Djava.import.generatesMetadataFilesAtProjectRoot=false -DDetectVMInstallationsJob.disabled=true -Dfile.encoding=utf8 -XX:+UseParallelGC -XX:GCTimeRatio=4 -XX:AdaptiveSizePolicyWeight=90 -Dsun.zip.disableMemoryMapping=true -Xmx2G -Xms100m -Xlog:disable -javaagent:c:\Users\PC\.vscode\extensions\redhat.java-1.43.1-win32-x64\lombok\lombok-1.18.39-4050.jar -XX:+HeapDumpOnOutOfMemoryError -XX:HeapDumpPath=c:\Users\PC\AppData\Roaming\Code\User\workspaceStorage\73074d77ffb52986d968374123969e44\redhat.java -Daether.dependencyCollector.impl=bf c:\Users\PC\.vscode\extensions\redhat.java-1.43.1-win32-x64\server\plugins\org.eclipse.equinox.launcher_1.7.0.v20250519-0528.jar -configuration c:\Users\PC\AppData\Roaming\Code\User\globalStorage\redhat.java\1.43.1\config_win -data c:\Users\PC\AppData\Roaming\Code\User\workspaceStorage\73074d77ffb52986d968374123969e44\redhat.java\jdt_ws --pipe=\\.\pipe\lsp-a1a312d1f748073e6e55d72488ad22a8-sock

Host: Intel(R) Core(TM) i7-5600U CPU @ 2.60GHz, 4 cores, 7G,  Windows 10 , 64 bit Build 19041 (10.0.19041.5915)
Time: Mon Jul  7 15:16:46 2025 Maroc (heure d64 bit Build 19041 (10.0.19041.5915) elapsed time: 6515.348630 seconds (0d 1h 48m 35s)

---------------  T H R E A D  ---------------

Current thread (0x000001affd6b7a30):  JavaThread "C2 CompilerThread0" daemon [_thread_in_native, id=532, stack(0x0000004acc400000,0x0000004acc500000) (1024K)]


Current CompileTask:
C2:6515348 19158       4       org.eclipse.osgi.internal.loader.BundleLoader::addExportedProvidersFor (167 bytes)

Stack: [0x0000004acc400000,0x0000004acc500000]
Native frames: (J=compiled Java code, j=interpreted, Vv=VM code, C=native code)
V  [jvm.dll+0x6ce119]
V  [jvm.dll+0x8a84a1]
V  [jvm.dll+0x8aa9ce]
V  [jvm.dll+0x8ab0b3]
V  [jvm.dll+0x27f8a6]
V  [jvm.dll+0xc507d]
V  [jvm.dll+0xc55b3]
V  [jvm.dll+0x3b68f2]
V  [jvm.dll+0x382aa5]
V  [jvm.dll+0x381f0a]
V  [jvm.dll+0x247af0]
V  [jvm.dll+0x2470cf]
V  [jvm.dll+0x1c760e]
V  [jvm.dll+0x25695a]
V  [jvm.dll+0x254efa]
V  [jvm.dll+0x3f03f6]
V  [jvm.dll+0x851f6b]
V  [jvm.dll+0x6cc7dd]
C  [ucrtbase.dll+0x21bb2]
C  [KERNEL32.DLL+0x17374]
C  [ntdll.dll+0x4cc91]


---------------  P R O C E S S  ---------------

Threads class SMR info:
_java_thread_list=0x000001afdae9e180, length=35, elements={
0x000001aff9cd2a40, 0x000001affd6aafd0, 0x000001affd6ae7e0, 0x000001affd6b00e0,
0x000001affd6b3260, 0x000001affd6b6a40, 0x000001affd6b70a0, 0x000001affd6b7a30,
0x000001affd729ae0, 0x000001aff9d407a0, 0x000001affe476c20, 0x000001affe8b2900,
0x000001affef35680, 0x000001affef0b670, 0x000001affe5034b0, 0x000001affee81cf0,
0x000001afd8500770, 0x000001afd80f9f70, 0x000001afd80f98e0, 0x000001afd80f9250,
0x000001afd80fa600, 0x000001afd80fb320, 0x000001afd8a423d0, 0x000001afd8a46570,
0x000001afd8a43e10, 0x000001afd8a45850, 0x000001afd8a42a60, 0x000001afd8a40990,
0x000001afd8a430f0, 0x000001afd8a44b30, 0x000001afd8a45ee0, 0x000001afd9be4cc0,
0x000001afd9be1ed0, 0x000001afd9be0490, 0x000001affec27f90
}

Java Threads: ( => current thread )
  0x000001aff9cd2a40 JavaThread "main"                              [_thread_blocked, id=12252, stack(0x0000004acba00000,0x0000004acbb00000) (1024K)]
  0x000001affd6aafd0 JavaThread "Reference Handler"          daemon [_thread_blocked, id=15356, stack(0x0000004acbe00000,0x0000004acbf00000) (1024K)]
  0x000001affd6ae7e0 JavaThread "Finalizer"                  daemon [_thread_blocked, id=4732, stack(0x0000004acbf00000,0x0000004acc000000) (1024K)]
  0x000001affd6b00e0 JavaThread "Signal Dispatcher"          daemon [_thread_blocked, id=16912, stack(0x0000004acc000000,0x0000004acc100000) (1024K)]
  0x000001affd6b3260 JavaThread "Attach Listener"            daemon [_thread_blocked, id=16180, stack(0x0000004acc100000,0x0000004acc200000) (1024K)]
  0x000001affd6b6a40 JavaThread "Service Thread"             daemon [_thread_blocked, id=12516, stack(0x0000004acc200000,0x0000004acc300000) (1024K)]
  0x000001affd6b70a0 JavaThread "Monitor Deflation Thread"   daemon [_thread_blocked, id=5916, stack(0x0000004acc300000,0x0000004acc400000) (1024K)]
=>0x000001affd6b7a30 JavaThread "C2 CompilerThread0"         daemon [_thread_in_native, id=532, stack(0x0000004acc400000,0x0000004acc500000) (1024K)]
  0x000001affd729ae0 JavaThread "C1 CompilerThread0"         daemon [_thread_blocked, id=15684, stack(0x0000004acc500000,0x0000004acc600000) (1024K)]
  0x000001aff9d407a0 JavaThread "Common-Cleaner"             daemon [_thread_blocked, id=15388, stack(0x0000004acc600000,0x0000004acc700000) (1024K)]
  0x000001affe476c20 JavaThread "Notification Thread"        daemon [_thread_blocked, id=11696, stack(0x0000004acc700000,0x0000004acc800000) (1024K)]
  0x000001affe8b2900 JavaThread "Active Thread: Equinox Container: 5f0d81dd-53ed-4696-9775-dc90254394f2"        [_thread_blocked, id=2144, stack(0x0000004accc00000,0x0000004accd00000) (1024K)]
  0x000001affef35680 JavaThread "Refresh Thread: Equinox Container: 5f0d81dd-53ed-4696-9775-dc90254394f2" daemon [_thread_blocked, id=9328, stack(0x0000004accb00000,0x0000004accc00000) (1024K)]
  0x000001affef0b670 JavaThread "Framework Event Dispatcher: Equinox Container: 5f0d81dd-53ed-4696-9775-dc90254394f2" daemon [_thread_blocked, id=10288, stack(0x0000004accd00000,0x0000004acce00000) (1024K)]
  0x000001affe5034b0 JavaThread "Start Level: Equinox Container: 5f0d81dd-53ed-4696-9775-dc90254394f2" daemon [_thread_blocked, id=13580, stack(0x0000004acce00000,0x0000004accf00000) (1024K)]
  0x000001affee81cf0 JavaThread "Bundle File Closer"         daemon [_thread_blocked, id=11932, stack(0x0000004acd000000,0x0000004acd100000) (1024K)]
  0x000001afd8500770 JavaThread "SCR Component Actor"        daemon [_thread_blocked, id=6680, stack(0x0000004accf00000,0x0000004acd000000) (1024K)]
  0x000001afd80f9f70 JavaThread "Worker-JM"                         [_thread_blocked, id=4764, stack(0x0000004acd200000,0x0000004acd300000) (1024K)]
  0x000001afd80f98e0 JavaThread "JNA Cleaner"                daemon [_thread_blocked, id=17216, stack(0x0000004acd300000,0x0000004acd400000) (1024K)]
  0x000001afd80f9250 JavaThread "Worker-0"                          [_thread_blocked, id=13572, stack(0x0000004acd400000,0x0000004acd500000) (1024K)]
  0x000001afd80fa600 JavaThread "Java indexing"              daemon [_thread_blocked, id=2984, stack(0x0000004acd800000,0x0000004acd900000) (1024K)]
  0x000001afd80fb320 JavaThread "Thread-2"                   daemon [_thread_in_native, id=11312, stack(0x0000004acdc00000,0x0000004acdd00000) (1024K)]
  0x000001afd8a423d0 JavaThread "Thread-3"                   daemon [_thread_in_native, id=6168, stack(0x0000004acdd00000,0x0000004acde00000) (1024K)]
  0x000001afd8a46570 JavaThread "Thread-4"                   daemon [_thread_in_native, id=18364, stack(0x0000004acde00000,0x0000004acdf00000) (1024K)]
  0x000001afd8a43e10 JavaThread "Thread-5"                   daemon [_thread_in_native, id=956, stack(0x0000004acdf00000,0x0000004ace000000) (1024K)]
  0x000001afd8a45850 JavaThread "Thread-6"                   daemon [_thread_in_native, id=17692, stack(0x0000004ace000000,0x0000004ace100000) (1024K)]
  0x000001afd8a42a60 JavaThread "pool-2-thread-1"                   [_thread_blocked, id=4248, stack(0x0000004ace100000,0x0000004ace200000) (1024K)]
  0x000001afd8a40990 JavaThread "WorkspaceEventsHandler"            [_thread_blocked, id=11468, stack(0x0000004ace200000,0x0000004ace300000) (1024K)]
  0x000001afd8a430f0 JavaThread "pool-1-thread-1"                   [_thread_blocked, id=8064, stack(0x0000004ace300000,0x0000004ace400000) (1024K)]
  0x000001afd8a44b30 JavaThread "Worker-5"                          [_thread_blocked, id=6272, stack(0x0000004acd500000,0x0000004acd600000) (1024K)]
  0x000001afd8a45ee0 JavaThread "Cleaner-0"                  daemon [_thread_blocked, id=10276, stack(0x0000004acd900000,0x0000004acda00000) (1024K)]
  0x000001afd9be4cc0 JavaThread "ForkJoinPool.commonPool-worker-15" daemon [_thread_in_Java, id=17904, stack(0x0000004acb800000,0x0000004acb900000) (1024K)]
  0x000001afd9be1ed0 JavaThread "ForkJoinPool.commonPool-worker-16" daemon [_thread_blocked, id=15104, stack(0x0000004acb900000,0x0000004acba00000) (1024K)]
  0x000001afd9be0490 JavaThread "ForkJoinPool.commonPool-worker-17" daemon [_thread_blocked, id=11752, stack(0x0000004acd100000,0x0000004acd200000) (1024K)]
  0x000001affec27f90 JavaThread "C2 CompilerThread1"         daemon [_thread_in_native, id=16572, stack(0x0000004acd600000,0x0000004acd700000) (1024K)]
Total: 35

Other Threads:
  0x000001aff9d923f0 VMThread "VM Thread"                           [id=11884, stack(0x0000004acbd00000,0x0000004acbe00000) (1024K)]
  0x000001affd65cb40 WatcherThread "VM Periodic Task Thread"        [id=11136, stack(0x0000004acbc00000,0x0000004acbd00000) (1024K)]
  0x000001aff9cf10a0 WorkerThread "GC Thread#0"                     [id=15884, stack(0x0000004acbb00000,0x0000004acbc00000) (1024K)]
  0x000001affe9aa0d0 WorkerThread "GC Thread#1"                     [id=11896, stack(0x0000004acc800000,0x0000004acc900000) (1024K)]
  0x000001affe6c8a60 WorkerThread "GC Thread#2"                     [id=16708, stack(0x0000004acc900000,0x0000004acca00000) (1024K)]
  0x000001affe9aa470 WorkerThread "GC Thread#3"                     [id=14220, stack(0x0000004acca00000,0x0000004accb00000) (1024K)]
Total: 6

Threads with active compile tasks:
C2 CompilerThread0  6515462 19158       4       org.eclipse.osgi.internal.loader.BundleLoader::addExportedProvidersFor (167 bytes)
C2 CompilerThread1  6515463 19162       4       org.lombokweb.asm.ClassReader::readMethod (1070 bytes)
Total: 2

VM state: not at safepoint (normal execution)

VM Mutex/Monitor currently owned by a thread: None

Heap address: 0x0000000080000000, size: 2048 MB, Compressed Oops mode: 32-bit

CDS archive(s) mapped at: [0x000001af93000000-0x000001af93ba0000-0x000001af93ba0000), size 12189696, SharedBaseAddress: 0x000001af93000000, ArchiveRelocationMode: 1.
Compressed class space mapped at: 0x000001af94000000-0x000001afd4000000, reserved size: 1073741824
Narrow klass base: 0x000001af93000000, Narrow klass shift: 0, Narrow klass range: 0x100000000

GC Precious Log:
 CardTable entry size: 512
 CPUs: 4 total, 4 available
 Memory: 8071M
 Large Page Support: Disabled
 NUMA Support: Disabled
 Compressed Oops: Enabled (32-bit)
 Alignments: Space 512K, Generation 512K, Heap 2M
 Heap Min Capacity: 100M
 Heap Initial Capacity: 100M
 Heap Max Capacity: 2G
 Pre-touch: Disabled
 Parallel Workers: 4

Heap:
 PSYoungGen      total 6656K, used 2262K [0x00000000d5580000, 0x00000000d5c80000, 0x0000000100000000)
  eden space 6144K, 28% used [0x00000000d5580000,0x00000000d573c698,0x00000000d5b80000)
  from space 512K, 94% used [0x00000000d5b80000,0x00000000d5bf9210,0x00000000d5c00000)
  to   space 512K, 0% used [0x00000000d5c00000,0x00000000d5c00000,0x00000000d5c80000)
 ParOldGen       total 1024000K, used 310801K [0x0000000080000000, 0x00000000be800000, 0x00000000d5580000)
  object space 1024000K, 30% used [0x0000000080000000,0x0000000092f845b0,0x00000000be800000)
 Metaspace       used 84145K, committed 85760K, reserved 1179648K
  class space    used 8377K, committed 9152K, reserved 1048576K

Card table byte_map: [0x000001aff9680000,0x000001aff9a90000] _byte_map_base: 0x000001aff9280000

Marking Bits: (ParMarkBitMap*) 0x00007ffa1fbf31f0
 Begin Bits: [0x000001af8f000000, 0x000001af91000000)
 End Bits:   [0x000001af91000000, 0x000001af93000000)

Polling page: 0x000001aff7cc0000

Metaspace:

Usage:
  Non-class:     73.99 MB used.
      Class:      8.18 MB used.
       Both:     82.17 MB used.

Virtual space:
  Non-class space:      128.00 MB reserved,      74.81 MB ( 58%) committed,  2 nodes.
      Class space:        1.00 GB reserved,       8.94 MB ( <1%) committed,  1 nodes.
             Both:        1.12 GB reserved,      83.75 MB (  7%) committed. 

Chunk freelists:
   Non-Class:  4.41 MB
       Class:  6.99 MB
        Both:  11.40 MB

MaxMetaspaceSize: unlimited
CompressedClassSpaceSize: 1.00 GB
Initial GC threshold: 21.00 MB
Current GC threshold: 127.81 MB
CDS: on
 - commit_granule_bytes: 65536.
 - commit_granule_words: 8192.
 - virtual_space_node_default_size: 8388608.
 - enlarge_chunks_in_place: 1.
 - use_allocation_guard: 0.


Internal statistics:

num_allocs_failed_limit: 9.
num_arena_births: 1584.
num_arena_deaths: 356.
num_vsnodes_births: 3.
num_vsnodes_deaths: 0.
num_space_committed: 1340.
num_space_uncommitted: 0.
num_chunks_returned_to_freelist: 419.
num_chunks_taken_from_freelist: 5768.
num_chunk_merges: 117.
num_chunk_splits: 3346.
num_chunks_enlarged: 1909.
num_inconsistent_stats: 0.

CodeHeap 'non-profiled nmethods': size=120000Kb used=18845Kb max_used=18845Kb free=101155Kb
 bounds [0x000001af87ad0000, 0x000001af88d40000, 0x000001af8f000000]
CodeHeap 'profiled nmethods': size=120000Kb used=43991Kb max_used=43991Kb free=76008Kb
 bounds [0x000001af80000000, 0x000001af82b00000, 0x000001af87530000]
CodeHeap 'non-nmethods': size=5760Kb used=1511Kb max_used=1580Kb free=4248Kb
 bounds [0x000001af87530000, 0x000001af877a0000, 0x000001af87ad0000]
 total_blobs=18318 nmethods=17486 adapters=735
 compilation: enabled
              stopped_count=0, restarted_count=0
 full_count=0

Compilation events (20 events):
Event: 6513.878 Thread 0x000001affd729ae0 nmethod 19151 0x000001af82ae2890 code [0x000001af82ae2bc0, 0x000001af82ae40b0]
Event: 6513.956 Thread 0x000001affd6b7a30 nmethod 19149 0x000001af88d31390 code [0x000001af88d316e0, 0x000001af88d33578]
Event: 6513.956 Thread 0x000001affd6b7a30 19150       4       org.eclipse.jdt.internal.compiler.lookup.AnnotationBinding::resolve (1 bytes)
Event: 6513.957 Thread 0x000001affd6b7a30 nmethod 19150 0x000001af88d35490 code [0x000001af88d35620, 0x000001af88d356a8]
Event: 6514.148 Thread 0x000001affd729ae0 19152       3       org.eclipse.jdt.internal.compiler.impl.CompilerOptions::getVisibilityString (52 bytes)
Event: 6514.148 Thread 0x000001affd729ae0 nmethod 19152 0x000001af82ae4910 code [0x000001af82ae4ac0, 0x000001af82ae4d00]
Event: 6514.148 Thread 0x000001affd729ae0 19153       3       org.eclipse.jdt.internal.compiler.impl.CompilerOptions::nameListToString (18 bytes)
Event: 6514.148 Thread 0x000001affd729ae0 nmethod 19153 0x000001af82ae4d90 code [0x000001af82ae4f60, 0x000001af82ae5140]
Event: 6514.206 Thread 0x000001affd6b7a30 19154       4       org.eclipse.jdt.internal.compiler.ast.ASTNode::isTypeUseDeprecated (238 bytes)
Event: 6514.215 Thread 0x000001affd6b7a30 nmethod 19154 0x000001af88d35790 code [0x000001af88d359a0, 0x000001af88d35ee0]
Event: 6514.224 Thread 0x000001affd729ae0 19155   !   3       org.eclipse.jdt.internal.core.NameLookup::findType (596 bytes)
Event: 6514.232 Thread 0x000001affd729ae0 nmethod 19155 0x000001af82ae5210 code [0x000001af82ae5b80, 0x000001af82aec1c8]
Event: 6514.261 Thread 0x000001affd6b7a30 19156       4       org.eclipse.jdt.core.compiler.CharOperation::indexOf (270 bytes)
Event: 6514.279 Thread 0x000001affd6b7a30 nmethod 19156 0x000001af88d36410 code [0x000001af88d36620, 0x000001af88d36f40]
Event: 6515.188 Thread 0x000001affd729ae0 19157       3       java.util.LinkedHashMap::getOrDefault (29 bytes)
Event: 6515.189 Thread 0x000001affd729ae0 nmethod 19157 0x000001af82aee890 code [0x000001af82aeea60, 0x000001af82aeed18]
Event: 6515.209 Thread 0x000001affd6b7a30 19158       4       org.eclipse.osgi.internal.loader.BundleLoader::addExportedProvidersFor (167 bytes)
Event: 6515.339 Thread 0x000001affd729ae0 19163       3       java.io.Writer::<init> (47 bytes)
Event: 6515.339 Thread 0x000001affd729ae0 nmethod 19163 0x000001af82aeee10 code [0x000001af82aef020, 0x000001af82aef820]
Event: 6515.340 Thread 0x000001affec27f90 19162       4       org.lombokweb.asm.ClassReader::readMethod (1070 bytes)

GC Heap History (20 events):
Event: 6513.114 GC heap before
{Heap before GC invocations=1872 (full 4):
 PSYoungGen      total 4608K, used 4224K [0x00000000d5580000, 0x00000000d5b00000, 0x0000000100000000)
  eden space 4096K, 100% used [0x00000000d5580000,0x00000000d5980000,0x00000000d5980000)
  from space 512K, 25% used [0x00000000d5a00000,0x00000000d5a20000,0x00000000d5a80000)
  to   space 512K, 0% used [0x00000000d5a80000,0x00000000d5a80000,0x00000000d5b00000)
 ParOldGen       total 1024000K, used 308229K [0x0000000080000000, 0x00000000be800000, 0x00000000d5580000)
  object space 1024000K, 30% used [0x0000000080000000,0x0000000092d015d0,0x00000000be800000)
 Metaspace       used 83908K, committed 85440K, reserved 1179648K
  class space    used 8345K, committed 9088K, reserved 1048576K
}
Event: 6513.116 GC heap after
{Heap after GC invocations=1872 (full 4):
 PSYoungGen      total 4608K, used 180K [0x00000000d5580000, 0x00000000d5b00000, 0x0000000100000000)
  eden space 4096K, 0% used [0x00000000d5580000,0x00000000d5580000,0x00000000d5980000)
  from space 512K, 35% used [0x00000000d5a80000,0x00000000d5aad200,0x00000000d5b00000)
  to   space 512K, 0% used [0x00000000d5a00000,0x00000000d5a00000,0x00000000d5a80000)
 ParOldGen       total 1024000K, used 308245K [0x0000000080000000, 0x00000000be800000, 0x00000000d5580000)
  object space 1024000K, 30% used [0x0000000080000000,0x0000000092d055d0,0x00000000be800000)
 Metaspace       used 83908K, committed 85440K, reserved 1179648K
  class space    used 8345K, committed 9088K, reserved 1048576K
}
Event: 6513.131 GC heap before
{Heap before GC invocations=1873 (full 4):
 PSYoungGen      total 4608K, used 4276K [0x00000000d5580000, 0x00000000d5b00000, 0x0000000100000000)
  eden space 4096K, 100% used [0x00000000d5580000,0x00000000d5980000,0x00000000d5980000)
  from space 512K, 35% used [0x00000000d5a80000,0x00000000d5aad200,0x00000000d5b00000)
  to   space 512K, 0% used [0x00000000d5a00000,0x00000000d5a00000,0x00000000d5a80000)
 ParOldGen       total 1024000K, used 308245K [0x0000000080000000, 0x00000000be800000, 0x00000000d5580000)
  object space 1024000K, 30% used [0x0000000080000000,0x0000000092d055d0,0x00000000be800000)
 Metaspace       used 83908K, committed 85440K, reserved 1179648K
  class space    used 8345K, committed 9088K, reserved 1048576K
}
Event: 6513.134 GC heap after
{Heap after GC invocations=1873 (full 4):
 PSYoungGen      total 4608K, used 512K [0x00000000d5580000, 0x00000000d5b80000, 0x0000000100000000)
  eden space 4096K, 0% used [0x00000000d5580000,0x00000000d5580000,0x00000000d5980000)
  from space 512K, 100% used [0x00000000d5a00000,0x00000000d5a80000,0x00000000d5a80000)
  to   space 1024K, 0% used [0x00000000d5a80000,0x00000000d5a80000,0x00000000d5b80000)
 ParOldGen       total 1024000K, used 308391K [0x0000000080000000, 0x00000000be800000, 0x00000000d5580000)
  object space 1024000K, 30% used [0x0000000080000000,0x0000000092d29c88,0x00000000be800000)
 Metaspace       used 83908K, committed 85440K, reserved 1179648K
  class space    used 8345K, committed 9088K, reserved 1048576K
}
Event: 6513.175 GC heap before
{Heap before GC invocations=1874 (full 4):
 PSYoungGen      total 4608K, used 4608K [0x00000000d5580000, 0x00000000d5b80000, 0x0000000100000000)
  eden space 4096K, 100% used [0x00000000d5580000,0x00000000d5980000,0x00000000d5980000)
  from space 512K, 100% used [0x00000000d5a00000,0x00000000d5a80000,0x00000000d5a80000)
  to   space 1024K, 0% used [0x00000000d5a80000,0x00000000d5a80000,0x00000000d5b80000)
 ParOldGen       total 1024000K, used 308391K [0x0000000080000000, 0x00000000be800000, 0x00000000d5580000)
  object space 1024000K, 30% used [0x0000000080000000,0x0000000092d29c88,0x00000000be800000)
 Metaspace       used 83908K, committed 85440K, reserved 1179648K
  class space    used 8345K, committed 9088K, reserved 1048576K
}
Event: 6513.183 GC heap after
{Heap after GC invocations=1874 (full 4):
 PSYoungGen      total 5120K, used 580K [0x00000000d5580000, 0x00000000d5b80000, 0x0000000100000000)
  eden space 4096K, 0% used [0x00000000d5580000,0x00000000d5580000,0x00000000d5980000)
  from space 1024K, 56% used [0x00000000d5a80000,0x00000000d5b11210,0x00000000d5b80000)
  to   space 1024K, 0% used [0x00000000d5980000,0x00000000d5980000,0x00000000d5a80000)
 ParOldGen       total 1024000K, used 308919K [0x0000000080000000, 0x00000000be800000, 0x00000000d5580000)
  object space 1024000K, 30% used [0x0000000080000000,0x0000000092dadc98,0x00000000be800000)
 Metaspace       used 83908K, committed 85440K, reserved 1179648K
  class space    used 8345K, committed 9088K, reserved 1048576K
}
Event: 6513.657 GC heap before
{Heap before GC invocations=1875 (full 4):
 PSYoungGen      total 5120K, used 4676K [0x00000000d5580000, 0x00000000d5b80000, 0x0000000100000000)
  eden space 4096K, 99% used [0x00000000d5580000,0x00000000d597fff8,0x00000000d5980000)
  from space 1024K, 56% used [0x00000000d5a80000,0x00000000d5b11210,0x00000000d5b80000)
  to   space 1024K, 0% used [0x00000000d5980000,0x00000000d5980000,0x00000000d5a80000)
 ParOldGen       total 1024000K, used 308919K [0x0000000080000000, 0x00000000be800000, 0x00000000d5580000)
  object space 1024000K, 30% used [0x0000000080000000,0x0000000092dadc98,0x00000000be800000)
 Metaspace       used 83969K, committed 85504K, reserved 1179648K
  class space    used 8359K, committed 9088K, reserved 1048576K
}
Event: 6513.660 GC heap after
{Heap after GC invocations=1875 (full 4):
 PSYoungGen      total 5120K, used 457K [0x00000000d5580000, 0x00000000d5b00000, 0x0000000100000000)
  eden space 4096K, 0% used [0x00000000d5580000,0x00000000d5580000,0x00000000d5980000)
  from space 1024K, 44% used [0x00000000d5980000,0x00000000d59f2420,0x00000000d5a80000)
  to   space 512K, 0% used [0x00000000d5a80000,0x00000000d5a80000,0x00000000d5b00000)
 ParOldGen       total 1024000K, used 308995K [0x0000000080000000, 0x00000000be800000, 0x00000000d5580000)
  object space 1024000K, 30% used [0x0000000080000000,0x0000000092dc0f18,0x00000000be800000)
 Metaspace       used 83969K, committed 85504K, reserved 1179648K
  class space    used 8359K, committed 9088K, reserved 1048576K
}
Event: 6513.677 GC heap before
{Heap before GC invocations=1876 (full 4):
 PSYoungGen      total 5120K, used 4553K [0x00000000d5580000, 0x00000000d5b00000, 0x0000000100000000)
  eden space 4096K, 100% used [0x00000000d5580000,0x00000000d5980000,0x00000000d5980000)
  from space 1024K, 44% used [0x00000000d5980000,0x00000000d59f2420,0x00000000d5a80000)
  to   space 512K, 0% used [0x00000000d5a80000,0x00000000d5a80000,0x00000000d5b00000)
 ParOldGen       total 1024000K, used 308995K [0x0000000080000000, 0x00000000be800000, 0x00000000d5580000)
  object space 1024000K, 30% used [0x0000000080000000,0x0000000092dc0f18,0x00000000be800000)
 Metaspace       used 83969K, committed 85504K, reserved 1179648K
  class space    used 8359K, committed 9088K, reserved 1048576K
}
Event: 6513.697 GC heap after
{Heap after GC invocations=1876 (full 4):
 PSYoungGen      total 4608K, used 512K [0x00000000d5580000, 0x00000000d5b80000, 0x0000000100000000)
  eden space 4096K, 0% used [0x00000000d5580000,0x00000000d5580000,0x00000000d5980000)
  from space 512K, 100% used [0x00000000d5a80000,0x00000000d5b00000,0x00000000d5b00000)
  to   space 1024K, 0% used [0x00000000d5980000,0x00000000d5980000,0x00000000d5a80000)
 ParOldGen       total 1024000K, used 309264K [0x0000000080000000, 0x00000000be800000, 0x00000000d5580000)
  object space 1024000K, 30% used [0x0000000080000000,0x0000000092e04318,0x00000000be800000)
 Metaspace       used 83969K, committed 85504K, reserved 1179648K
  class space    used 8359K, committed 9088K, reserved 1048576K
}
Event: 6513.760 GC heap before
{Heap before GC invocations=1877 (full 4):
 PSYoungGen      total 4608K, used 4608K [0x00000000d5580000, 0x00000000d5b80000, 0x0000000100000000)
  eden space 4096K, 100% used [0x00000000d5580000,0x00000000d5980000,0x00000000d5980000)
  from space 512K, 100% used [0x00000000d5a80000,0x00000000d5b00000,0x00000000d5b00000)
  to   space 1024K, 0% used [0x00000000d5980000,0x00000000d5980000,0x00000000d5a80000)
 ParOldGen       total 1024000K, used 309264K [0x0000000080000000, 0x00000000be800000, 0x00000000d5580000)
  object space 1024000K, 30% used [0x0000000080000000,0x0000000092e04318,0x00000000be800000)
 Metaspace       used 83975K, committed 85504K, reserved 1179648K
  class space    used 8360K, committed 9088K, reserved 1048576K
}
Event: 6513.824 GC heap after
{Heap after GC invocations=1877 (full 4):
 PSYoungGen      total 5120K, used 686K [0x00000000d5580000, 0x00000000d5c80000, 0x0000000100000000)
  eden space 4096K, 0% used [0x00000000d5580000,0x00000000d5580000,0x00000000d5980000)
  from space 1024K, 67% used [0x00000000d5980000,0x00000000d5a2bb00,0x00000000d5a80000)
  to   space 1024K, 0% used [0x00000000d5b80000,0x00000000d5b80000,0x00000000d5c80000)
 ParOldGen       total 1024000K, used 309760K [0x0000000080000000, 0x00000000be800000, 0x00000000d5580000)
  object space 1024000K, 30% used [0x0000000080000000,0x0000000092e80318,0x00000000be800000)
 Metaspace       used 83975K, committed 85504K, reserved 1179648K
  class space    used 8360K, committed 9088K, reserved 1048576K
}
Event: 6513.847 GC heap before
{Heap before GC invocations=1878 (full 4):
 PSYoungGen      total 5120K, used 4782K [0x00000000d5580000, 0x00000000d5c80000, 0x0000000100000000)
  eden space 4096K, 100% used [0x00000000d5580000,0x00000000d5980000,0x00000000d5980000)
  from space 1024K, 67% used [0x00000000d5980000,0x00000000d5a2bb00,0x00000000d5a80000)
  to   space 1024K, 0% used [0x00000000d5b80000,0x00000000d5b80000,0x00000000d5c80000)
 ParOldGen       total 1024000K, used 309760K [0x0000000080000000, 0x00000000be800000, 0x00000000d5580000)
  object space 1024000K, 30% used [0x0000000080000000,0x0000000092e80318,0x00000000be800000)
 Metaspace       used 83975K, committed 85504K, reserved 1179648K
  class space    used 8360K, committed 9088K, reserved 1048576K
}
Event: 6513.860 GC heap after
{Heap after GC invocations=1878 (full 4):
 PSYoungGen      total 6144K, used 501K [0x00000000d5580000, 0x00000000d5c80000, 0x0000000100000000)
  eden space 5120K, 0% used [0x00000000d5580000,0x00000000d5580000,0x00000000d5a80000)
  from space 1024K, 48% used [0x00000000d5b80000,0x00000000d5bfd608,0x00000000d5c80000)
  to   space 1024K, 0% used [0x00000000d5a80000,0x00000000d5a80000,0x00000000d5b80000)
 ParOldGen       total 1024000K, used 309937K [0x0000000080000000, 0x00000000be800000, 0x00000000d5580000)
  object space 1024000K, 30% used [0x0000000080000000,0x0000000092eac798,0x00000000be800000)
 Metaspace       used 83975K, committed 85504K, reserved 1179648K
  class space    used 8360K, committed 9088K, reserved 1048576K
}
Event: 6514.151 GC heap before
{Heap before GC invocations=1879 (full 4):
 PSYoungGen      total 6144K, used 5621K [0x00000000d5580000, 0x00000000d5c80000, 0x0000000100000000)
  eden space 5120K, 100% used [0x00000000d5580000,0x00000000d5a80000,0x00000000d5a80000)
  from space 1024K, 48% used [0x00000000d5b80000,0x00000000d5bfd608,0x00000000d5c80000)
  to   space 1024K, 0% used [0x00000000d5a80000,0x00000000d5a80000,0x00000000d5b80000)
 ParOldGen       total 1024000K, used 309937K [0x0000000080000000, 0x00000000be800000, 0x00000000d5580000)
  object space 1024000K, 30% used [0x0000000080000000,0x0000000092eac798,0x00000000be800000)
 Metaspace       used 83976K, committed 85504K, reserved 1179648K
  class space    used 8360K, committed 9088K, reserved 1048576K
}
Event: 6514.203 GC heap after
{Heap after GC invocations=1879 (full 4):
 PSYoungGen      total 6144K, used 442K [0x00000000d5580000, 0x00000000d5c80000, 0x0000000100000000)
  eden space 5120K, 0% used [0x00000000d5580000,0x00000000d5580000,0x00000000d5a80000)
  from space 1024K, 43% used [0x00000000d5a80000,0x00000000d5aee900,0x00000000d5b80000)
  to   space 512K, 0% used [0x00000000d5c00000,0x00000000d5c00000,0x00000000d5c80000)
 ParOldGen       total 1024000K, used 309945K [0x0000000080000000, 0x00000000be800000, 0x00000000d5580000)
  object space 1024000K, 30% used [0x0000000080000000,0x0000000092eae798,0x00000000be800000)
 Metaspace       used 83976K, committed 85504K, reserved 1179648K
  class space    used 8360K, committed 9088K, reserved 1048576K
}
Event: 6514.234 GC heap before
{Heap before GC invocations=1880 (full 4):
 PSYoungGen      total 6144K, used 5494K [0x00000000d5580000, 0x00000000d5c80000, 0x0000000100000000)
  eden space 5120K, 98% used [0x00000000d5580000,0x00000000d5a6f268,0x00000000d5a80000)
  from space 1024K, 43% used [0x00000000d5a80000,0x00000000d5aee900,0x00000000d5b80000)
  to   space 512K, 0% used [0x00000000d5c00000,0x00000000d5c00000,0x00000000d5c80000)
 ParOldGen       total 1024000K, used 309945K [0x0000000080000000, 0x00000000be800000, 0x00000000d5580000)
  object space 1024000K, 30% used [0x0000000080000000,0x0000000092eae798,0x00000000be800000)
 Metaspace       used 83976K, committed 85504K, reserved 1179648K
  class space    used 8360K, committed 9088K, reserved 1048576K
}
Event: 6514.236 GC heap after
{Heap after GC invocations=1880 (full 4):
 PSYoungGen      total 6656K, used 154K [0x00000000d5580000, 0x00000000d5c80000, 0x0000000100000000)
  eden space 6144K, 0% used [0x00000000d5580000,0x00000000d5580000,0x00000000d5b80000)
  from space 512K, 30% used [0x00000000d5c00000,0x00000000d5c26900,0x00000000d5c80000)
  to   space 512K, 0% used [0x00000000d5b80000,0x00000000d5b80000,0x00000000d5c00000)
 ParOldGen       total 1024000K, used 309969K [0x0000000080000000, 0x00000000be800000, 0x00000000d5580000)
  object space 1024000K, 30% used [0x0000000080000000,0x0000000092eb4798,0x00000000be800000)
 Metaspace       used 83976K, committed 85504K, reserved 1179648K
  class space    used 8360K, committed 9088K, reserved 1048576K
}
Event: 6514.733 GC heap before
{Heap before GC invocations=1881 (full 4):
 PSYoungGen      total 6656K, used 6298K [0x00000000d5580000, 0x00000000d5c80000, 0x0000000100000000)
  eden space 6144K, 100% used [0x00000000d5580000,0x00000000d5b80000,0x00000000d5b80000)
  from space 512K, 30% used [0x00000000d5c00000,0x00000000d5c26900,0x00000000d5c80000)
  to   space 512K, 0% used [0x00000000d5b80000,0x00000000d5b80000,0x00000000d5c00000)
 ParOldGen       total 1024000K, used 309969K [0x0000000080000000, 0x00000000be800000, 0x00000000d5580000)
  object space 1024000K, 30% used [0x0000000080000000,0x0000000092eb4798,0x00000000be800000)
 Metaspace       used 83981K, committed 85504K, reserved 1179648K
  class space    used 8361K, committed 9088K, reserved 1048576K
}
Event: 6514.734 GC heap after
{Heap after GC invocations=1881 (full 4):
 PSYoungGen      total 6656K, used 128K [0x00000000d5580000, 0x00000000d5c80000, 0x0000000100000000)
  eden space 6144K, 0% used [0x00000000d5580000,0x00000000d5580000,0x00000000d5b80000)
  from space 512K, 25% used [0x00000000d5b80000,0x00000000d5ba0000,0x00000000d5c00000)
  to   space 512K, 0% used [0x00000000d5c00000,0x00000000d5c00000,0x00000000d5c80000)
 ParOldGen       total 1024000K, used 309993K [0x0000000080000000, 0x00000000be800000, 0x00000000d5580000)
  object space 1024000K, 30% used [0x0000000080000000,0x0000000092eba798,0x00000000be800000)
 Metaspace       used 83981K, committed 85504K, reserved 1179648K
  class space    used 8361K, committed 9088K, reserved 1048576K
}

Dll operation events (12 events):
Event: 0.013 Loaded shared library c:\Users\PC\.vscode\extensions\redhat.java-1.43.1-win32-x64\jre\21.0.7-win32-x86_64\bin\java.dll
Event: 0.844 Loaded shared library c:\Users\PC\.vscode\extensions\redhat.java-1.43.1-win32-x64\jre\21.0.7-win32-x86_64\bin\zip.dll
Event: 0.966 Loaded shared library C:\Users\PC\.vscode\extensions\redhat.java-1.43.1-win32-x64\jre\21.0.7-win32-x86_64\bin\instrument.dll
Event: 0.984 Loaded shared library C:\Users\PC\.vscode\extensions\redhat.java-1.43.1-win32-x64\jre\21.0.7-win32-x86_64\bin\net.dll
Event: 1.005 Loaded shared library C:\Users\PC\.vscode\extensions\redhat.java-1.43.1-win32-x64\jre\21.0.7-win32-x86_64\bin\nio.dll
Event: 1.037 Loaded shared library C:\Users\PC\.vscode\extensions\redhat.java-1.43.1-win32-x64\jre\21.0.7-win32-x86_64\bin\zip.dll
Event: 1.281 Loaded shared library C:\Users\PC\.vscode\extensions\redhat.java-1.43.1-win32-x64\jre\21.0.7-win32-x86_64\bin\jimage.dll
Event: 2.111 Loaded shared library c:\Users\PC\.vscode\extensions\redhat.java-1.43.1-win32-x64\jre\21.0.7-win32-x86_64\bin\verify.dll
Event: 8.286 Loaded shared library C:\Users\PC\AppData\Roaming\Code\User\globalStorage\redhat.java\1.43.1\config_win\org.eclipse.equinox.launcher\org.eclipse.equinox.launcher.win32.win32.x86_64_1.2.1300.v20250331-1702\eclipse_11911.dll
Event: 13.489 Loaded shared library C:\Users\PC\AppData\Local\Temp\jna-1612920241\jna5081592105308958943.dll
Event: 5781.224 Loaded shared library C:\Users\PC\.vscode\extensions\redhat.java-1.43.1-win32-x64\jre\21.0.7-win32-x86_64\bin\sunmscapi.dll
Event: 5782.054 Loaded shared library C:\Users\PC\.vscode\extensions\redhat.java-1.43.1-win32-x64\jre\21.0.7-win32-x86_64\bin\extnet.dll

Deoptimization events (20 events):
Event: 6514.224 Thread 0x000001afd9be4cc0 DEOPT PACKING pc=0x000001af88d329d8 sp=0x0000004acb8fe730
Event: 6514.224 Thread 0x000001afd9be4cc0 DEOPT UNPACKING pc=0x000001af87583aa2 sp=0x0000004acb8fe700 mode 2
Event: 6514.224 Thread 0x000001afd9be4cc0 Uncommon trap: trap_request=0xffffffc6 fr.pc=0x000001af88ca7178 relative=0x0000000000001678
Event: 6514.224 Thread 0x000001afd9be4cc0 Uncommon trap: reason=bimorphic_or_optimized_type_check action=maybe_recompile pc=0x000001af88ca7178 method=org.eclipse.jdt.internal.core.NameLookup.seekPackageFragments(Ljava/lang/String;ZLorg/eclipse/jdt/internal/core/IJavaElementRequestor;)V @ 415 c2
Event: 6514.224 Thread 0x000001afd9be4cc0 DEOPT PACKING pc=0x000001af88ca7178 sp=0x0000004acb8fe590
Event: 6514.224 Thread 0x000001afd9be4cc0 DEOPT UNPACKING pc=0x000001af87583aa2 sp=0x0000004acb8fe508 mode 2
Event: 6514.224 Thread 0x000001afd9be4cc0 Uncommon trap: trap_request=0xffffff45 fr.pc=0x000001af88a6c97c relative=0x000000000000091c
Event: 6514.224 Thread 0x000001afd9be4cc0 Uncommon trap: reason=unstable_if action=reinterpret pc=0x000001af88a6c97c method=org.eclipse.jdt.internal.core.util.HashtableOfArrayToObject.getIndex([Ljava/lang/Object;)I @ 45 c2
Event: 6514.224 Thread 0x000001afd9be4cc0 DEOPT PACKING pc=0x000001af88a6c97c sp=0x0000004acb8fe5f0
Event: 6514.224 Thread 0x000001afd9be4cc0 DEOPT UNPACKING pc=0x000001af87583aa2 sp=0x0000004acb8fe588 mode 2
Event: 6514.224 Thread 0x000001afd9be4cc0 Uncommon trap: trap_request=0xffffffc6 fr.pc=0x000001af88ca7178 relative=0x0000000000001678
Event: 6514.224 Thread 0x000001afd9be4cc0 Uncommon trap: reason=bimorphic_or_optimized_type_check action=maybe_recompile pc=0x000001af88ca7178 method=org.eclipse.jdt.internal.core.NameLookup.seekPackageFragments(Ljava/lang/String;ZLorg/eclipse/jdt/internal/core/IJavaElementRequestor;)V @ 415 c2
Event: 6514.224 Thread 0x000001afd9be4cc0 DEOPT PACKING pc=0x000001af88ca7178 sp=0x0000004acb8fe5b0
Event: 6514.224 Thread 0x000001afd9be4cc0 DEOPT UNPACKING pc=0x000001af87583aa2 sp=0x0000004acb8fe528 mode 2
Event: 6514.261 Thread 0x000001afd9be4cc0 DEOPT PACKING pc=0x000001af819f2955 sp=0x0000004acb8fdfd0
Event: 6514.261 Thread 0x000001afd9be4cc0 DEOPT UNPACKING pc=0x000001af87584242 sp=0x0000004acb8fd448 mode 0
Event: 6514.716 Thread 0x000001afd9be4cc0 Uncommon trap: trap_request=0xffffffc6 fr.pc=0x000001af88ca7178 relative=0x0000000000001678
Event: 6514.716 Thread 0x000001afd9be4cc0 Uncommon trap: reason=bimorphic_or_optimized_type_check action=maybe_recompile pc=0x000001af88ca7178 method=org.eclipse.jdt.internal.core.NameLookup.seekPackageFragments(Ljava/lang/String;ZLorg/eclipse/jdt/internal/core/IJavaElementRequestor;)V @ 415 c2
Event: 6514.716 Thread 0x000001afd9be4cc0 DEOPT PACKING pc=0x000001af88ca7178 sp=0x0000004acb8fe310
Event: 6514.716 Thread 0x000001afd9be4cc0 DEOPT UNPACKING pc=0x000001af87583aa2 sp=0x0000004acb8fe288 mode 2

Classes loaded (20 events):
Event: 5784.238 Loading class sun/net/www/http/KeepAliveCache$1
Event: 5784.238 Loading class sun/net/www/http/KeepAliveCache$1 done
Event: 5784.238 Loading class sun/net/www/http/KeepAliveCache$ClientVector
Event: 5784.238 Loading class sun/net/www/http/KeepAliveCache$ClientVector done
Event: 5784.274 Loading class sun/net/www/http/KeepAliveEntry
Event: 5784.294 Loading class sun/net/www/http/KeepAliveEntry done
Event: 5794.298 Loading class sun/security/ssl/Alert
Event: 5794.299 Loading class sun/security/ssl/Alert done
Event: 5794.299 Loading class sun/security/ssl/Alert$AlertConsumer
Event: 5794.300 Loading class sun/security/ssl/Alert$AlertConsumer done
Event: 5794.300 Loading class sun/security/ssl/Alert$Level
Event: 5794.300 Loading class sun/security/ssl/Alert$Level done
Event: 5808.749 Loading class java/util/Spliterators$IntArraySpliterator
Event: 5808.749 Loading class java/util/Spliterators$IntArraySpliterator done
Event: 5813.021 Loading class jdk/internal/module/IllegalAccessLogger
Event: 5813.021 Loading class jdk/internal/module/IllegalAccessLogger done
Event: 6515.231 Loading class javax/xml/transform/TransformerConfigurationException
Event: 6515.234 Loading class javax/xml/transform/TransformerConfigurationException done
Event: 6515.328 Loading class java/util/LinkedList$LLSpliterator
Event: 6515.328 Loading class java/util/LinkedList$LLSpliterator done

Classes unloaded (20 events):
Event: 5777.359 Thread 0x000001aff9d923f0 Unloading class 0x000001af94080000 'java/lang/invoke/LambdaForm$MH+0x000001af94080000'
Event: 5777.359 Thread 0x000001aff9d923f0 Unloading class 0x000001af9401ec00 'java/lang/invoke/LambdaForm$MH+0x000001af9401ec00'
Event: 5777.359 Thread 0x000001aff9d923f0 Unloading class 0x000001af9400d800 'java/lang/invoke/LambdaForm$MH+0x000001af9400d800'
Event: 5777.360 Thread 0x000001aff9d923f0 Unloading class 0x000001af9400d400 'java/lang/invoke/LambdaForm$MH+0x000001af9400d400'
Event: 5777.360 Thread 0x000001aff9d923f0 Unloading class 0x000001af9400d000 'java/lang/invoke/LambdaForm$MH+0x000001af9400d000'
Event: 5777.360 Thread 0x000001aff9d923f0 Unloading class 0x000001af9400cc00 'java/lang/invoke/LambdaForm$MH+0x000001af9400cc00'
Event: 5777.360 Thread 0x000001aff9d923f0 Unloading class 0x000001af9400c800 'java/lang/invoke/LambdaForm$BMH+0x000001af9400c800'
Event: 5777.360 Thread 0x000001aff9d923f0 Unloading class 0x000001af9400c000 'java/lang/invoke/LambdaForm$DMH+0x000001af9400c000'
Event: 5777.361 Thread 0x000001aff9d923f0 Unloading class 0x000001af94008400 'java/lang/invoke/LambdaForm$MH+0x000001af94008400'
Event: 5777.361 Thread 0x000001aff9d923f0 Unloading class 0x000001af94008000 'java/lang/invoke/LambdaForm$MH+0x000001af94008000'
Event: 5777.361 Thread 0x000001aff9d923f0 Unloading class 0x000001af94007c00 'java/lang/invoke/LambdaForm$MH+0x000001af94007c00'
Event: 5777.361 Thread 0x000001aff9d923f0 Unloading class 0x000001af94006800 'java/lang/invoke/LambdaForm$MH+0x000001af94006800'
Event: 5777.361 Thread 0x000001aff9d923f0 Unloading class 0x000001af94006000 'java/lang/invoke/LambdaForm$MH+0x000001af94006000'
Event: 5777.362 Thread 0x000001aff9d923f0 Unloading class 0x000001af94005c00 'java/lang/invoke/LambdaForm$MH+0x000001af94005c00'
Event: 5777.362 Thread 0x000001aff9d923f0 Unloading class 0x000001af94005800 'java/lang/invoke/LambdaForm$MH+0x000001af94005800'
Event: 5777.362 Thread 0x000001aff9d923f0 Unloading class 0x000001af94005400 'java/lang/invoke/LambdaForm$BMH+0x000001af94005400'
Event: 5777.362 Thread 0x000001aff9d923f0 Unloading class 0x000001af94004000 'java/lang/invoke/LambdaForm$DMH+0x000001af94004000'
Event: 5777.362 Thread 0x000001aff9d923f0 Unloading class 0x000001af94002400 'java/lang/invoke/LambdaForm$MH+0x000001af94002400'
Event: 5777.362 Thread 0x000001aff9d923f0 Unloading class 0x000001af94002000 'java/lang/invoke/LambdaForm$MH+0x000001af94002000'
Event: 5777.362 Thread 0x000001aff9d923f0 Unloading class 0x000001af94001800 'java/lang/invoke/LambdaForm$MH+0x000001af94001800'

Classes redefined (0 events):
No events

Internal exceptions (20 events):
Event: 5430.813 Thread 0x000001afd80fa600 Implicit null exception at 0x000001af883d3b60 to 0x000001af883d5688
Event: 5430.857 Thread 0x000001afd80fa600 Exception <a 'sun/nio/fs/WindowsException'{0x00000000d56e6ff0}> (0x00000000d56e6ff0) 
thrown [s\src\hotspot\share\prims\jni.cpp, line 520]
Event: 5431.121 Thread 0x000001afdb17bd10 Implicit null exception at 0x000001af87fdaf72 to 0x000001af87fdb760
Event: 5432.029 Thread 0x000001afd80fa600 Exception <a 'sun/nio/fs/WindowsException'{0x00000000d55d3fa0}> (0x00000000d55d3fa0) 
thrown [s\src\hotspot\share\prims\jni.cpp, line 520]
Event: 5740.915 Thread 0x000001afdb17b680 Exception <a 'java/lang/NoSuchMethodError'{0x00000000d5584f20}: 'int java.lang.invoke.DirectMethodHandle$Holder.invokeVirtual(java.lang.Object, java.lang.Object, java.lang.Object, int)'> (0x00000000d5584f20) 
thrown [s\src\hotspot\share\interpreter\linkResolver.cpp, line 773]
Event: 5745.283 Thread 0x000001afdb17eb00 Exception <a 'java/lang/LinkageError'{0x00000000d571c008}: loader lombok.launch.ShadowClassLoader @366ee810 attempted duplicate class definition for lombok.launch.PatchFixesHider$ExtensionMethod. (lombok.launch.PatchFixesHider$ExtensionMethod is in unnamed module of loader lombok.launch.ShadowClassLoader @366ee810, parent loader org.eclipse.osgi.internal.loader.EquinoxClassLoader @3eb6fcc0)> (0x00000000d571c008) 
thrown [s\src\hotspot\share\classfile\systemDictionary.cpp, line 1682]
Event: 5745.365 Thread 0x000001afdb17b680 Implicit null exception at 0x000001af8875b5a3 to 0x000001af8875b77e
Event: 5745.365 Thread 0x000001afdb17eb00 Implicit null exception at 0x000001af8875b5a3 to 0x000001af8875b77e
Event: 5778.201 Thread 0x000001afdb17b680 Implicit null exception at 0x000001af881c14a4 to 0x000001af881c5174
Event: 5780.867 Thread 0x000001afdb17b680 Implicit null exception at 0x000001af87bbe80e to 0x000001af87bbe8b5
Event: 5781.104 Thread 0x000001afdb17b680 Implicit null exception at 0x000001af8817d606 to 0x000001af8817e0d4
Event: 5782.669 Thread 0x000001afdb17b680 Implicit null exception at 0x000001af87c5866c to 0x000001af87c58728
Event: 5808.001 Thread 0x000001afd8a430f0 Exception <a 'java/lang/IncompatibleClassChangeError'{0x00000000d5a14900}: Found class java.lang.Object, but interface was expected> (0x00000000d5a14900) 
thrown [s\src\hotspot\share\interpreter\linkResolver.cpp, line 840]
Event: 5808.467 Thread 0x000001afd8a430f0 Exception <a 'java/lang/ArrayIndexOutOfBoundsException'{0x00000000d58105a8}> (0x00000000d58105a8) 
thrown [s\src\hotspot\share\runtime\sharedRuntime.cpp, line 625]
Event: 5808.468 Thread 0x000001afd8a430f0 Exception <a 'java/lang/ArrayIndexOutOfBoundsException'{0x00000000d5810c00}> (0x00000000d5810c00) 
thrown [s\src\hotspot\share\runtime\sharedRuntime.cpp, line 625]
Event: 5808.468 Thread 0x000001afd8a430f0 Exception <a 'java/lang/ArrayIndexOutOfBoundsException'{0x00000000d5810fa8}> (0x00000000d5810fa8) 
thrown [s\src\hotspot\share\runtime\sharedRuntime.cpp, line 625]
Event: 5812.655 Thread 0x000001afd80fa600 Exception <a 'sun/nio/fs/WindowsException'{0x00000000d58ce090}> (0x00000000d58ce090) 
thrown [s\src\hotspot\share\prims\jni.cpp, line 520]
Event: 5813.364 Thread 0x000001afd80fa600 Exception <a 'sun/nio/fs/WindowsException'{0x00000000d59b6900}> (0x00000000d59b6900) 
thrown [s\src\hotspot\share\prims\jni.cpp, line 520]
Event: 5848.036 Thread 0x000001afdb17bd10 Implicit null exception at 0x000001af888bb6d0 to 0x000001af888bbcf4
Event: 5995.238 Thread 0x000001afd9be3910 Exception <a 'java/lang/NoSuchMethodError'{0x00000000d58362c0}: 'java.lang.Object java.lang.invoke.DirectMethodHandle$Holder.invokeStatic(java.lang.Object, int, java.lang.Object, java.lang.Object, java.lang.Object, java.lang.Object)'> (0x00000000d58362c0) 
thrown [s\src\hotspot\share\interpreter\linkResolver.cpp, line 773]

ZGC Phase Switch (0 events):
No events

VM Operations (20 events):
Event: 6513.114 Executing VM operation: ParallelGCFailedAllocation (Allocation Failure)
Event: 6513.116 Executing VM operation: ParallelGCFailedAllocation (Allocation Failure) done
Event: 6513.131 Executing VM operation: ParallelGCFailedAllocation (Allocation Failure)
Event: 6513.134 Executing VM operation: ParallelGCFailedAllocation (Allocation Failure) done
Event: 6513.175 Executing VM operation: ParallelGCFailedAllocation (Allocation Failure)
Event: 6513.184 Executing VM operation: ParallelGCFailedAllocation (Allocation Failure) done
Event: 6513.657 Executing VM operation: ParallelGCFailedAllocation (Allocation Failure)
Event: 6513.660 Executing VM operation: ParallelGCFailedAllocation (Allocation Failure) done
Event: 6513.677 Executing VM operation: ParallelGCFailedAllocation (Allocation Failure)
Event: 6513.697 Executing VM operation: ParallelGCFailedAllocation (Allocation Failure) done
Event: 6513.760 Executing VM operation: ParallelGCFailedAllocation (Allocation Failure)
Event: 6513.824 Executing VM operation: ParallelGCFailedAllocation (Allocation Failure) done
Event: 6513.847 Executing VM operation: ParallelGCFailedAllocation (Allocation Failure)
Event: 6513.861 Executing VM operation: ParallelGCFailedAllocation (Allocation Failure) done
Event: 6514.151 Executing VM operation: ParallelGCFailedAllocation (Allocation Failure)
Event: 6514.203 Executing VM operation: ParallelGCFailedAllocation (Allocation Failure) done
Event: 6514.234 Executing VM operation: ParallelGCFailedAllocation (Allocation Failure)
Event: 6514.236 Executing VM operation: ParallelGCFailedAllocation (Allocation Failure) done
Event: 6514.733 Executing VM operation: ParallelGCFailedAllocation (Allocation Failure)
Event: 6514.734 Executing VM operation: ParallelGCFailedAllocation (Allocation Failure) done

Memory protections (0 events):
No events

Nmethod flushes (20 events):
Event: 5777.698 Thread 0x000001aff9d923f0 flushing  nmethod 0x000001af81246690
Event: 5777.698 Thread 0x000001aff9d923f0 flushing  nmethod 0x000001af81246c90
Event: 5777.698 Thread 0x000001aff9d923f0 flushing  nmethod 0x000001af81247510
Event: 5777.698 Thread 0x000001aff9d923f0 flushing  nmethod 0x000001af81247d90
Event: 5777.698 Thread 0x000001aff9d923f0 flushing  nmethod 0x000001af81248110
Event: 5777.698 Thread 0x000001aff9d923f0 flushing  nmethod 0x000001af8124b290
Event: 5777.698 Thread 0x000001aff9d923f0 flushing  nmethod 0x000001af8124ce90
Event: 5777.698 Thread 0x000001aff9d923f0 flushing  nmethod 0x000001af81250890
Event: 5777.698 Thread 0x000001aff9d923f0 flushing  nmethod 0x000001af81250c10
Event: 5777.698 Thread 0x000001aff9d923f0 flushing  nmethod 0x000001af81252c90
Event: 5777.698 Thread 0x000001aff9d923f0 flushing  nmethod 0x000001af8125c510
Event: 5777.698 Thread 0x000001aff9d923f0 flushing  nmethod 0x000001af81269c10
Event: 5777.698 Thread 0x000001aff9d923f0 flushing  nmethod 0x000001af8127c190
Event: 5777.698 Thread 0x000001aff9d923f0 flushing  nmethod 0x000001af8128e810
Event: 5777.698 Thread 0x000001aff9d923f0 flushing  nmethod 0x000001af8129e110
Event: 5777.698 Thread 0x000001aff9d923f0 flushing  nmethod 0x000001af812b9a10
Event: 5777.698 Thread 0x000001aff9d923f0 flushing osr nmethod 0x000001af81350590
Event: 5777.699 Thread 0x000001aff9d923f0 flushing  nmethod 0x000001af813b0590
Event: 5777.699 Thread 0x000001aff9d923f0 flushing  nmethod 0x000001af816f9690
Event: 5777.699 Thread 0x000001aff9d923f0 flushing  nmethod 0x000001af8180dd10

Events (20 events):
Event: 5968.938 Thread 0x000001afd8a430f0 Thread added: 0x000001afd9be0490
Event: 5968.942 Thread 0x000001afdb17bd10 Thread added: 0x000001afd9be3910
Event: 5975.204 Thread 0x000001affd729ae0 Thread added: 0x000001affec26b20
Event: 5976.202 Thread 0x000001affec26b20 Thread exited: 0x000001affec26b20
Event: 5983.647 Thread 0x000001affd729ae0 Thread added: 0x000001affec28d30
Event: 5984.479 Thread 0x000001affec28d30 Thread exited: 0x000001affec28d30
Event: 5988.253 Thread 0x000001afd80f9250 Thread added: 0x000001afd9be0b20
Event: 5990.944 Thread 0x000001affd729ae0 Thread added: 0x000001affec2b610
Event: 5991.110 Thread 0x000001affec2b610 Thread exited: 0x000001affec2b610
Event: 6058.423 Thread 0x000001afd9be0b20 Thread exited: 0x000001afd9be0b20
Event: 6065.925 Thread 0x000001afdb17bd10 Thread exited: 0x000001afdb17bd10
Event: 6112.586 Thread 0x000001afd8a44b30 Thread added: 0x000001afd9be0b20
Event: 6112.586 Thread 0x000001afd9be0b20 Thread exited: 0x000001afd9be0b20
Event: 6112.821 Thread 0x000001afd9be4cc0 Thread exited: 0x000001afd9be4cc0
Event: 6125.926 Thread 0x000001afd9be3910 Thread exited: 0x000001afd9be3910
Event: 6185.932 Thread 0x000001afd9be0490 Thread exited: 0x000001afd9be0490
Event: 6503.833 Thread 0x000001afd8a430f0 Thread added: 0x000001afd9be4cc0
Event: 6503.909 Thread 0x000001afd8a430f0 Thread added: 0x000001afd9be1ed0
Event: 6503.912 Thread 0x000001afd9be4cc0 Thread added: 0x000001afd9be0490
Event: 6515.339 Thread 0x000001affd729ae0 Thread added: 0x000001affec27f90


Dynamic libraries:
0x00007ff6d4210000 - 0x00007ff6d421e000 	c:\Users\PC\.vscode\extensions\redhat.java-1.43.1-win32-x64\jre\21.0.7-win32-x86_64\bin\java.exe
0x00007ffa85c50000 - 0x00007ffa85e48000 	C:\Windows\SYSTEM32\ntdll.dll
0x00007ffa84900000 - 0x00007ffa849c2000 	C:\Windows\System32\KERNEL32.DLL
0x00007ffa83970000 - 0x00007ffa83c66000 	C:\Windows\System32\KERNELBASE.dll
0x00007ffa832e0000 - 0x00007ffa833e0000 	C:\Windows\System32\ucrtbase.dll
0x00007ffa5f650000 - 0x00007ffa5f668000 	c:\Users\PC\.vscode\extensions\redhat.java-1.43.1-win32-x64\jre\21.0.7-win32-x86_64\bin\jli.dll
0x00007ffa840b0000 - 0x00007ffa8424d000 	C:\Windows\System32\USER32.dll
0x00007ffa838c0000 - 0x00007ffa838e2000 	C:\Windows\System32\win32u.dll
0x00007ffa84250000 - 0x00007ffa8427b000 	C:\Windows\System32\GDI32.dll
0x00007ffa83640000 - 0x00007ffa83759000 	C:\Windows\System32\gdi32full.dll
0x00007ffa835a0000 - 0x00007ffa8363d000 	C:\Windows\System32\msvcp_win.dll
0x00007ffa5eff0000 - 0x00007ffa5f00e000 	c:\Users\PC\.vscode\extensions\redhat.java-1.43.1-win32-x64\jre\21.0.7-win32-x86_64\bin\VCRUNTIME140.dll
0x00007ffa74140000 - 0x00007ffa743da000 	C:\Windows\WinSxS\amd64_microsoft.windows.common-controls_6595b64144ccf1df_6.0.19041.5915_none_60b4b9d171f9c7c7\COMCTL32.dll
0x00007ffa85890000 - 0x00007ffa8592e000 	C:\Windows\System32\msvcrt.dll
0x00007ffa83d30000 - 0x00007ffa83d5f000 	C:\Windows\System32\IMM32.DLL
0x00007ffa64ca0000 - 0x00007ffa64cac000 	c:\Users\PC\.vscode\extensions\redhat.java-1.43.1-win32-x64\jre\21.0.7-win32-x86_64\bin\vcruntime140_1.dll
0x00007ffa56f10000 - 0x00007ffa56f9d000 	c:\Users\PC\.vscode\extensions\redhat.java-1.43.1-win32-x64\jre\21.0.7-win32-x86_64\bin\msvcp140.dll
0x00007ffa1ef40000 - 0x00007ffa1fcd0000 	c:\Users\PC\.vscode\extensions\redhat.java-1.43.1-win32-x64\jre\21.0.7-win32-x86_64\bin\server\jvm.dll
0x00007ffa83c70000 - 0x00007ffa83d21000 	C:\Windows\System32\ADVAPI32.dll
0x00007ffa84ba0000 - 0x00007ffa84c3f000 	C:\Windows\System32\sechost.dll
0x00007ffa84280000 - 0x00007ffa843a3000 	C:\Windows\System32\RPCRT4.dll
0x00007ffa838f0000 - 0x00007ffa83917000 	C:\Windows\System32\bcrypt.dll
0x00007ffa843b0000 - 0x00007ffa8441b000 	C:\Windows\System32\WS2_32.dll
0x00007ffa83140000 - 0x00007ffa8318b000 	C:\Windows\SYSTEM32\POWRPROF.dll
0x00007ffa74710000 - 0x00007ffa74737000 	C:\Windows\SYSTEM32\WINMM.dll
0x00007ffa7aa50000 - 0x00007ffa7aa5a000 	C:\Windows\SYSTEM32\VERSION.dll
0x00007ffa83120000 - 0x00007ffa83132000 	C:\Windows\SYSTEM32\UMPDC.dll
0x00007ffa81b50000 - 0x00007ffa81b62000 	C:\Windows\SYSTEM32\kernel.appcore.dll
0x00007ffa64af0000 - 0x00007ffa64afa000 	c:\Users\PC\.vscode\extensions\redhat.java-1.43.1-win32-x64\jre\21.0.7-win32-x86_64\bin\jimage.dll
0x00007ffa743e0000 - 0x00007ffa745e1000 	C:\Windows\SYSTEM32\DBGHELP.DLL
0x00007ffa729d0000 - 0x00007ffa72a04000 	C:\Windows\SYSTEM32\dbgcore.DLL
0x00007ffa83490000 - 0x00007ffa83512000 	C:\Windows\System32\bcryptPrimitives.dll
0x00007ffa64580000 - 0x00007ffa6458f000 	c:\Users\PC\.vscode\extensions\redhat.java-1.43.1-win32-x64\jre\21.0.7-win32-x86_64\bin\instrument.dll
0x00007ffa5d3b0000 - 0x00007ffa5d3cf000 	c:\Users\PC\.vscode\extensions\redhat.java-1.43.1-win32-x64\jre\21.0.7-win32-x86_64\bin\java.dll
0x00007ffa84c40000 - 0x00007ffa853ae000 	C:\Windows\System32\SHELL32.dll
0x00007ffa80920000 - 0x00007ffa810c4000 	C:\Windows\SYSTEM32\windows.storage.dll
0x00007ffa845a0000 - 0x00007ffa848f3000 	C:\Windows\System32\combase.dll
0x00007ffa82c40000 - 0x00007ffa82c6b000 	C:\Windows\SYSTEM32\Wldp.dll
0x00007ffa85930000 - 0x00007ffa859fd000 	C:\Windows\System32\OLEAUT32.dll
0x00007ffa85a00000 - 0x00007ffa85aad000 	C:\Windows\System32\SHCORE.dll
0x00007ffa85830000 - 0x00007ffa8588b000 	C:\Windows\System32\shlwapi.dll
0x00007ffa83210000 - 0x00007ffa83235000 	C:\Windows\SYSTEM32\profapi.dll
0x00007ffa5ad80000 - 0x00007ffa5ad98000 	c:\Users\PC\.vscode\extensions\redhat.java-1.43.1-win32-x64\jre\21.0.7-win32-x86_64\bin\zip.dll
0x00007ffa640f0000 - 0x00007ffa64100000 	C:\Users\PC\.vscode\extensions\redhat.java-1.43.1-win32-x64\jre\21.0.7-win32-x86_64\bin\net.dll
0x00007ffa7aa60000 - 0x00007ffa7ab6a000 	C:\Windows\SYSTEM32\WINHTTP.dll
0x00007ffa829a0000 - 0x00007ffa82a0a000 	C:\Windows\system32\mswsock.dll
0x00007ffa5acc0000 - 0x00007ffa5acd6000 	C:\Users\PC\.vscode\extensions\redhat.java-1.43.1-win32-x64\jre\21.0.7-win32-x86_64\bin\nio.dll
0x00007ffa60c30000 - 0x00007ffa60c40000 	c:\Users\PC\.vscode\extensions\redhat.java-1.43.1-win32-x64\jre\21.0.7-win32-x86_64\bin\verify.dll
0x00007ffa596b0000 - 0x00007ffa596f5000 	C:\Users\PC\AppData\Roaming\Code\User\globalStorage\redhat.java\1.43.1\config_win\org.eclipse.equinox.launcher\org.eclipse.equinox.launcher.win32.win32.x86_64_1.2.1300.v20250331-1702\eclipse_11911.dll
0x00007ffa83d60000 - 0x00007ffa83e8b000 	C:\Windows\System32\ole32.dll
0x00007ffa82ba0000 - 0x00007ffa82bb8000 	C:\Windows\SYSTEM32\CRYPTSP.dll
0x00007ffa822c0000 - 0x00007ffa822f8000 	C:\Windows\system32\rsaenh.dll
0x00007ffa831d0000 - 0x00007ffa831fe000 	C:\Windows\SYSTEM32\USERENV.dll
0x00007ffa82b90000 - 0x00007ffa82b9c000 	C:\Windows\SYSTEM32\CRYPTBASE.dll
0x00007ffa82680000 - 0x00007ffa826bb000 	C:\Windows\SYSTEM32\IPHLPAPI.DLL
0x00007ffa844a0000 - 0x00007ffa844a8000 	C:\Windows\System32\NSI.dll
0x00007ffa58ba0000 - 0x00007ffa58be9000 	C:\Users\PC\AppData\Local\Temp\jna-1612920241\jna5081592105308958943.dll
0x00007ffa83e90000 - 0x00007ffa83e98000 	C:\Windows\System32\PSAPI.DLL
0x00007ffa7b070000 - 0x00007ffa7b087000 	C:\Windows\SYSTEM32\dhcpcsvc6.DLL
0x00007ffa7c050000 - 0x00007ffa7c06d000 	C:\Windows\SYSTEM32\dhcpcsvc.DLL
0x00007ffa6e730000 - 0x00007ffa6e73e000 	C:\Users\PC\.vscode\extensions\redhat.java-1.43.1-win32-x64\jre\21.0.7-win32-x86_64\bin\sunmscapi.dll
0x00007ffa83760000 - 0x00007ffa838bd000 	C:\Windows\System32\CRYPT32.dll
0x00007ffa82cb0000 - 0x00007ffa82cd7000 	C:\Windows\SYSTEM32\ncrypt.dll
0x00007ffa82c70000 - 0x00007ffa82cab000 	C:\Windows\SYSTEM32\NTASN1.dll
0x00007ffa826c0000 - 0x00007ffa8278a000 	C:\Windows\SYSTEM32\DNSAPI.dll
0x00007ffa7f100000 - 0x00007ffa7f10a000 	C:\Windows\System32\rasadhlp.dll
0x00007ffa761f0000 - 0x00007ffa76270000 	C:\Windows\System32\fwpuclnt.dll
0x00007ffa6f2b0000 - 0x00007ffa6f2b9000 	C:\Users\PC\.vscode\extensions\redhat.java-1.43.1-win32-x64\jre\21.0.7-win32-x86_64\bin\extnet.dll

dbghelp: loaded successfully - version: 4.0.5 - missing functions: none
symbol engine: initialized successfully - sym options: 0x614 - pdb path: .;c:\Users\PC\.vscode\extensions\redhat.java-1.43.1-win32-x64\jre\21.0.7-win32-x86_64\bin;C:\Windows\SYSTEM32;C:\Windows\WinSxS\amd64_microsoft.windows.common-controls_6595b64144ccf1df_6.0.19041.5915_none_60b4b9d171f9c7c7;c:\Users\PC\.vscode\extensions\redhat.java-1.43.1-win32-x64\jre\21.0.7-win32-x86_64\bin\server;C:\Users\PC\AppData\Roaming\Code\User\globalStorage\redhat.java\1.43.1\config_win\org.eclipse.equinox.launcher\org.eclipse.equinox.launcher.win32.win32.x86_64_1.2.1300.v20250331-1702;C:\Users\PC\AppData\Local\Temp\jna-1612920241

VM Arguments:
jvm_args: --add-modules=ALL-SYSTEM --add-opens=java.base/java.util=ALL-UNNAMED --add-opens=java.base/java.lang=ALL-UNNAMED --add-opens=java.base/sun.nio.fs=ALL-UNNAMED -Declipse.application=org.eclipse.jdt.ls.core.id1 -Dosgi.bundles.defaultStartLevel=4 -Declipse.product=org.eclipse.jdt.ls.core.product -Djava.import.generatesMetadataFilesAtProjectRoot=false -DDetectVMInstallationsJob.disabled=true -Dfile.encoding=utf8 -XX:+UseParallelGC -XX:GCTimeRatio=4 -XX:AdaptiveSizePolicyWeight=90 -Dsun.zip.disableMemoryMapping=true -Xmx2G -Xms100m -Xlog:disable -javaagent:c:\Users\PC\.vscode\extensions\redhat.java-1.43.1-win32-x64\lombok\lombok-1.18.39-4050.jar -XX:+HeapDumpOnOutOfMemoryError -XX:HeapDumpPath=c:\Users\PC\AppData\Roaming\Code\User\workspaceStorage\73074d77ffb52986d968374123969e44\redhat.java -Daether.dependencyCollector.impl=bf 
java_command: c:\Users\PC\.vscode\extensions\redhat.java-1.43.1-win32-x64\server\plugins\org.eclipse.equinox.launcher_1.7.0.v20250519-0528.jar -configuration c:\Users\PC\AppData\Roaming\Code\User\globalStorage\redhat.java\1.43.1\config_win -data c:\Users\PC\AppData\Roaming\Code\User\workspaceStorage\73074d77ffb52986d968374123969e44\redhat.java\jdt_ws --pipe=\\.\pipe\lsp-a1a312d1f748073e6e55d72488ad22a8-sock
java_class_path (initial): c:\Users\PC\.vscode\extensions\redhat.java-1.43.1-win32-x64\server\plugins\org.eclipse.equinox.launcher_1.7.0.v20250519-0528.jar
Launcher Type: SUN_STANDARD

[Global flags]
    uintx AdaptiveSizePolicyWeight                 = 90                                        {product} {command line}
     intx CICompilerCount                          = 3                                         {product} {ergonomic}
    uintx GCTimeRatio                              = 4                                         {product} {command line}
     bool HeapDumpOnOutOfMemoryError               = true                                   {manageable} {command line}
    ccstr HeapDumpPath                             = c:\Users\PC\AppData\Roaming\Code\User\workspaceStorage\73074d77ffb52986d968374123969e44\redhat.java         {manageable} {command line}
   size_t InitialHeapSize                          = 104857600                                 {product} {command line}
   size_t MaxHeapSize                              = 2147483648                                {product} {command line}
   size_t MaxNewSize                               = 715653120                                 {product} {ergonomic}
   size_t MinHeapDeltaBytes                        = 524288                                    {product} {ergonomic}
   size_t MinHeapSize                              = 104857600                                 {product} {command line}
   size_t NewSize                                  = 34603008                                  {product} {ergonomic}
    uintx NonNMethodCodeHeapSize                   = 5832780                                {pd product} {ergonomic}
    uintx NonProfiledCodeHeapSize                  = 122912730                              {pd product} {ergonomic}
   size_t OldSize                                  = 70254592                                  {product} {ergonomic}
    uintx ProfiledCodeHeapSize                     = 122912730                              {pd product} {ergonomic}
    uintx ReservedCodeCacheSize                    = 251658240                              {pd product} {ergonomic}
     bool SegmentedCodeCache                       = true                                      {product} {ergonomic}
   size_t SoftMaxHeapSize                          = 2147483648                             {manageable} {ergonomic}
     bool UseCompressedOops                        = true                           {product lp64_product} {ergonomic}
     bool UseLargePagesIndividualAllocation        = false                                  {pd product} {ergonomic}
     bool UseParallelGC                            = true                                      {product} {command line}

Logging:
Log output configuration:
 #0: stdout all=off uptime,level,tags foldmultilines=false
 #1: stderr all=off uptime,level,tags foldmultilines=false

Environment Variables:
PATH=C:\Program Files\Java\jdk17\bin\java.exe;G:\Eclipse\apache-maven-3.9.9-src\bin;F:\bin\;C:\app\nouhaila\product\21c\dbhomeXE\bin;C:\Program Files\Python39\Scripts\;C:\Program Files\Java\jdk17\bin;C:\Program Files\Python39\;C:\Windows\system32;C:\Windows;C:\Windows\System32\Wbem;C:\Windows\System32\WindowsPowerShell\v1.0\;C:\Windows\System32\OpenSSH\;C:\Program Files\Git\cmd;C:\Python27\Scripts;C:\Program Files\Microchip\xc8\v2.31\bin;C:\Program Files\MySQL\MySQL Server 8.0\bin;C:\Program Files\Graphviz\bin;C:\php-8.4.4;G:\Eclipse\apache-maven-3.9.9-src;G:\RTI\rti_connext_dds-7.3.0\lib\x64Win64VS2017;G:\flutter_windows_3.29.2-stable\flutter\bin;G:\AndroidStudio\Sdk;G:\AndroidStudio\Sdk\build-tools;G:\FlutterCache\PUB_CACHE;C:\Program Files\Docker\Docker\resources\bin;G:\Nodered\;C:\ProgramData\chocolatey\bin;G:\apache-maven-3.9.10-bin\apache-maven-3.9.10\bin;C:\Program Files\Java\jdk17\bin\java.exe;C:\Users\PC\AppData\Local\Programs\Python\Python312\Scripts\;C:\Users\PC\AppData\Local\Programs\Python\Python312\;C:\Users\PC\AppData\Local\Microsoft\WindowsApps;C:\Users\PC\AppData\Roaming\Microsoft\Windows\Start Menu\Programs\Python 3.12;C:\Users\PC\AppData\Roaming\Microsoft\Windows\Start Menu\Programs\Python 3.12;C:\Users\PC\AppData\Roaming\Microsoft\Windows\Start Menu\Programs\Python 3.12;C:\Users\PC\AppData\Roaming\Microsoft\Windows\Start Menu\Programs\Python 3.12;C:\Users\PC\AppData\Roaming\Microsoft\Windows\Start Menu\Programs\Python 3.12;C:\Users\PC\AppData\Roaming\Microsoft\Windows\Start Menu\Programs\Python 3.12;C:\Users\PC\Downloads\windows_10_cmake_Release_graphviz-install-12.0.0-win64.exe;C:\Program Files (x86)\Graphviz2.38\bin;C:\Program Files\Graphviz\bin;C:\app\Microsoft VS Code\bin;C:\Users\PC\AppData\Roaming\npm
USERNAME=nouhaila
OS=Windows_NT
PROCESSOR_IDENTIFIER=Intel64 Family 6 Model 61 Stepping 4, GenuineIntel
TMP=C:\Users\PC\AppData\Local\Temp
TEMP=C:\Users\PC\AppData\Local\Temp




Periodic native trim disabled

---------------  S Y S T E M  ---------------

OS:
 Windows 10 , 64 bit Build 19041 (10.0.19041.5915)
OS uptime: 2 days 18:28 hours

CPU: total 4 (initial active 4) (2 cores per cpu, 2 threads per core) family 6 model 61 stepping 4 microcode 0x2d, cx8, cmov, fxsr, ht, mmx, 3dnowpref, sse, sse2, sse3, ssse3, sse4.1, sse4.2, popcnt, lzcnt, tsc, tscinvbit, avx, avx2, aes, erms, clmul, bmi1, bmi2, rtm, adx, fma, vzeroupper, clflush, rdtscp, f16c
Processor Information for the first 4 processors :
  Max Mhz: 2594, Current Mhz: 2594, Mhz Limit: 2594

Memory: 4k page, system-wide physical 8071M (1119M free)
TotalPageFile size 18409M (AvailPageFile size 0M)
current process WorkingSet (physical memory assigned to process): 701M, peak: 1105M
current process commit charge ("private bytes"): 1351M, peak: 1366M

vm_info: OpenJDK 64-Bit Server VM (21.0.7+6-LTS) for windows-amd64 JRE (21.0.7+6-LTS), built on 2025-04-15T00:00:00Z by "admin" with MS VC++ 17.7 (VS2022)

END.
