#
# There is insufficient memory for the Java Runtime Environment to continue.
# Native memory allocation (malloc) failed to allocate 1597776 bytes. Error detail: Chunk::new
# Possible reasons:
#   The system is out of physical RAM or swap space
#   This process is running with CompressedOops enabled, and the Java Heap may be blocking the growth of the native heap
# Possible solutions:
#   Reduce memory load on the system
#   Increase physical memory or swap space
#   Check if swap backing store is full
#   Decrease Java heap size (-Xmx/-Xms)
#   Decrease number of Java threads
#   Decrease Java thread stack sizes (-Xss)
#   Set larger code cache with -XX:ReservedCodeCacheSize=
#   JVM is running with Unscaled Compressed Oops mode in which the Java heap is
#     placed in the first 4GB address space. The Java Heap base address is the
#     maximum limit for the native heap growth. Please use -XX:HeapBaseMinAddress
#     to set the Java Heap base and to place the Java Heap above 4GB virtual address.
# This output file may be truncated or incomplete.
#
#  Out of Memory Error (arena.cpp:168), pid=8620, tid=3884
#
# JRE version: OpenJDK Runtime Environment Temurin-21.0.7+6 (21.0.7+6) (build 21.0.7+6-LTS)
# Java VM: OpenJDK 64-Bit Server VM Temurin-21.0.7+6 (21.0.7+6-LTS, mixed mode, sharing, tiered, compressed oops, compressed class ptrs, parallel gc, windows-amd64)
# No core dump will be written. Minidumps are not enabled by default on client versions of Windows
#

---------------  S U M M A R Y ------------

Command Line: --add-modules=ALL-SYSTEM --add-opens=java.base/java.util=ALL-UNNAMED --add-opens=java.base/java.lang=ALL-UNNAMED --add-opens=java.base/sun.nio.fs=ALL-UNNAMED -Declipse.application=org.eclipse.jdt.ls.core.id1 -Dosgi.bundles.defaultStartLevel=4 -Declipse.product=org.eclipse.jdt.ls.core.product -Djava.import.generatesMetadataFilesAtProjectRoot=false -DDetectVMInstallationsJob.disabled=true -Dfile.encoding=utf8 -XX:+UseParallelGC -XX:GCTimeRatio=4 -XX:AdaptiveSizePolicyWeight=90 -Dsun.zip.disableMemoryMapping=true -Xmx2G -Xms100m -Xlog:disable -javaagent:c:\Users\PC\.vscode\extensions\redhat.java-1.43.1-win32-x64\lombok\lombok-1.18.39-4050.jar -XX:+HeapDumpOnOutOfMemoryError -XX:HeapDumpPath=c:\Users\PC\AppData\Roaming\Code\User\workspaceStorage\73074d77ffb52986d968374123969e44\redhat.java -Daether.dependencyCollector.impl=bf c:\Users\PC\.vscode\extensions\redhat.java-1.43.1-win32-x64\server\plugins\org.eclipse.equinox.launcher_1.7.0.v20250519-0528.jar -configuration c:\Users\PC\AppData\Roaming\Code\User\globalStorage\redhat.java\1.43.1\config_win -data c:\Users\PC\AppData\Roaming\Code\User\workspaceStorage\73074d77ffb52986d968374123969e44\redhat.java\jdt_ws --pipe=\\.\pipe\lsp-43afc0caef1d8aa18128ebf7f63ec176-sock

Host: Intel(R) Core(TM) i7-5600U CPU @ 2.60GHz, 4 cores, 7G,  Windows 10 , 64 bit Build 19041 (10.0.19041.5915)
Time: Wed Jul  2 16:30:42 2025 Maroc (heure d64 bit Build 19041 (10.0.19041.5915) elapsed time: 427.512906 seconds (0d 0h 7m 7s)

---------------  T H R E A D  ---------------

Current thread (0x000001d43bd35050):  JavaThread "C2 CompilerThread0" daemon [_thread_in_native, id=3884, stack(0x00000090a5a00000,0x00000090a5b00000) (1024K)]


Current CompileTask:
C2:427513 21340 % !   4       org.eclipse.jdt.internal.core.ClassFileInfo::generateMethodInfos @ 28 (750 bytes)

Stack: [0x00000090a5a00000,0x00000090a5b00000]
Native frames: (J=compiled Java code, j=interpreted, Vv=VM code, C=native code)
V  [jvm.dll+0x6ce119]
V  [jvm.dll+0x8a84a1]
V  [jvm.dll+0x8aa9ce]
V  [jvm.dll+0x8ab0b3]
V  [jvm.dll+0x27f8a6]
V  [jvm.dll+0xc507d]
V  [jvm.dll+0xc55b3]
V  [jvm.dll+0x3b68f2]
V  [jvm.dll+0x382aa5]
V  [jvm.dll+0x381f0a]
V  [jvm.dll+0x247af0]
V  [jvm.dll+0x2470cf]
V  [jvm.dll+0x1c760e]
V  [jvm.dll+0x25695a]
V  [jvm.dll+0x254efa]
V  [jvm.dll+0x3f03f6]
V  [jvm.dll+0x851f6b]
V  [jvm.dll+0x6cc7dd]
C  [ucrtbase.dll+0x21bb2]
C  [KERNEL32.DLL+0x17374]
C  [ntdll.dll+0x4cc91]


---------------  P R O C E S S  ---------------

Threads class SMR info:
_java_thread_list=0x000001d47f0fb5c0, length=38, elements={
0x000001d425351610, 0x000001d43bd29620, 0x000001d43bd2ce90, 0x000001d43bd2eaf0,
0x000001d43bd2fa00, 0x000001d43bd317c0, 0x000001d43bd34220, 0x000001d43bd35050,
0x000001d43bdaa380, 0x000001d4253bec10, 0x000001d47dc95ae0, 0x000001d47de26040,
0x000001d47df3aa10, 0x000001d47dfebe00, 0x000001d47df1ff60, 0x000001d47e18e5c0,
0x000001d47ecfb450, 0x000001d47dd01e90, 0x000001d47dd02520, 0x000001d47dd045f0,
0x000001d47dd03240, 0x000001d404bfcfb0, 0x000001d404bfbc00, 0x000001d404bf66b0,
0x000001d404bfc290, 0x000001d404bf6d40, 0x000001d404bf9b30, 0x000001d404bf73d0,
0x000001d404bf80f0, 0x000001d404bf8780, 0x000001d404bfd640, 0x000001d405a27890,
0x000001d405a28c40, 0x000001d405a257c0, 0x000001d405a26b70, 0x000001d405a27200,
0x000001d4165924a0, 0x000001d416592b30
}

Java Threads: ( => current thread )
  0x000001d425351610 JavaThread "main"                              [_thread_blocked, id=8652, stack(0x00000090a4f00000,0x00000090a5000000) (1024K)]
  0x000001d43bd29620 JavaThread "Reference Handler"          daemon [_thread_blocked, id=8392, stack(0x00000090a5400000,0x00000090a5500000) (1024K)]
  0x000001d43bd2ce90 JavaThread "Finalizer"                  daemon [_thread_blocked, id=9224, stack(0x00000090a5500000,0x00000090a5600000) (1024K)]
  0x000001d43bd2eaf0 JavaThread "Signal Dispatcher"          daemon [_thread_blocked, id=13768, stack(0x00000090a5600000,0x00000090a5700000) (1024K)]
  0x000001d43bd2fa00 JavaThread "Attach Listener"            daemon [_thread_blocked, id=14176, stack(0x00000090a5700000,0x00000090a5800000) (1024K)]
  0x000001d43bd317c0 JavaThread "Service Thread"             daemon [_thread_blocked, id=244, stack(0x00000090a5800000,0x00000090a5900000) (1024K)]
  0x000001d43bd34220 JavaThread "Monitor Deflation Thread"   daemon [_thread_blocked, id=14600, stack(0x00000090a5900000,0x00000090a5a00000) (1024K)]
=>0x000001d43bd35050 JavaThread "C2 CompilerThread0"         daemon [_thread_in_native, id=3884, stack(0x00000090a5a00000,0x00000090a5b00000) (1024K)]
  0x000001d43bdaa380 JavaThread "C1 CompilerThread0"         daemon [_thread_blocked, id=14588, stack(0x00000090a5b00000,0x00000090a5c00000) (1024K)]
  0x000001d4253bec10 JavaThread "Common-Cleaner"             daemon [_thread_blocked, id=9876, stack(0x00000090a5c00000,0x00000090a5d00000) (1024K)]
  0x000001d47dc95ae0 JavaThread "Notification Thread"        daemon [_thread_blocked, id=11752, stack(0x00000090a5d00000,0x00000090a5e00000) (1024K)]
  0x000001d47de26040 JavaThread "Active Thread: Equinox Container: a7dc5db1-71cd-40fa-8fc9-75620eb618de"        [_thread_blocked, id=14676, stack(0x00000090a6100000,0x00000090a6200000) (1024K)]
  0x000001d47df3aa10 JavaThread "Refresh Thread: Equinox Container: a7dc5db1-71cd-40fa-8fc9-75620eb618de" daemon [_thread_blocked, id=7244, stack(0x00000090a6200000,0x00000090a6300000) (1024K)]
  0x000001d47dfebe00 JavaThread "Framework Event Dispatcher: Equinox Container: a7dc5db1-71cd-40fa-8fc9-75620eb618de" daemon [_thread_blocked, id=12692, stack(0x00000090a6300000,0x00000090a6400000) (1024K)]
  0x000001d47df1ff60 JavaThread "Start Level: Equinox Container: a7dc5db1-71cd-40fa-8fc9-75620eb618de" daemon [_thread_blocked, id=9584, stack(0x00000090a6400000,0x00000090a6500000) (1024K)]
  0x000001d47e18e5c0 JavaThread "Bundle File Closer"         daemon [_thread_blocked, id=6432, stack(0x00000090a6500000,0x00000090a6600000) (1024K)]
  0x000001d47ecfb450 JavaThread "SCR Component Actor"        daemon [_thread_blocked, id=4596, stack(0x00000090a6600000,0x00000090a6700000) (1024K)]
  0x000001d47dd01e90 JavaThread "Worker-JM"                         [_thread_blocked, id=12412, stack(0x00000090a6800000,0x00000090a6900000) (1024K)]
  0x000001d47dd02520 JavaThread "JNA Cleaner"                daemon [_thread_blocked, id=11488, stack(0x00000090a6900000,0x00000090a6a00000) (1024K)]
  0x000001d47dd045f0 JavaThread "Worker-2"                          [_thread_blocked, id=13248, stack(0x00000090a6c00000,0x00000090a6d00000) (1024K)]
  0x000001d47dd03240 JavaThread "Java indexing"              daemon [_thread_in_native, id=15224, stack(0x00000090a6e00000,0x00000090a6f00000) (1024K)]
  0x000001d404bfcfb0 JavaThread "Thread-2"                   daemon [_thread_in_native, id=5636, stack(0x00000090a7200000,0x00000090a7300000) (1024K)]
  0x000001d404bfbc00 JavaThread "Thread-3"                   daemon [_thread_in_native, id=4712, stack(0x00000090a7300000,0x00000090a7400000) (1024K)]
  0x000001d404bf66b0 JavaThread "Thread-4"                   daemon [_thread_in_native, id=13052, stack(0x00000090a7400000,0x00000090a7500000) (1024K)]
  0x000001d404bfc290 JavaThread "Thread-5"                   daemon [_thread_in_native, id=10908, stack(0x00000090a7500000,0x00000090a7600000) (1024K)]
  0x000001d404bf6d40 JavaThread "Thread-6"                   daemon [_thread_in_native, id=6340, stack(0x00000090a7600000,0x00000090a7700000) (1024K)]
  0x000001d404bf9b30 JavaThread "pool-2-thread-1"                   [_thread_blocked, id=12164, stack(0x00000090a7700000,0x00000090a7800000) (1024K)]
  0x000001d404bf73d0 JavaThread "WorkspaceEventsHandler"            [_thread_blocked, id=9328, stack(0x00000090a7800000,0x00000090a7900000) (1024K)]
  0x000001d404bf80f0 JavaThread "pool-1-thread-1"                   [_thread_blocked, id=9304, stack(0x00000090a7900000,0x00000090a7a00000) (1024K)]
  0x000001d404bf8780 JavaThread "Worker-5: Building"                [_thread_in_native, id=11448, stack(0x00000090a7a00000,0x00000090a7b00000) (1024K)]
  0x000001d404bfd640 JavaThread "Compiler Source File Reader" daemon [_thread_blocked, id=14512, stack(0x00000090a7e00000,0x00000090a7f00000) (1024K)]
  0x000001d405a27890 JavaThread "Compiler Source File Reader" daemon [_thread_blocked, id=10864, stack(0x00000090a7f00000,0x00000090a8000000) (1024K)]
  0x000001d405a28c40 JavaThread "ForkJoinPool.commonPool-worker-1" daemon [_thread_blocked, id=8124, stack(0x00000090a4e00000,0x00000090a4f00000) (1024K)]
  0x000001d405a257c0 JavaThread "ForkJoinPool.commonPool-worker-2" daemon [_thread_in_Java, id=3340, stack(0x00000090a5000000,0x00000090a5100000) (1024K)]
  0x000001d405a26b70 JavaThread "ForkJoinPool.commonPool-worker-3" daemon [_thread_blocked, id=13616, stack(0x00000090a8400000,0x00000090a8500000) (1024K)]
  0x000001d405a27200 JavaThread "Cleaner-0"                  daemon [_thread_blocked, id=384, stack(0x00000090a8500000,0x00000090a8600000) (1024K)]
  0x000001d4165924a0 JavaThread "Compiler Processing Task"   daemon [_thread_blocked, id=12312, stack(0x00000090a6700000,0x00000090a6800000) (1024K)]
  0x000001d416592b30 JavaThread "Worker-7"                          [_thread_blocked, id=4012, stack(0x00000090a6a00000,0x00000090a6b00000) (1024K)]
Total: 38

Other Threads:
  0x000001d43bd1e950 VMThread "VM Thread"                           [id=8740, stack(0x00000090a5300000,0x00000090a5400000) (1024K)]
  0x000001d4253bdb50 WatcherThread "VM Periodic Task Thread"        [id=9852, stack(0x00000090a5200000,0x00000090a5300000) (1024K)]
  0x000001d425370c80 WorkerThread "GC Thread#0"                     [id=14644, stack(0x00000090a5100000,0x00000090a5200000) (1024K)]
  0x000001d47e0beca0 WorkerThread "GC Thread#1"                     [id=12752, stack(0x00000090a5e00000,0x00000090a5f00000) (1024K)]
  0x000001d47e22b010 WorkerThread "GC Thread#2"                     [id=11356, stack(0x00000090a5f00000,0x00000090a6000000) (1024K)]
  0x000001d47e22b3b0 WorkerThread "GC Thread#3"                     [id=6216, stack(0x00000090a6000000,0x00000090a6100000) (1024K)]
Total: 6

Threads with active compile tasks:
C2 CompilerThread0  427583 21340 % !   4       org.eclipse.jdt.internal.core.ClassFileInfo::generateMethodInfos @ 28 (750 bytes)
Total: 1

VM state: not at safepoint (normal execution)

VM Mutex/Monitor currently owned by a thread: None

Heap address: 0x0000000080000000, size: 2048 MB, Compressed Oops mode: 32-bit

CDS archive(s) mapped at: [0x000001d43c000000-0x000001d43cba0000-0x000001d43cba0000), size 12189696, SharedBaseAddress: 0x000001d43c000000, ArchiveRelocationMode: 1.
Compressed class space mapped at: 0x000001d43d000000-0x000001d47d000000, reserved size: 1073741824
Narrow klass base: 0x000001d43c000000, Narrow klass shift: 0, Narrow klass range: 0x100000000

GC Precious Log:
 CardTable entry size: 512
 CPUs: 4 total, 4 available
 Memory: 8071M
 Large Page Support: Disabled
 NUMA Support: Disabled
 Compressed Oops: Enabled (32-bit)
 Alignments: Space 512K, Generation 512K, Heap 2M
 Heap Min Capacity: 100M
 Heap Initial Capacity: 100M
 Heap Max Capacity: 2G
 Pre-touch: Disabled
 Parallel Workers: 4

Heap:
 PSYoungGen      total 8192K, used 4994K [0x00000000d5580000, 0x00000000d5e00000, 0x0000000100000000)
  eden space 7168K, 64% used [0x00000000d5580000,0x00000000d5a0a2b8,0x00000000d5c80000)
  from space 1024K, 33% used [0x00000000d5c80000,0x00000000d5cd6900,0x00000000d5d80000)
  to   space 512K, 0% used [0x00000000d5d80000,0x00000000d5d80000,0x00000000d5e00000)
 ParOldGen       total 1253376K, used 1253043K [0x0000000080000000, 0x00000000cc800000, 0x00000000d5580000)
  object space 1253376K, 99% used [0x0000000080000000,0x00000000cc7ace70,0x00000000cc800000)
 Metaspace       used 81400K, committed 83136K, reserved 1179648K
  class space    used 7915K, committed 8768K, reserved 1048576K

Card table byte_map: [0x000001d424d00000,0x000001d425110000] _byte_map_base: 0x000001d424900000

Marking Bits: (ParMarkBitMap*) 0x00007ffc779d31f0
 Begin Bits: [0x000001d437800000, 0x000001d439800000)
 End Bits:   [0x000001d439800000, 0x000001d43b800000)

Polling page: 0x000001d423330000

Metaspace:

Usage:
  Non-class:     71.76 MB used.
      Class:      7.73 MB used.
       Both:     79.49 MB used.

Virtual space:
  Non-class space:      128.00 MB reserved,      72.62 MB ( 57%) committed,  2 nodes.
      Class space:        1.00 GB reserved,       8.56 MB ( <1%) committed,  1 nodes.
             Both:        1.12 GB reserved,      81.19 MB (  7%) committed. 

Chunk freelists:
   Non-Class:  6.58 MB
       Class:  7.47 MB
        Both:  14.05 MB

MaxMetaspaceSize: unlimited
CompressedClassSpaceSize: 1.00 GB
Initial GC threshold: 21.00 MB
Current GC threshold: 125.94 MB
CDS: on
 - commit_granule_bytes: 65536.
 - commit_granule_words: 8192.
 - virtual_space_node_default_size: 8388608.
 - enlarge_chunks_in_place: 1.
 - use_allocation_guard: 0.


Internal statistics:

num_allocs_failed_limit: 9.
num_arena_births: 1598.
num_arena_deaths: 14.
num_vsnodes_births: 3.
num_vsnodes_deaths: 0.
num_space_committed: 1299.
num_space_uncommitted: 0.
num_chunks_returned_to_freelist: 23.
num_chunks_taken_from_freelist: 5754.
num_chunk_merges: 13.
num_chunk_splits: 3422.
num_chunks_enlarged: 1825.
num_inconsistent_stats: 0.

CodeHeap 'non-profiled nmethods': size=120000Kb used=22136Kb max_used=22136Kb free=97863Kb
 bounds [0x000001d430020000, 0x000001d4315c0000, 0x000001d437550000]
CodeHeap 'profiled nmethods': size=120000Kb used=49105Kb max_used=49105Kb free=70894Kb
 bounds [0x000001d428550000, 0x000001d42b550000, 0x000001d42fa80000]
CodeHeap 'non-nmethods': size=5760Kb used=1486Kb max_used=1600Kb free=4273Kb
 bounds [0x000001d42fa80000, 0x000001d42fcf0000, 0x000001d430020000]
 total_blobs=20236 nmethods=19432 adapters=705
 compilation: enabled
              stopped_count=0, restarted_count=0
 full_count=0

Compilation events (20 events):
Event: 427.434 Thread 0x000001d43bdaa380 nmethod 21344 0x000001d42b536d10 code [0x000001d42b536ec0, 0x000001d42b537098]
Event: 427.447 Thread 0x000001d43bdaa380 21345       3       org.eclipse.core.internal.content.ContentTypeMatcher::findContentTypeFor (39 bytes)
Event: 427.448 Thread 0x000001d43bdaa380 nmethod 21345 0x000001d42b537190 code [0x000001d42b5373c0, 0x000001d42b537ac0]
Event: 427.448 Thread 0x000001d43bdaa380 21346       3       org.eclipse.core.internal.content.ContentTypeCatalog::isAncestor (20 bytes)
Event: 427.448 Thread 0x000001d43bdaa380 nmethod 21346 0x000001d42b537e10 code [0x000001d42b538000, 0x000001d42b5384b8]
Event: 427.448 Thread 0x000001d43bdaa380 21347       3       org.eclipse.core.internal.content.ContentTypeCatalog$$Lambda/0x000001d43d565a58::compare (12 bytes)
Event: 427.449 Thread 0x000001d43bdaa380 nmethod 21347 0x000001d42b538690 code [0x000001d42b538860, 0x000001d42b538bb8]
Event: 427.449 Thread 0x000001d43bdaa380 21348       3       org.eclipse.core.internal.content.ContentTypeHandler::getDefaultDescription (27 bytes)
Event: 427.449 Thread 0x000001d43bdaa380 nmethod 21348 0x000001d42b538c90 code [0x000001d42b538e60, 0x000001d42b5390b8]
Event: 427.462 Thread 0x000001d43bdaa380 21349   !   3       java.io.BufferedWriter::close (63 bytes)
Event: 427.464 Thread 0x000001d43bdaa380 nmethod 21349 0x000001d42b539210 code [0x000001d42b5394a0, 0x000001d42b53a2a8]
Event: 427.503 Thread 0x000001d43bdaa380 21350       3       org.eclipse.jdt.internal.core.PackageDeclaration::<init> (11 bytes)
Event: 427.504 Thread 0x000001d43bdaa380 nmethod 21350 0x000001d42b53a790 code [0x000001d42b53a960, 0x000001d42b53ada0]
Event: 427.505 Thread 0x000001d43bdaa380 21351       3       org.eclipse.jface.text.AbstractDocument::containsPositionCategory (17 bytes)
Event: 427.505 Thread 0x000001d43bdaa380 nmethod 21351 0x000001d42b53af90 code [0x000001d42b53b140, 0x000001d42b53b378]
Event: 427.506 Thread 0x000001d43bdaa380 21352   !   3       org.eclipse.jdt.internal.core.Buffer::getCharacters (95 bytes)
Event: 427.507 Thread 0x000001d43bdaa380 nmethod 21352 0x000001d42b53b490 code [0x000001d42b53b680, 0x000001d42b53bbe8]
Event: 427.509 Thread 0x000001d43bdaa380 21353       3       org.eclipse.jface.text.CopyOnWriteTextStore::set (24 bytes)
Event: 427.509 Thread 0x000001d43bdaa380 nmethod 21353 0x000001d42b53be10 code [0x000001d42b53bfe0, 0x000001d42b53c288]
Event: 427.509 Thread 0x000001d43bdaa380 21354       3       org.eclipse.jface.text.AbstractDocument::addPositionCategory (50 bytes)

GC Heap History (20 events):
Event: 427.160 GC heap before
{Heap before GC invocations=2477 (full 4):
 PSYoungGen      total 7680K, used 6965K [0x00000000d5580000, 0x00000000d5e00000, 0x0000000100000000)
  eden space 7168K, 93% used [0x00000000d5580000,0x00000000d5c0d5e0,0x00000000d5c80000)
  from space 512K, 50% used [0x00000000d5d80000,0x00000000d5dc0000,0x00000000d5e00000)
  to   space 512K, 0% used [0x00000000d5c80000,0x00000000d5c80000,0x00000000d5d00000)
 ParOldGen       total 1250304K, used 1250272K [0x0000000080000000, 0x00000000cc500000, 0x00000000d5580000)
  object space 1250304K, 99% used [0x0000000080000000,0x00000000cc4f83f0,0x00000000cc500000)
 Metaspace       used 81390K, committed 83136K, reserved 1179648K
  class space    used 7915K, committed 8768K, reserved 1048576K
}
Event: 427.163 GC heap after
{Heap after GC invocations=2477 (full 4):
 PSYoungGen      total 7680K, used 128K [0x00000000d5580000, 0x00000000d5e00000, 0x0000000100000000)
  eden space 7168K, 0% used [0x00000000d5580000,0x00000000d5580000,0x00000000d5c80000)
  from space 512K, 25% used [0x00000000d5c80000,0x00000000d5ca0000,0x00000000d5d00000)
  to   space 512K, 0% used [0x00000000d5d80000,0x00000000d5d80000,0x00000000d5e00000)
 ParOldGen       total 1250816K, used 1250448K [0x0000000080000000, 0x00000000cc580000, 0x00000000d5580000)
  object space 1250816K, 99% used [0x0000000080000000,0x00000000cc5243f0,0x00000000cc580000)
 Metaspace       used 81390K, committed 83136K, reserved 1179648K
  class space    used 7915K, committed 8768K, reserved 1048576K
}
Event: 427.185 GC heap before
{Heap before GC invocations=2478 (full 4):
 PSYoungGen      total 7680K, used 6635K [0x00000000d5580000, 0x00000000d5e00000, 0x0000000100000000)
  eden space 7168K, 90% used [0x00000000d5580000,0x00000000d5bdae40,0x00000000d5c80000)
  from space 512K, 25% used [0x00000000d5c80000,0x00000000d5ca0000,0x00000000d5d00000)
  to   space 512K, 0% used [0x00000000d5d80000,0x00000000d5d80000,0x00000000d5e00000)
 ParOldGen       total 1250816K, used 1250448K [0x0000000080000000, 0x00000000cc580000, 0x00000000d5580000)
  object space 1250816K, 99% used [0x0000000080000000,0x00000000cc5243f0,0x00000000cc580000)
 Metaspace       used 81390K, committed 83136K, reserved 1179648K
  class space    used 7915K, committed 8768K, reserved 1048576K
}
Event: 427.188 GC heap after
{Heap after GC invocations=2478 (full 4):
 PSYoungGen      total 7680K, used 128K [0x00000000d5580000, 0x00000000d5e00000, 0x0000000100000000)
  eden space 7168K, 0% used [0x00000000d5580000,0x00000000d5580000,0x00000000d5c80000)
  from space 512K, 25% used [0x00000000d5d80000,0x00000000d5da0000,0x00000000d5e00000)
  to   space 512K, 0% used [0x00000000d5c80000,0x00000000d5c80000,0x00000000d5d00000)
 ParOldGen       total 1250816K, used 1250520K [0x0000000080000000, 0x00000000cc580000, 0x00000000d5580000)
  object space 1250816K, 99% used [0x0000000080000000,0x00000000cc5363f0,0x00000000cc580000)
 Metaspace       used 81390K, committed 83136K, reserved 1179648K
  class space    used 7915K, committed 8768K, reserved 1048576K
}
Event: 427.211 GC heap before
{Heap before GC invocations=2479 (full 4):
 PSYoungGen      total 7680K, used 6741K [0x00000000d5580000, 0x00000000d5e00000, 0x0000000100000000)
  eden space 7168K, 92% used [0x00000000d5580000,0x00000000d5bf5780,0x00000000d5c80000)
  from space 512K, 25% used [0x00000000d5d80000,0x00000000d5da0000,0x00000000d5e00000)
  to   space 512K, 0% used [0x00000000d5c80000,0x00000000d5c80000,0x00000000d5d00000)
 ParOldGen       total 1250816K, used 1250520K [0x0000000080000000, 0x00000000cc580000, 0x00000000d5580000)
  object space 1250816K, 99% used [0x0000000080000000,0x00000000cc5363f0,0x00000000cc580000)
 Metaspace       used 81390K, committed 83136K, reserved 1179648K
  class space    used 7915K, committed 8768K, reserved 1048576K
}
Event: 427.215 GC heap after
{Heap after GC invocations=2479 (full 4):
 PSYoungGen      total 7680K, used 128K [0x00000000d5580000, 0x00000000d5e00000, 0x0000000100000000)
  eden space 7168K, 0% used [0x00000000d5580000,0x00000000d5580000,0x00000000d5c80000)
  from space 512K, 25% used [0x00000000d5c80000,0x00000000d5ca0000,0x00000000d5d00000)
  to   space 512K, 0% used [0x00000000d5d80000,0x00000000d5d80000,0x00000000d5e00000)
 ParOldGen       total 1250816K, used 1250568K [0x0000000080000000, 0x00000000cc580000, 0x00000000d5580000)
  object space 1250816K, 99% used [0x0000000080000000,0x00000000cc5423f0,0x00000000cc580000)
 Metaspace       used 81390K, committed 83136K, reserved 1179648K
  class space    used 7915K, committed 8768K, reserved 1048576K
}
Event: 427.236 GC heap before
{Heap before GC invocations=2480 (full 4):
 PSYoungGen      total 7680K, used 7276K [0x00000000d5580000, 0x00000000d5e00000, 0x0000000100000000)
  eden space 7168K, 99% used [0x00000000d5580000,0x00000000d5c7b288,0x00000000d5c80000)
  from space 512K, 25% used [0x00000000d5c80000,0x00000000d5ca0000,0x00000000d5d00000)
  to   space 512K, 0% used [0x00000000d5d80000,0x00000000d5d80000,0x00000000d5e00000)
 ParOldGen       total 1250816K, used 1250568K [0x0000000080000000, 0x00000000cc580000, 0x00000000d5580000)
  object space 1250816K, 99% used [0x0000000080000000,0x00000000cc5423f0,0x00000000cc580000)
 Metaspace       used 81390K, committed 83136K, reserved 1179648K
  class space    used 7915K, committed 8768K, reserved 1048576K
}
Event: 427.239 GC heap after
{Heap after GC invocations=2480 (full 4):
 PSYoungGen      total 7680K, used 128K [0x00000000d5580000, 0x00000000d5e00000, 0x0000000100000000)
  eden space 7168K, 0% used [0x00000000d5580000,0x00000000d5580000,0x00000000d5c80000)
  from space 512K, 25% used [0x00000000d5d80000,0x00000000d5da0000,0x00000000d5e00000)
  to   space 512K, 0% used [0x00000000d5c80000,0x00000000d5c80000,0x00000000d5d00000)
 ParOldGen       total 1252864K, used 1252145K [0x0000000080000000, 0x00000000cc780000, 0x00000000d5580000)
  object space 1252864K, 99% used [0x0000000080000000,0x00000000cc6cc7b0,0x00000000cc780000)
 Metaspace       used 81390K, committed 83136K, reserved 1179648K
  class space    used 7915K, committed 8768K, reserved 1048576K
}
Event: 427.261 GC heap before
{Heap before GC invocations=2481 (full 4):
 PSYoungGen      total 7680K, used 7036K [0x00000000d5580000, 0x00000000d5e00000, 0x0000000100000000)
  eden space 7168K, 96% used [0x00000000d5580000,0x00000000d5c3f0f8,0x00000000d5c80000)
  from space 512K, 25% used [0x00000000d5d80000,0x00000000d5da0000,0x00000000d5e00000)
  to   space 512K, 0% used [0x00000000d5c80000,0x00000000d5c80000,0x00000000d5d00000)
 ParOldGen       total 1252864K, used 1252145K [0x0000000080000000, 0x00000000cc780000, 0x00000000d5580000)
  object space 1252864K, 99% used [0x0000000080000000,0x00000000cc6cc7b0,0x00000000cc780000)
 Metaspace       used 81390K, committed 83136K, reserved 1179648K
  class space    used 7915K, committed 8768K, reserved 1048576K
}
Event: 427.266 GC heap after
{Heap after GC invocations=2481 (full 4):
 PSYoungGen      total 7680K, used 128K [0x00000000d5580000, 0x00000000d5e00000, 0x0000000100000000)
  eden space 7168K, 0% used [0x00000000d5580000,0x00000000d5580000,0x00000000d5c80000)
  from space 512K, 25% used [0x00000000d5c80000,0x00000000d5ca0000,0x00000000d5d00000)
  to   space 512K, 0% used [0x00000000d5d80000,0x00000000d5d80000,0x00000000d5e00000)
 ParOldGen       total 1252864K, used 1252177K [0x0000000080000000, 0x00000000cc780000, 0x00000000d5580000)
  object space 1252864K, 99% used [0x0000000080000000,0x00000000cc6d47b0,0x00000000cc780000)
 Metaspace       used 81390K, committed 83136K, reserved 1179648K
  class space    used 7915K, committed 8768K, reserved 1048576K
}
Event: 427.288 GC heap before
{Heap before GC invocations=2482 (full 4):
 PSYoungGen      total 7680K, used 6665K [0x00000000d5580000, 0x00000000d5e00000, 0x0000000100000000)
  eden space 7168K, 91% used [0x00000000d5580000,0x00000000d5be2738,0x00000000d5c80000)
  from space 512K, 25% used [0x00000000d5c80000,0x00000000d5ca0000,0x00000000d5d00000)
  to   space 512K, 0% used [0x00000000d5d80000,0x00000000d5d80000,0x00000000d5e00000)
 ParOldGen       total 1252864K, used 1252177K [0x0000000080000000, 0x00000000cc780000, 0x00000000d5580000)
  object space 1252864K, 99% used [0x0000000080000000,0x00000000cc6d47b0,0x00000000cc780000)
 Metaspace       used 81390K, committed 83136K, reserved 1179648K
  class space    used 7915K, committed 8768K, reserved 1048576K
}
Event: 427.294 GC heap after
{Heap after GC invocations=2482 (full 4):
 PSYoungGen      total 7680K, used 96K [0x00000000d5580000, 0x00000000d5e00000, 0x0000000100000000)
  eden space 7168K, 0% used [0x00000000d5580000,0x00000000d5580000,0x00000000d5c80000)
  from space 512K, 18% used [0x00000000d5d80000,0x00000000d5d98000,0x00000000d5e00000)
  to   space 512K, 0% used [0x00000000d5c80000,0x00000000d5c80000,0x00000000d5d00000)
 ParOldGen       total 1252864K, used 1252273K [0x0000000080000000, 0x00000000cc780000, 0x00000000d5580000)
  object space 1252864K, 99% used [0x0000000080000000,0x00000000cc6ec7b0,0x00000000cc780000)
 Metaspace       used 81390K, committed 83136K, reserved 1179648K
  class space    used 7915K, committed 8768K, reserved 1048576K
}
Event: 427.319 GC heap before
{Heap before GC invocations=2483 (full 4):
 PSYoungGen      total 7680K, used 6571K [0x00000000d5580000, 0x00000000d5e00000, 0x0000000100000000)
  eden space 7168K, 90% used [0x00000000d5580000,0x00000000d5bd2ee0,0x00000000d5c80000)
  from space 512K, 18% used [0x00000000d5d80000,0x00000000d5d98000,0x00000000d5e00000)
  to   space 512K, 0% used [0x00000000d5c80000,0x00000000d5c80000,0x00000000d5d00000)
 ParOldGen       total 1252864K, used 1252273K [0x0000000080000000, 0x00000000cc780000, 0x00000000d5580000)
  object space 1252864K, 99% used [0x0000000080000000,0x00000000cc6ec7b0,0x00000000cc780000)
 Metaspace       used 81390K, committed 83136K, reserved 1179648K
  class space    used 7915K, committed 8768K, reserved 1048576K
}
Event: 427.324 GC heap after
{Heap after GC invocations=2483 (full 4):
 PSYoungGen      total 7680K, used 128K [0x00000000d5580000, 0x00000000d5e00000, 0x0000000100000000)
  eden space 7168K, 0% used [0x00000000d5580000,0x00000000d5580000,0x00000000d5c80000)
  from space 512K, 25% used [0x00000000d5c80000,0x00000000d5ca0000,0x00000000d5d00000)
  to   space 512K, 0% used [0x00000000d5d80000,0x00000000d5d80000,0x00000000d5e00000)
 ParOldGen       total 1252864K, used 1252329K [0x0000000080000000, 0x00000000cc780000, 0x00000000d5580000)
  object space 1252864K, 99% used [0x0000000080000000,0x00000000cc6fa7b0,0x00000000cc780000)
 Metaspace       used 81390K, committed 83136K, reserved 1179648K
  class space    used 7915K, committed 8768K, reserved 1048576K
}
Event: 427.350 GC heap before
{Heap before GC invocations=2484 (full 4):
 PSYoungGen      total 7680K, used 6999K [0x00000000d5580000, 0x00000000d5e00000, 0x0000000100000000)
  eden space 7168K, 95% used [0x00000000d5580000,0x00000000d5c35de0,0x00000000d5c80000)
  from space 512K, 25% used [0x00000000d5c80000,0x00000000d5ca0000,0x00000000d5d00000)
  to   space 512K, 0% used [0x00000000d5d80000,0x00000000d5d80000,0x00000000d5e00000)
 ParOldGen       total 1252864K, used 1252329K [0x0000000080000000, 0x00000000cc780000, 0x00000000d5580000)
  object space 1252864K, 99% used [0x0000000080000000,0x00000000cc6fa7b0,0x00000000cc780000)
 Metaspace       used 81390K, committed 83136K, reserved 1179648K
  class space    used 7915K, committed 8768K, reserved 1048576K
}
Event: 427.354 GC heap after
{Heap after GC invocations=2484 (full 4):
 PSYoungGen      total 7680K, used 160K [0x00000000d5580000, 0x00000000d5e00000, 0x0000000100000000)
  eden space 7168K, 0% used [0x00000000d5580000,0x00000000d5580000,0x00000000d5c80000)
  from space 512K, 31% used [0x00000000d5d80000,0x00000000d5da8000,0x00000000d5e00000)
  to   space 512K, 0% used [0x00000000d5c80000,0x00000000d5c80000,0x00000000d5d00000)
 ParOldGen       total 1252864K, used 1252385K [0x0000000080000000, 0x00000000cc780000, 0x00000000d5580000)
  object space 1252864K, 99% used [0x0000000080000000,0x00000000cc7087b0,0x00000000cc780000)
 Metaspace       used 81390K, committed 83136K, reserved 1179648K
  class space    used 7915K, committed 8768K, reserved 1048576K
}
Event: 427.377 GC heap before
{Heap before GC invocations=2485 (full 4):
 PSYoungGen      total 7680K, used 6726K [0x00000000d5580000, 0x00000000d5e00000, 0x0000000100000000)
  eden space 7168K, 91% used [0x00000000d5580000,0x00000000d5be9b80,0x00000000d5c80000)
  from space 512K, 31% used [0x00000000d5d80000,0x00000000d5da8000,0x00000000d5e00000)
  to   space 512K, 0% used [0x00000000d5c80000,0x00000000d5c80000,0x00000000d5d00000)
 ParOldGen       total 1252864K, used 1252385K [0x0000000080000000, 0x00000000cc780000, 0x00000000d5580000)
  object space 1252864K, 99% used [0x0000000080000000,0x00000000cc7087b0,0x00000000cc780000)
 Metaspace       used 81390K, committed 83136K, reserved 1179648K
  class space    used 7915K, committed 8768K, reserved 1048576K
}
Event: 427.383 GC heap after
{Heap after GC invocations=2485 (full 4):
 PSYoungGen      total 7680K, used 128K [0x00000000d5580000, 0x00000000d5e00000, 0x0000000100000000)
  eden space 7168K, 0% used [0x00000000d5580000,0x00000000d5580000,0x00000000d5c80000)
  from space 512K, 25% used [0x00000000d5c80000,0x00000000d5ca0000,0x00000000d5d00000)
  to   space 512K, 0% used [0x00000000d5d80000,0x00000000d5d80000,0x00000000d5e00000)
 ParOldGen       total 1252864K, used 1252497K [0x0000000080000000, 0x00000000cc780000, 0x00000000d5580000)
  object space 1252864K, 99% used [0x0000000080000000,0x00000000cc7247b0,0x00000000cc780000)
 Metaspace       used 81390K, committed 83136K, reserved 1179648K
  class space    used 7915K, committed 8768K, reserved 1048576K
}
Event: 427.413 GC heap before
{Heap before GC invocations=2486 (full 4):
 PSYoungGen      total 7680K, used 7296K [0x00000000d5580000, 0x00000000d5e00000, 0x0000000100000000)
  eden space 7168K, 100% used [0x00000000d5580000,0x00000000d5c80000,0x00000000d5c80000)
  from space 512K, 25% used [0x00000000d5c80000,0x00000000d5ca0000,0x00000000d5d00000)
  to   space 512K, 0% used [0x00000000d5d80000,0x00000000d5d80000,0x00000000d5e00000)
 ParOldGen       total 1252864K, used 1252497K [0x0000000080000000, 0x00000000cc780000, 0x00000000d5580000)
  object space 1252864K, 99% used [0x0000000080000000,0x00000000cc7247b0,0x00000000cc780000)
 Metaspace       used 81391K, committed 83136K, reserved 1179648K
  class space    used 7915K, committed 8768K, reserved 1048576K
}
Event: 427.418 GC heap after
{Heap after GC invocations=2486 (full 4):
 PSYoungGen      total 7680K, used 500K [0x00000000d5580000, 0x00000000d5e80000, 0x0000000100000000)
  eden space 7168K, 0% used [0x00000000d5580000,0x00000000d5580000,0x00000000d5c80000)
  from space 512K, 97% used [0x00000000d5d80000,0x00000000d5dfd200,0x00000000d5e00000)
  to   space 1024K, 0% used [0x00000000d5c80000,0x00000000d5c80000,0x00000000d5d80000)
 ParOldGen       total 1252864K, used 1252593K [0x0000000080000000, 0x00000000cc780000, 0x00000000d5580000)
  object space 1252864K, 99% used [0x0000000080000000,0x00000000cc73c7b0,0x00000000cc780000)
 Metaspace       used 81391K, committed 83136K, reserved 1179648K
  class space    used 7915K, committed 8768K, reserved 1048576K
}

Dll operation events (11 events):
Event: 0.030 Loaded shared library c:\Users\PC\.vscode\extensions\redhat.java-1.43.1-win32-x64\jre\21.0.7-win32-x86_64\bin\java.dll
Event: 1.448 Loaded shared library c:\Users\PC\.vscode\extensions\redhat.java-1.43.1-win32-x64\jre\21.0.7-win32-x86_64\bin\zip.dll
Event: 1.575 Loaded shared library C:\Users\PC\.vscode\extensions\redhat.java-1.43.1-win32-x64\jre\21.0.7-win32-x86_64\bin\instrument.dll
Event: 1.583 Loaded shared library C:\Users\PC\.vscode\extensions\redhat.java-1.43.1-win32-x64\jre\21.0.7-win32-x86_64\bin\net.dll
Event: 1.587 Loaded shared library C:\Users\PC\.vscode\extensions\redhat.java-1.43.1-win32-x64\jre\21.0.7-win32-x86_64\bin\nio.dll
Event: 1.594 Loaded shared library C:\Users\PC\.vscode\extensions\redhat.java-1.43.1-win32-x64\jre\21.0.7-win32-x86_64\bin\zip.dll
Event: 1.664 Loaded shared library C:\Users\PC\.vscode\extensions\redhat.java-1.43.1-win32-x64\jre\21.0.7-win32-x86_64\bin\jimage.dll
Event: 1.912 Loaded shared library c:\Users\PC\.vscode\extensions\redhat.java-1.43.1-win32-x64\jre\21.0.7-win32-x86_64\bin\verify.dll
Event: 10.111 Loaded shared library C:\Users\PC\AppData\Roaming\Code\User\globalStorage\redhat.java\1.43.1\config_win\org.eclipse.equinox.launcher\org.eclipse.equinox.launcher.win32.win32.x86_64_1.2.1300.v20250331-1702\eclipse_11911.dll
Event: 17.858 Loaded shared library C:\Users\PC\AppData\Local\Temp\jna-1612920241\jna18120758188144019115.dll
Event: 99.424 Loaded shared library C:\Users\PC\.vscode\extensions\redhat.java-1.43.1-win32-x64\jre\21.0.7-win32-x86_64\bin\sunmscapi.dll

Deoptimization events (20 events):
Event: 423.452 Thread 0x000001d404bf80f0 DEOPT PACKING pc=0x000001d42a4372c8 sp=0x00000090a79fcea0
Event: 423.452 Thread 0x000001d404bf80f0 DEOPT UNPACKING pc=0x000001d42fad4242 sp=0x00000090a79fc318 mode 0
Event: 423.466 Thread 0x000001d404bf80f0 Uncommon trap: trap_request=0xffffff45 fr.pc=0x000001d430ce1044 relative=0x0000000000000284
Event: 423.466 Thread 0x000001d404bf80f0 Uncommon trap: reason=unstable_if action=reinterpret pc=0x000001d430ce1044 method=org.eclipse.jdt.internal.core.JavaElement.equals(Ljava/lang/Object;)Z @ 50 c2
Event: 423.466 Thread 0x000001d404bf80f0 DEOPT PACKING pc=0x000001d430ce1044 sp=0x00000090a79fcd80
Event: 423.466 Thread 0x000001d404bf80f0 DEOPT UNPACKING pc=0x000001d42fad3aa2 sp=0x00000090a79fcd18 mode 2
Event: 424.400 Thread 0x000001d404bf80f0 DEOPT PACKING pc=0x000001d42b4f31aa sp=0x00000090a79fce70
Event: 424.400 Thread 0x000001d404bf80f0 DEOPT UNPACKING pc=0x000001d42fad4242 sp=0x00000090a79fc2d0 mode 0
Event: 424.441 Thread 0x000001d404bf80f0 DEOPT PACKING pc=0x000001d42a11ea55 sp=0x00000090a79fcdb0
Event: 424.441 Thread 0x000001d404bf80f0 DEOPT UNPACKING pc=0x000001d42fad4242 sp=0x00000090a79fc228 mode 0
Event: 424.460 Thread 0x000001d404bf80f0 DEOPT PACKING pc=0x000001d42a11db44 sp=0x00000090a79fce30
Event: 424.460 Thread 0x000001d404bf80f0 DEOPT UNPACKING pc=0x000001d42fad4242 sp=0x00000090a79fc2b0 mode 0
Event: 426.473 Thread 0x000001d404bf80f0 Uncommon trap: trap_request=0xffffff45 fr.pc=0x000001d4311ded64 relative=0x00000000000014c4
Event: 426.473 Thread 0x000001d404bf80f0 Uncommon trap: reason=unstable_if action=reinterpret pc=0x000001d4311ded64 method=org.eclipse.jdt.internal.compiler.classfmt.FieldInfo.readConstantAttribute()V @ 149 c2
Event: 426.473 Thread 0x000001d404bf80f0 DEOPT PACKING pc=0x000001d4311ded64 sp=0x00000090a79fcbe0
Event: 426.473 Thread 0x000001d404bf80f0 DEOPT UNPACKING pc=0x000001d42fad3aa2 sp=0x00000090a79fcb98 mode 2
Event: 427.394 Thread 0x000001d404bf80f0 Uncommon trap: trap_request=0x00000586 fr.pc=0x000001d431429e50 relative=0x0000000000002cb0
Event: 427.394 Thread 0x000001d404bf80f0 Uncommon trap: reason=unloaded action=reinterpret pc=0x000001d431429e50 method=org.eclipse.jdt.internal.codeassist.CompletionEngine.checkCancel()V @ 19 c2
Event: 427.394 Thread 0x000001d404bf80f0 DEOPT PACKING pc=0x000001d431429e50 sp=0x00000090a79fd730
Event: 427.394 Thread 0x000001d404bf80f0 DEOPT UNPACKING pc=0x000001d42fad3aa2 sp=0x00000090a79fd6f0 mode 2

Classes loaded (20 events):
Event: 237.627 Loading class java/nio/BufferMismatch
Event: 237.627 Loading class java/nio/BufferMismatch done
Event: 265.158 Loading class java/util/Spliterators$IntArraySpliterator
Event: 265.159 Loading class java/util/Spliterators$IntArraySpliterator done
Event: 332.932 Loading class java/util/stream/Nodes$CollectorTask$OfRef
Event: 332.933 Loading class java/util/stream/Nodes$CollectorTask
Event: 332.938 Loading class java/util/stream/Nodes$CollectorTask done
Event: 332.938 Loading class java/util/stream/Nodes$CollectorTask$OfRef done
Event: 332.942 Loading class java/util/function/LongFunction
Event: 332.942 Loading class java/util/function/LongFunction done
Event: 332.942 Loading class java/util/stream/Nodes$ConcNode
Event: 332.942 Loading class java/util/stream/Nodes$AbstractConcNode
Event: 332.942 Loading class java/util/stream/Nodes$AbstractConcNode done
Event: 332.942 Loading class java/util/stream/Nodes$ConcNode done
Event: 332.953 Loading class java/io/ObjectOutputStream$BlockDataOutputStream
Event: 332.954 Loading class java/io/ObjectOutputStream$BlockDataOutputStream done
Event: 332.955 Loading class java/io/ObjectOutputStream$HandleTable
Event: 332.955 Loading class java/io/ObjectOutputStream$HandleTable done
Event: 332.955 Loading class java/io/ObjectOutputStream$ReplaceTable
Event: 332.956 Loading class java/io/ObjectOutputStream$ReplaceTable done

Classes unloaded (7 events):
Event: 20.670 Thread 0x000001d43bd1e950 Unloading class 0x000001d43d1a5000 'java/lang/invoke/LambdaForm$MH+0x000001d43d1a5000'
Event: 20.670 Thread 0x000001d43bd1e950 Unloading class 0x000001d43d1a4c00 'java/lang/invoke/LambdaForm$MH+0x000001d43d1a4c00'
Event: 20.670 Thread 0x000001d43bd1e950 Unloading class 0x000001d43d1a4800 'java/lang/invoke/LambdaForm$MH+0x000001d43d1a4800'
Event: 20.670 Thread 0x000001d43bd1e950 Unloading class 0x000001d43d1a4400 'java/lang/invoke/LambdaForm$MH+0x000001d43d1a4400'
Event: 20.670 Thread 0x000001d43bd1e950 Unloading class 0x000001d43d1a4000 'java/lang/invoke/LambdaForm$BMH+0x000001d43d1a4000'
Event: 20.670 Thread 0x000001d43bd1e950 Unloading class 0x000001d43d1a3c00 'java/lang/invoke/LambdaForm$DMH+0x000001d43d1a3c00'
Event: 20.670 Thread 0x000001d43bd1e950 Unloading class 0x000001d43d1a2800 'java/lang/invoke/LambdaForm$DMH+0x000001d43d1a2800'

Classes redefined (0 events):
No events

Internal exceptions (20 events):
Event: 401.153 Thread 0x000001d404bf80f0 Exception <a 'java/lang/ArrayIndexOutOfBoundsException'{0x00000000d5949398}> (0x00000000d5949398) 
thrown [s\src\hotspot\share\runtime\sharedRuntime.cpp, line 625]
Event: 401.153 Thread 0x000001d404bf80f0 Exception <a 'java/lang/ArrayIndexOutOfBoundsException'{0x00000000d5949720}> (0x00000000d5949720) 
thrown [s\src\hotspot\share\runtime\sharedRuntime.cpp, line 625]
Event: 404.170 Thread 0x000001d404bf80f0 Exception <a 'java/lang/ArrayIndexOutOfBoundsException'{0x00000000d574a530}> (0x00000000d574a530) 
thrown [s\src\hotspot\share\runtime\sharedRuntime.cpp, line 625]
Event: 404.170 Thread 0x000001d404bf80f0 Exception <a 'java/lang/ArrayIndexOutOfBoundsException'{0x00000000d574adb0}> (0x00000000d574adb0) 
thrown [s\src\hotspot\share\runtime\sharedRuntime.cpp, line 625]
Event: 404.170 Thread 0x000001d404bf80f0 Exception <a 'java/lang/ArrayIndexOutOfBoundsException'{0x00000000d574b138}> (0x00000000d574b138) 
thrown [s\src\hotspot\share\runtime\sharedRuntime.cpp, line 625]
Event: 407.991 Thread 0x000001d47dd03240 Exception <a 'sun/nio/fs/WindowsException'{0x00000000d558fc80}> (0x00000000d558fc80) 
thrown [s\src\hotspot\share\prims\jni.cpp, line 520]
Event: 409.001 Thread 0x000001d47dd03240 Exception <a 'sun/nio/fs/WindowsException'{0x00000000d56c10c0}> (0x00000000d56c10c0) 
thrown [s\src\hotspot\share\prims\jni.cpp, line 520]
Event: 414.334 Thread 0x000001d405a26b70 Exception <a 'java/lang/ClassNotFoundException'{0x00000000d562b260}: sun/net/www/protocol/jdt/Handler> (0x00000000d562b260) 
thrown [s\src\hotspot\share\classfile\systemDictionary.cpp, line 312]
Event: 414.361 Thread 0x000001d405a257c0 Exception <a 'java/lang/ClassNotFoundException'{0x00000000d57389d8}: sun/net/www/protocol/jdt/Handler> (0x00000000d57389d8) 
thrown [s\src\hotspot\share\classfile\systemDictionary.cpp, line 312]
Event: 415.157 Thread 0x000001d405a26b70 Exception <a 'java/lang/ClassNotFoundException'{0x00000000d59b67b0}: sun/net/www/protocol/jdt/Handler> (0x00000000d59b67b0) 
thrown [s\src\hotspot\share\classfile\systemDictionary.cpp, line 312]
Event: 415.348 Thread 0x000001d405a257c0 Exception <a 'java/lang/ClassNotFoundException'{0x00000000d56773e0}: sun/net/www/protocol/jdt/Handler> (0x00000000d56773e0) 
thrown [s\src\hotspot\share\classfile\systemDictionary.cpp, line 312]
Event: 416.937 Thread 0x000001d405a257c0 Implicit null exception at 0x000001d4314a2bdb to 0x000001d4314a33d4
Event: 417.270 Thread 0x000001d404bf80f0 Exception <a 'java/lang/ArrayIndexOutOfBoundsException'{0x00000000d5623070}> (0x00000000d5623070) 
thrown [s\src\hotspot\share\runtime\sharedRuntime.cpp, line 625]
Event: 417.270 Thread 0x000001d404bf80f0 Exception <a 'java/lang/ArrayIndexOutOfBoundsException'{0x00000000d56236a8}> (0x00000000d56236a8) 
thrown [s\src\hotspot\share\runtime\sharedRuntime.cpp, line 625]
Event: 417.270 Thread 0x000001d404bf80f0 Exception <a 'java/lang/ArrayIndexOutOfBoundsException'{0x00000000d5623c78}> (0x00000000d5623c78) 
thrown [s\src\hotspot\share\runtime\sharedRuntime.cpp, line 625]
Event: 419.938 Thread 0x000001d405a26b70 Exception <a 'java/lang/ClassNotFoundException'{0x00000000d5583ec8}: sun/net/www/protocol/jdt/Handler> (0x00000000d5583ec8) 
thrown [s\src\hotspot\share\classfile\systemDictionary.cpp, line 312]
Event: 419.951 Thread 0x000001d405a28c40 Exception <a 'java/lang/ClassNotFoundException'{0x00000000d578fc60}: sun/net/www/protocol/jdt/Handler> (0x00000000d578fc60) 
thrown [s\src\hotspot\share\classfile\systemDictionary.cpp, line 312]
Event: 421.407 Thread 0x000001d47dd03240 Exception <a 'sun/nio/fs/WindowsException'{0x00000000d5586328}> (0x00000000d5586328) 
thrown [s\src\hotspot\share\prims\jni.cpp, line 520]
Event: 422.371 Thread 0x000001d404bf80f0 Exception <a 'java/lang/ArrayIndexOutOfBoundsException'{0x00000000d5586738}> (0x00000000d5586738) 
thrown [s\src\hotspot\share\runtime\sharedRuntime.cpp, line 625]
Event: 423.006 Thread 0x000001d47dd03240 Exception <a 'sun/nio/fs/WindowsException'{0x00000000d558c948}> (0x00000000d558c948) 
thrown [s\src\hotspot\share\prims\jni.cpp, line 520]

ZGC Phase Switch (0 events):
No events

VM Operations (20 events):
Event: 427.160 Executing VM operation: ParallelGCFailedAllocation (Allocation Failure)
Event: 427.164 Executing VM operation: ParallelGCFailedAllocation (Allocation Failure) done
Event: 427.185 Executing VM operation: ParallelGCFailedAllocation (Allocation Failure)
Event: 427.188 Executing VM operation: ParallelGCFailedAllocation (Allocation Failure) done
Event: 427.211 Executing VM operation: ParallelGCFailedAllocation (Allocation Failure)
Event: 427.215 Executing VM operation: ParallelGCFailedAllocation (Allocation Failure) done
Event: 427.236 Executing VM operation: ParallelGCFailedAllocation (Allocation Failure)
Event: 427.239 Executing VM operation: ParallelGCFailedAllocation (Allocation Failure) done
Event: 427.261 Executing VM operation: ParallelGCFailedAllocation (Allocation Failure)
Event: 427.266 Executing VM operation: ParallelGCFailedAllocation (Allocation Failure) done
Event: 427.288 Executing VM operation: ParallelGCFailedAllocation (Allocation Failure)
Event: 427.294 Executing VM operation: ParallelGCFailedAllocation (Allocation Failure) done
Event: 427.319 Executing VM operation: ParallelGCFailedAllocation (Allocation Failure)
Event: 427.324 Executing VM operation: ParallelGCFailedAllocation (Allocation Failure) done
Event: 427.350 Executing VM operation: ParallelGCFailedAllocation (Allocation Failure)
Event: 427.354 Executing VM operation: ParallelGCFailedAllocation (Allocation Failure) done
Event: 427.377 Executing VM operation: ParallelGCFailedAllocation (Allocation Failure)
Event: 427.383 Executing VM operation: ParallelGCFailedAllocation (Allocation Failure) done
Event: 427.413 Executing VM operation: ParallelGCFailedAllocation (Allocation Failure)
Event: 427.418 Executing VM operation: ParallelGCFailedAllocation (Allocation Failure) done

Memory protections (0 events):
No events

Nmethod flushes (20 events):
Event: 235.120 Thread 0x000001d43bd1e950 flushing  nmethod 0x000001d429962390
Event: 235.120 Thread 0x000001d43bd1e950 flushing  nmethod 0x000001d429964290
Event: 235.120 Thread 0x000001d43bd1e950 flushing osr nmethod 0x000001d429964610
Event: 235.120 Thread 0x000001d43bd1e950 flushing  nmethod 0x000001d429967010
Event: 235.120 Thread 0x000001d43bd1e950 flushing  nmethod 0x000001d429968090
Event: 235.120 Thread 0x000001d43bd1e950 flushing  nmethod 0x000001d42996e890
Event: 235.120 Thread 0x000001d43bd1e950 flushing  nmethod 0x000001d42996fc90
Event: 235.120 Thread 0x000001d43bd1e950 flushing  nmethod 0x000001d429971510
Event: 235.120 Thread 0x000001d43bd1e950 flushing  nmethod 0x000001d429973a10
Event: 235.120 Thread 0x000001d43bd1e950 flushing  nmethod 0x000001d429975110
Event: 235.120 Thread 0x000001d43bd1e950 flushing  nmethod 0x000001d429975f10
Event: 235.120 Thread 0x000001d43bd1e950 flushing  nmethod 0x000001d429976590
Event: 235.120 Thread 0x000001d43bd1e950 flushing  nmethod 0x000001d429976c90
Event: 235.120 Thread 0x000001d43bd1e950 flushing  nmethod 0x000001d429977490
Event: 235.120 Thread 0x000001d43bd1e950 flushing osr nmethod 0x000001d429978010
Event: 235.120 Thread 0x000001d43bd1e950 flushing  nmethod 0x000001d429993e90
Event: 235.120 Thread 0x000001d43bd1e950 flushing  nmethod 0x000001d42999a810
Event: 235.120 Thread 0x000001d43bd1e950 flushing  nmethod 0x000001d4299c3c10
Event: 235.120 Thread 0x000001d43bd1e950 flushing  nmethod 0x000001d4299c4690
Event: 235.120 Thread 0x000001d43bd1e950 flushing  nmethod 0x000001d4299c5c90

Events (20 events):
Event: 295.044 Thread 0x000001d40489e3a0 Thread exited: 0x000001d40489e3a0
Event: 332.929 Thread 0x000001d47dd045f0 Thread added: 0x000001d416598710
Event: 332.943 Thread 0x000001d416598710 Thread exited: 0x000001d416598710
Event: 334.562 Thread 0x000001d416595290 Thread exited: 0x000001d416595290
Event: 337.285 Thread 0x000001d404bf6020 Thread exited: 0x000001d404bf6020
Event: 349.773 Thread 0x000001d405a24aa0 Thread exited: 0x000001d405a24aa0
Event: 349.788 Thread 0x000001d405a23d80 Thread exited: 0x000001d405a23d80
Event: 380.949 Thread 0x000001d404bf8e10 Thread exited: 0x000001d404bf8e10
Event: 400.051 Thread 0x000001d43bdaa380 Thread added: 0x000001d40489e3a0
Event: 400.375 Thread 0x000001d40489e3a0 Thread exited: 0x000001d40489e3a0
Event: 400.560 Thread 0x000001d43bd35050 Thread added: 0x000001d40489fee0
Event: 401.147 Thread 0x000001d40489fee0 Thread exited: 0x000001d40489fee0
Event: 401.284 Thread 0x000001d43bdaa380 Thread added: 0x000001d40489e3a0
Event: 402.128 Thread 0x000001d40489e3a0 Thread exited: 0x000001d40489e3a0
Event: 404.202 Thread 0x000001d43bd35050 Thread added: 0x000001d40489e3a0
Event: 405.694 Thread 0x000001d40489e3a0 Thread exited: 0x000001d40489e3a0
Event: 408.126 Thread 0x000001d47dd045f0 Thread added: 0x000001d4165924a0
Event: 408.757 Thread 0x000001d404bf8780 Thread added: 0x000001d416592b30
Event: 414.393 Thread 0x000001d43bd35050 Thread added: 0x000001d40489e3a0
Event: 415.292 Thread 0x000001d40489e3a0 Thread exited: 0x000001d40489e3a0


Dynamic libraries:
0x00007ff71b220000 - 0x00007ff71b22e000 	c:\Users\PC\.vscode\extensions\redhat.java-1.43.1-win32-x64\jre\21.0.7-win32-x86_64\bin\java.exe
0x00007ffcfe990000 - 0x00007ffcfeb88000 	C:\Windows\SYSTEM32\ntdll.dll
0x00007ffcfd9d0000 - 0x00007ffcfda92000 	C:\Windows\System32\KERNEL32.DLL
0x00007ffcfc680000 - 0x00007ffcfc976000 	C:\Windows\System32\KERNELBASE.dll
0x00007ffcfc420000 - 0x00007ffcfc520000 	C:\Windows\System32\ucrtbase.dll
0x00007ffce7eb0000 - 0x00007ffce7ec8000 	c:\Users\PC\.vscode\extensions\redhat.java-1.43.1-win32-x64\jre\21.0.7-win32-x86_64\bin\jli.dll
0x00007ffcfd820000 - 0x00007ffcfd9bd000 	C:\Windows\System32\USER32.dll
0x00007ffcfc240000 - 0x00007ffcfc262000 	C:\Windows\System32\win32u.dll
0x00007ffcfdfe0000 - 0x00007ffcfe00b000 	C:\Windows\System32\GDI32.dll
0x00007ffcfc120000 - 0x00007ffcfc239000 	C:\Windows\System32\gdi32full.dll
0x00007ffcfc2f0000 - 0x00007ffcfc38d000 	C:\Windows\System32\msvcp_win.dll
0x00007ffce7b00000 - 0x00007ffce7b1e000 	c:\Users\PC\.vscode\extensions\redhat.java-1.43.1-win32-x64\jre\21.0.7-win32-x86_64\bin\VCRUNTIME140.dll
0x00007ffced0b0000 - 0x00007ffced34a000 	C:\Windows\WinSxS\amd64_microsoft.windows.common-controls_6595b64144ccf1df_6.0.19041.5915_none_60b4b9d171f9c7c7\COMCTL32.dll
0x00007ffcfc9e0000 - 0x00007ffcfca7e000 	C:\Windows\System32\msvcrt.dll
0x00007ffcfc9b0000 - 0x00007ffcfc9df000 	C:\Windows\System32\IMM32.DLL
0x00007ffceae70000 - 0x00007ffceae7c000 	c:\Users\PC\.vscode\extensions\redhat.java-1.43.1-win32-x64\jre\21.0.7-win32-x86_64\bin\vcruntime140_1.dll
0x00007ffce6eb0000 - 0x00007ffce6f3d000 	c:\Users\PC\.vscode\extensions\redhat.java-1.43.1-win32-x64\jre\21.0.7-win32-x86_64\bin\msvcp140.dll
0x00007ffc76d20000 - 0x00007ffc77ab0000 	c:\Users\PC\.vscode\extensions\redhat.java-1.43.1-win32-x64\jre\21.0.7-win32-x86_64\bin\server\jvm.dll
0x00007ffcfe190000 - 0x00007ffcfe241000 	C:\Windows\System32\ADVAPI32.dll
0x00007ffcfe010000 - 0x00007ffcfe0af000 	C:\Windows\System32\sechost.dll
0x00007ffcfd1f0000 - 0x00007ffcfd313000 	C:\Windows\System32\RPCRT4.dll
0x00007ffcfc980000 - 0x00007ffcfc9a7000 	C:\Windows\System32\bcrypt.dll
0x00007ffcfe8e0000 - 0x00007ffcfe94b000 	C:\Windows\System32\WS2_32.dll
0x00007ffcfbe80000 - 0x00007ffcfbecb000 	C:\Windows\SYSTEM32\POWRPROF.dll
0x00007ffcf3de0000 - 0x00007ffcf3e07000 	C:\Windows\SYSTEM32\WINMM.dll
0x00007ffcf1be0000 - 0x00007ffcf1bea000 	C:\Windows\SYSTEM32\VERSION.dll
0x00007ffcfbe60000 - 0x00007ffcfbe72000 	C:\Windows\SYSTEM32\UMPDC.dll
0x00007ffcfa840000 - 0x00007ffcfa852000 	C:\Windows\SYSTEM32\kernel.appcore.dll
0x00007ffce7f60000 - 0x00007ffce7f6a000 	c:\Users\PC\.vscode\extensions\redhat.java-1.43.1-win32-x64\jre\21.0.7-win32-x86_64\bin\jimage.dll
0x00007ffcec7d0000 - 0x00007ffcec9d1000 	C:\Windows\SYSTEM32\DBGHELP.DLL
0x00007ffce8df0000 - 0x00007ffce8e24000 	C:\Windows\SYSTEM32\dbgcore.DLL
0x00007ffcfc390000 - 0x00007ffcfc412000 	C:\Windows\System32\bcryptPrimitives.dll
0x00007ffce7b90000 - 0x00007ffce7b9f000 	c:\Users\PC\.vscode\extensions\redhat.java-1.43.1-win32-x64\jre\21.0.7-win32-x86_64\bin\instrument.dll
0x00007ffce7a70000 - 0x00007ffce7a8f000 	c:\Users\PC\.vscode\extensions\redhat.java-1.43.1-win32-x64\jre\21.0.7-win32-x86_64\bin\java.dll
0x00007ffcfca80000 - 0x00007ffcfd1ee000 	C:\Windows\System32\SHELL32.dll
0x00007ffcf9660000 - 0x00007ffcf9e04000 	C:\Windows\SYSTEM32\windows.storage.dll
0x00007ffcfe380000 - 0x00007ffcfe6d3000 	C:\Windows\System32\combase.dll
0x00007ffcfb980000 - 0x00007ffcfb9ab000 	C:\Windows\SYSTEM32\Wldp.dll
0x00007ffcfe250000 - 0x00007ffcfe31d000 	C:\Windows\System32\OLEAUT32.dll
0x00007ffcfe6e0000 - 0x00007ffcfe78d000 	C:\Windows\System32\SHCORE.dll
0x00007ffcfe130000 - 0x00007ffcfe18b000 	C:\Windows\System32\shlwapi.dll
0x00007ffcfbf50000 - 0x00007ffcfbf75000 	C:\Windows\SYSTEM32\profapi.dll
0x00007ffce79f0000 - 0x00007ffce7a08000 	c:\Users\PC\.vscode\extensions\redhat.java-1.43.1-win32-x64\jre\21.0.7-win32-x86_64\bin\zip.dll
0x00007ffce7af0000 - 0x00007ffce7b00000 	C:\Users\PC\.vscode\extensions\redhat.java-1.43.1-win32-x64\jre\21.0.7-win32-x86_64\bin\net.dll
0x00007ffcf3870000 - 0x00007ffcf397a000 	C:\Windows\SYSTEM32\WINHTTP.dll
0x00007ffcfb6e0000 - 0x00007ffcfb74a000 	C:\Windows\system32\mswsock.dll
0x00007ffce7940000 - 0x00007ffce7956000 	C:\Users\PC\.vscode\extensions\redhat.java-1.43.1-win32-x64\jre\21.0.7-win32-x86_64\bin\nio.dll
0x00007ffce7ae0000 - 0x00007ffce7af0000 	c:\Users\PC\.vscode\extensions\redhat.java-1.43.1-win32-x64\jre\21.0.7-win32-x86_64\bin\verify.dll
0x00007ffce77c0000 - 0x00007ffce7805000 	C:\Users\PC\AppData\Roaming\Code\User\globalStorage\redhat.java\1.43.1\config_win\org.eclipse.equinox.launcher\org.eclipse.equinox.launcher.win32.win32.x86_64_1.2.1300.v20250331-1702\eclipse_11911.dll
0x00007ffcfdaa0000 - 0x00007ffcfdbcb000 	C:\Windows\System32\ole32.dll
0x00007ffcfb8e0000 - 0x00007ffcfb8f8000 	C:\Windows\SYSTEM32\CRYPTSP.dll
0x00007ffcfb000000 - 0x00007ffcfb038000 	C:\Windows\system32\rsaenh.dll
0x00007ffcfbed0000 - 0x00007ffcfbefe000 	C:\Windows\SYSTEM32\USERENV.dll
0x00007ffcfb8d0000 - 0x00007ffcfb8dc000 	C:\Windows\SYSTEM32\CRYPTBASE.dll
0x00007ffcfb3c0000 - 0x00007ffcfb3fb000 	C:\Windows\SYSTEM32\IPHLPAPI.DLL
0x00007ffcfe8d0000 - 0x00007ffcfe8d8000 	C:\Windows\System32\NSI.dll
0x00007ffce6be0000 - 0x00007ffce6c29000 	C:\Users\PC\AppData\Local\Temp\jna-1612920241\jna18120758188144019115.dll
0x00007ffcfdec0000 - 0x00007ffcfdec8000 	C:\Windows\System32\PSAPI.DLL
0x00007ffcf4690000 - 0x00007ffcf46a7000 	C:\Windows\SYSTEM32\dhcpcsvc6.DLL
0x00007ffcf4ee0000 - 0x00007ffcf4efd000 	C:\Windows\SYSTEM32\dhcpcsvc.DLL
0x00007ffcf3dc0000 - 0x00007ffcf3dce000 	C:\Users\PC\.vscode\extensions\redhat.java-1.43.1-win32-x64\jre\21.0.7-win32-x86_64\bin\sunmscapi.dll
0x00007ffcfc520000 - 0x00007ffcfc67d000 	C:\Windows\System32\CRYPT32.dll
0x00007ffcfb9f0000 - 0x00007ffcfba17000 	C:\Windows\SYSTEM32\ncrypt.dll
0x00007ffcfb9b0000 - 0x00007ffcfb9eb000 	C:\Windows\SYSTEM32\NTASN1.dll

dbghelp: loaded successfully - version: 4.0.5 - missing functions: none
symbol engine: initialized successfully - sym options: 0x614 - pdb path: .;c:\Users\PC\.vscode\extensions\redhat.java-1.43.1-win32-x64\jre\21.0.7-win32-x86_64\bin;C:\Windows\SYSTEM32;C:\Windows\WinSxS\amd64_microsoft.windows.common-controls_6595b64144ccf1df_6.0.19041.5915_none_60b4b9d171f9c7c7;c:\Users\PC\.vscode\extensions\redhat.java-1.43.1-win32-x64\jre\21.0.7-win32-x86_64\bin\server;C:\Users\PC\AppData\Roaming\Code\User\globalStorage\redhat.java\1.43.1\config_win\org.eclipse.equinox.launcher\org.eclipse.equinox.launcher.win32.win32.x86_64_1.2.1300.v20250331-1702;C:\Users\PC\AppData\Local\Temp\jna-1612920241

VM Arguments:
jvm_args: --add-modules=ALL-SYSTEM --add-opens=java.base/java.util=ALL-UNNAMED --add-opens=java.base/java.lang=ALL-UNNAMED --add-opens=java.base/sun.nio.fs=ALL-UNNAMED -Declipse.application=org.eclipse.jdt.ls.core.id1 -Dosgi.bundles.defaultStartLevel=4 -Declipse.product=org.eclipse.jdt.ls.core.product -Djava.import.generatesMetadataFilesAtProjectRoot=false -DDetectVMInstallationsJob.disabled=true -Dfile.encoding=utf8 -XX:+UseParallelGC -XX:GCTimeRatio=4 -XX:AdaptiveSizePolicyWeight=90 -Dsun.zip.disableMemoryMapping=true -Xmx2G -Xms100m -Xlog:disable -javaagent:c:\Users\PC\.vscode\extensions\redhat.java-1.43.1-win32-x64\lombok\lombok-1.18.39-4050.jar -XX:+HeapDumpOnOutOfMemoryError -XX:HeapDumpPath=c:\Users\PC\AppData\Roaming\Code\User\workspaceStorage\73074d77ffb52986d968374123969e44\redhat.java -Daether.dependencyCollector.impl=bf 
java_command: c:\Users\PC\.vscode\extensions\redhat.java-1.43.1-win32-x64\server\plugins\org.eclipse.equinox.launcher_1.7.0.v20250519-0528.jar -configuration c:\Users\PC\AppData\Roaming\Code\User\globalStorage\redhat.java\1.43.1\config_win -data c:\Users\PC\AppData\Roaming\Code\User\workspaceStorage\73074d77ffb52986d968374123969e44\redhat.java\jdt_ws --pipe=\\.\pipe\lsp-43afc0caef1d8aa18128ebf7f63ec176-sock
java_class_path (initial): c:\Users\PC\.vscode\extensions\redhat.java-1.43.1-win32-x64\server\plugins\org.eclipse.equinox.launcher_1.7.0.v20250519-0528.jar
Launcher Type: SUN_STANDARD

[Global flags]
    uintx AdaptiveSizePolicyWeight                 = 90                                        {product} {command line}
     intx CICompilerCount                          = 3                                         {product} {ergonomic}
    uintx GCTimeRatio                              = 4                                         {product} {command line}
     bool HeapDumpOnOutOfMemoryError               = true                                   {manageable} {command line}
    ccstr HeapDumpPath                             = c:\Users\PC\AppData\Roaming\Code\User\workspaceStorage\73074d77ffb52986d968374123969e44\redhat.java         {manageable} {command line}
   size_t InitialHeapSize                          = 104857600                                 {product} {command line}
   size_t MaxHeapSize                              = 2147483648                                {product} {command line}
   size_t MaxNewSize                               = 715653120                                 {product} {ergonomic}
   size_t MinHeapDeltaBytes                        = 524288                                    {product} {ergonomic}
   size_t MinHeapSize                              = 104857600                                 {product} {command line}
   size_t NewSize                                  = 34603008                                  {product} {ergonomic}
    uintx NonNMethodCodeHeapSize                   = 5832780                                {pd product} {ergonomic}
    uintx NonProfiledCodeHeapSize                  = 122912730                              {pd product} {ergonomic}
   size_t OldSize                                  = 70254592                                  {product} {ergonomic}
    uintx ProfiledCodeHeapSize                     = 122912730                              {pd product} {ergonomic}
    uintx ReservedCodeCacheSize                    = 251658240                              {pd product} {ergonomic}
     bool SegmentedCodeCache                       = true                                      {product} {ergonomic}
   size_t SoftMaxHeapSize                          = 2147483648                             {manageable} {ergonomic}
     bool UseCompressedOops                        = true                           {product lp64_product} {ergonomic}
     bool UseLargePagesIndividualAllocation        = false                                  {pd product} {ergonomic}
     bool UseParallelGC                            = true                                      {product} {command line}

Logging:
Log output configuration:
 #0: stdout all=off uptime,level,tags foldmultilines=false
 #1: stderr all=off uptime,level,tags foldmultilines=false

Environment Variables:
PATH=C:\Program Files\Java\jdk17\bin\java.exe;G:\Eclipse\apache-maven-3.9.9-src\bin;F:\bin\;C:\app\nouhaila\product\21c\dbhomeXE\bin;C:\Program Files\Python39\Scripts\;C:\Program Files\Java\jdk17\bin;C:\Program Files\Python39\;C:\Windows\system32;C:\Windows;C:\Windows\System32\Wbem;C:\Windows\System32\WindowsPowerShell\v1.0\;C:\Windows\System32\OpenSSH\;C:\Program Files\Git\cmd;C:\Python27\Scripts;C:\Program Files\Microchip\xc8\v2.31\bin;C:\Program Files\MySQL\MySQL Server 8.0\bin;C:\Program Files\Graphviz\bin;C:\php-8.4.4;G:\Eclipse\apache-maven-3.9.9-src;G:\RTI\rti_connext_dds-7.3.0\lib\x64Win64VS2017;G:\flutter_windows_3.29.2-stable\flutter\bin;G:\AndroidStudio\Sdk;G:\AndroidStudio\Sdk\build-tools;G:\FlutterCache\PUB_CACHE;C:\Program Files\Docker\Docker\resources\bin;G:\Nodered\;C:\ProgramData\chocolatey\bin;G:\apache-maven-3.9.10-bin\apache-maven-3.9.10\bin;C:\Program Files\Java\jdk17\bin\java.exe;C:\Users\PC\AppData\Local\Programs\Python\Python312\Scripts\;C:\Users\PC\AppData\Local\Programs\Python\Python312\;C:\Users\PC\AppData\Local\Microsoft\WindowsApps;C:\Users\PC\AppData\Roaming\Microsoft\Windows\Start Menu\Programs\Python 3.12;C:\Users\PC\AppData\Roaming\Microsoft\Windows\Start Menu\Programs\Python 3.12;C:\Users\PC\AppData\Roaming\Microsoft\Windows\Start Menu\Programs\Python 3.12;C:\Users\PC\AppData\Roaming\Microsoft\Windows\Start Menu\Programs\Python 3.12;C:\Users\PC\AppData\Roaming\Microsoft\Windows\Start Menu\Programs\Python 3.12;C:\Users\PC\AppData\Roaming\Microsoft\Windows\Start Menu\Programs\Python 3.12;C:\Users\PC\Downloads\windows_10_cmake_Release_graphviz-install-12.0.0-win64.exe;C:\Program Files (x86)\Graphviz2.38\bin;C:\Program Files\Graphviz\bin;C:\app\Microsoft VS Code\bin;C:\Users\PC\AppData\Roaming\npm
USERNAME=nouhaila
OS=Windows_NT
PROCESSOR_IDENTIFIER=Intel64 Family 6 Model 61 Stepping 4, GenuineIntel
TMP=C:\Users\PC\AppData\Local\Temp
TEMP=C:\Users\PC\AppData\Local\Temp




Periodic native trim disabled

---------------  S Y S T E M  ---------------

OS:
 Windows 10 , 64 bit Build 19041 (10.0.19041.5915)
OS uptime: 0 days 5:21 hours

CPU: total 4 (initial active 4) (2 cores per cpu, 2 threads per core) family 6 model 61 stepping 4 microcode 0x2d, cx8, cmov, fxsr, ht, mmx, 3dnowpref, sse, sse2, sse3, ssse3, sse4.1, sse4.2, popcnt, lzcnt, tsc, tscinvbit, avx, avx2, aes, erms, clmul, bmi1, bmi2, rtm, adx, fma, vzeroupper, clflush, rdtscp, f16c
Processor Information for the first 4 processors :
  Max Mhz: 2594, Current Mhz: 2594, Mhz Limit: 2594

Memory: 4k page, system-wide physical 8071M (334M free)
TotalPageFile size 19561M (AvailPageFile size 5M)
current process WorkingSet (physical memory assigned to process): 1584M, peak: 1642M
current process commit charge ("private bytes"): 1592M, peak: 1732M

vm_info: OpenJDK 64-Bit Server VM (21.0.7+6-LTS) for windows-amd64 JRE (21.0.7+6-LTS), built on 2025-04-15T00:00:00Z by "admin" with MS VC++ 17.7 (VS2022)

END.
